#
# A fatal error has been detected by the Java Runtime Environment:
#
#  SIGSEGV (0xb) at pc=0x00001234402fcde5, pid=12749, tid=12547
#
# JRE version: Java(TM) SE Runtime Environment (8.0_40-b27) (build 1.8.0_40-b27)
# Java VM: Java HotSpot(TM) 64-Bit Server VM (25.40-b25 mixed mode bsd-amd64 compressed oops)
# Problematic frame:
# C  [GeForceTeslaGLDriver+0x2fcde5]  gldBlitFramebufferData+0x5b5
#
# Failed to write core dump. Core dumps have been disabled. To enable core dumping, try "ulimit -c unlimited" before starting Java again
#
# If you would like to submit a bug report, please visit:
#   http://bugreport.java.com/bugreport/crash.jsp
#

---------------  T H R E A D  ---------------

Current thread is native thread

siginfo: si_signo: 11 (SIGSEGV), si_code: 1 (SEGV_MAPERR), si_addr: 0x000000000004112c

Registers:
RAX=0x0000000000041134, RBX=0x000000002d000000, RCX=0x000000000004112c, RDX=0x0000000000041130
RSP=0x000000011ea33d20, RBP=0x000000011ea33d60, RSI=0x0000000000000000, RDI=0x0000000000000000
R8 =0x0000000000041138, R9 =0x00000000fffff800, R10=0x000000000017f97b, R11=0x0000000000000246
R12=0x0000000000000000, R13=0x000000002c000000, R14=0x000000012bb7a000, R15=0x000000012bb7a000
RIP=0x00001234402fcde5, EFLAGS=0x0000000000010246, ERR=0x0000000000000004
  TRAPNO=0x000000000000000e

Top of Stack: (sp=0x000000011ea33d20)
0x000000011ea33d20:   0000123441b57060 0000000000000001
0x000000011ea33d30:   000000001ea33d60 000000012bd4d000
0x000000011ea33d40:   0000000000000000 00007ff6429313a0
0x000000011ea33d50:   000000012bb7a000 00007ff640e0d430
0x000000011ea33d60:   000000011ea33dc0 00001234402fcafd
0x000000011ea33d70:   00007ff640e04a10 0000000100000001
0x000000011ea33d80:   0000000000000004 000000012bb7a000
0x000000011ea33d90:   0000000000000000 000000012bb7a000
0x000000011ea33da0:   0000000000000028 00007ff6429313a0
0x000000011ea33db0:   00007ff6413a0000 00007ff640e0d430
0x000000011ea33dc0:   000000011ea33de0 0000000122d90089
0x000000011ea33dd0:   0000000000000000 00007ff642926400
0x000000011ea33de0:   000000011ea33e20 00007fff8483d15a
0x000000011ea33df0:   00007ff640e0d430 0000000000000003
0x000000011ea33e00:   000000012545a2a8 0000000000000000
0x000000011ea33e10:   00007ff642926400 0000000000000001
0x000000011ea33e20:   000000011ea33e60 00007fff8477849f
0x000000011ea33e30:   0000000000000000 000000012545a2a0
0x000000011ea33e40:   00007fff73e02b40 00007fff73e02b80
0x000000011ea33e50:   00007ff641fa6200 00000000000008ff
0x000000011ea33e60:   000000011ea33e80 00007fff84dc077e
0x000000011ea33e70:   0000000000000000 00007fff73e02b78
0x000000011ea33e80:   000000011ea33ea0 00007fff8c88fc13
0x000000011ea33e90:   0000000000000000 0000000000000000
0x000000011ea33ea0:   000000011ea33f00 00007fff8c89288f
0x000000011ea33eb0:   0000000000000000 0000000000000000
0x000000011ea33ec0:   0000000000000000 00007ff64103a038
0x000000011ea33ed0:   0000000000000000 0000000000000000
0x000000011ea33ee0:   00000000000008ff 0000000000003103
0x000000011ea33ef0:   000000011ea34000 0000000000000015
0x000000011ea33f00:   000000011ea33f10 00007fff8c8a0fe4
0x000000011ea33f10:   000000011ea33f50 00007fff90e70637 

Instructions: (pc=0x00001234402fcde5)
0x00001234402fcdc5:   11 04 00 48 8d 97 30 11 04 00 40 84 f6 bb 00 00
0x00001234402fcdd5:   00 2d 41 bd 00 00 00 2c 44 0f 45 eb 48 0f 45 c8
0x00001234402fcde5:   8b 19 49 0f 45 d0 8b 02 48 89 45 c8 4c 8b 47 68
0x00001234402fcdf5:   48 8b b7 68 11 04 00 48 8b 46 28 4c 8b 88 88 16 

Register to memory mapping:

RAX=0x0000000000041134 is an unknown value
RBX=0x000000002d000000 is an unknown value
RCX=0x000000000004112c is an unknown value
RDX=0x0000000000041130 is an unknown value
RSP=0x000000011ea33d20 is an unknown value
RBP=0x000000011ea33d60 is an unknown value
RSI=0x0000000000000000 is an unknown value
RDI=0x0000000000000000 is an unknown value
R8 =0x0000000000041138 is an unknown value
R9 =0x00000000fffff800 is an unknown value
R10=0x000000000017f97b is an unknown value
R11=0x0000000000000246 is an unknown value
R12=0x0000000000000000 is an unknown value
R13=0x000000002c000000 is an unknown value
R14=0x000000012bb7a000 is an unknown value
R15=0x000000012bb7a000 is an unknown value


Stack: [0x000000011e9b4000,0x000000011ea34000],  sp=0x000000011ea33d20,  free space=511k
Native frames: (J=compiled Java code, j=interpreted, Vv=VM code, C=native code)
C  [GeForceTeslaGLDriver+0x2fcde5]  gldBlitFramebufferData+0x5b5
C  [GeForceTeslaGLDriver+0x2fcafd]  gldBlitFramebufferData+0x2cd
C  [libGPUSupport.dylib+0x5089]  gldUnbindFramebuffer+0x22
C  [GLEngine+0x11b15a]  gleUnbindAndFreeFramebufferObject+0x6c
C  [GLEngine+0x5649f]  glDeleteFramebuffersEXT_Exec+0x104
C  [QuartzCore+0x8c77e]  _ZN2CA12_GLOBAL__N_113AsyncDeletion8callbackEPv+0x2e
C  [libdispatch.dylib+0x1c13]  _dispatch_client_callout+0x8
C  [libdispatch.dylib+0x488f]  _dispatch_root_queue_drain+0x3a7
C  [libdispatch.dylib+0x12fe4]  _dispatch_worker_thread3+0x5b
C  [libsystem_pthread.dylib+0x3637]  _pthread_wqthread+0x2d9
C  [libsystem_pthread.dylib+0x140d]  start_wqthread+0xd


---------------  P R O C E S S  ---------------

VM state:at safepoint (normal execution)

VM Mutex/Monitor currently owned by a thread:  ([mutex/lock_event])
[0x00007ff640d1ea10] Threads_lock - owner thread: 0x00007ff641837800

Heap:
 PSYoungGen      total 18944K, used 14853K [0x00000007aab00000, 0x00000007ac000000, 0x00000007c0000000)
  eden space 16384K, 75% used [0x00000007aab00000,0x00000007ab703a98,0x00000007abb00000)
  from space 2560K, 99% used [0x00000007abd80000,0x00000007abffdb88,0x00000007ac000000)
  to   space 2560K, 0% used [0x00000007abb00000,0x00000007abb00000,0x00000007abd80000)
 ParOldGen       total 44032K, used 5569K [0x0000000780000000, 0x0000000782b00000, 0x00000007aab00000)
  object space 44032K, 12% used [0x0000000780000000,0x0000000780570788,0x0000000782b00000)
 Metaspace       used 18258K, capacity 18485K, committed 18688K, reserved 1067008K
  class space    used 1909K, capacity 1995K, committed 2048K, reserved 1048576K

Card table byte_map: [0x000000011a9f5000,0x000000011abf6000] byte_map_base: 0x0000000116df5000

Marking Bits: (ParMarkBitMap*) 0x000000010aa0a7a0
 Begin Bits: [0x000000011af52000, 0x000000011bf52000)
 End Bits:   [0x000000011bf52000, 0x000000011cf52000)

Polling page: 0x000000010b1d9000

CodeCache: size=245760Kb used=4337Kb max_used=4337Kb free=241422Kb
 bounds [0x000000010b635000, 0x000000010ba75000, 0x000000011a635000]
 total_blobs=2106 nmethods=1231 adapters=791
 compilation: enabled

Compilation events (10 events):
Event: 11.503 Thread 0x00007ff64185b800 1232       3       sun.java2d.pipe.Region::getIntersection (21 bytes)
Event: 11.504 Thread 0x00007ff64185b800 nmethod 1232 0x000000010ba6f150 code [0x000000010ba6f2e0, 0x000000010ba6f7a8]
Event: 11.504 Thread 0x00007ff64185b800 1233       3       sun.java2d.pipe.Region::getIntersectionXYWH (18 bytes)
Event: 11.504 Thread 0x00007ff64185b800 nmethod 1233 0x000000010ba6f950 code [0x000000010ba6fae0, 0x000000010ba6fea8]
Event: 11.566 Thread 0x00007ff64185b800 1234       3       java.util.HashMap::remove (26 bytes)
Event: 11.567 Thread 0x00007ff64185b800 nmethod 1234 0x000000010ba6ffd0 code [0x000000010ba70160, 0x000000010ba70578]
Event: 11.567 Thread 0x00007ff64185b800 1235       3       java.util.HashMap::removeNode (291 bytes)
Event: 11.569 Thread 0x00007ff64185b800 nmethod 1235 0x000000010ba706d0 code [0x000000010ba70920, 0x000000010ba71b78]
Event: 11.631 Thread 0x00007ff64185b800 1236   !   3       sun.awt.AWTAutoShutdown::notifyThreadBusy (88 bytes)
Event: 11.633 Thread 0x00007ff64185b800 nmethod 1236 0x000000010ba72210 code [0x000000010ba723e0, 0x000000010ba72b78]

GC Heap History (4 events):
Event: 7.375 GC heap before
{Heap before GC invocations=1 (full 0):
 PSYoungGen      total 18944K, used 16338K [0x00000007aab00000, 0x00000007ac000000, 0x00000007c0000000)
  eden space 16384K, 99% used [0x00000007aab00000,0x00000007abaf4988,0x00000007abb00000)
  from space 2560K, 0% used [0x00000007abd80000,0x00000007abd80000,0x00000007ac000000)
  to   space 2560K, 0% used [0x00000007abb00000,0x00000007abb00000,0x00000007abd80000)
 ParOldGen       total 44032K, used 0K [0x0000000780000000, 0x0000000782b00000, 0x00000007aab00000)
  object space 44032K, 0% used [0x0000000780000000,0x0000000780000000,0x0000000782b00000)
 Metaspace       used 11619K, capacity 11860K, committed 12032K, reserved 1060864K
  class space    used 1363K, capacity 1452K, committed 1536K, reserved 1048576K
Event: 7.389 GC heap after
Heap after GC invocations=1 (full 0):
 PSYoungGen      total 18944K, used 2531K [0x00000007aab00000, 0x00000007ac000000, 0x00000007c0000000)
  eden space 16384K, 0% used [0x00000007aab00000,0x00000007aab00000,0x00000007abb00000)
  from space 2560K, 98% used [0x00000007abb00000,0x00000007abd78e08,0x00000007abd80000)
  to   space 2560K, 0% used [0x00000007abd80000,0x00000007abd80000,0x00000007ac000000)
 ParOldGen       total 44032K, used 3223K [0x0000000780000000, 0x0000000782b00000, 0x00000007aab00000)
  object space 44032K, 7% used [0x0000000780000000,0x0000000780325cf8,0x0000000782b00000)
 Metaspace       used 11619K, capacity 11860K, committed 12032K, reserved 1060864K
  class space    used 1363K, capacity 1452K, committed 1536K, reserved 1048576K
}
Event: 8.822 GC heap before
{Heap before GC invocations=2 (full 0):
 PSYoungGen      total 18944K, used 18915K [0x00000007aab00000, 0x00000007ac000000, 0x00000007c0000000)
  eden space 16384K, 100% used [0x00000007aab00000,0x00000007abb00000,0x00000007abb00000)
  from space 2560K, 98% used [0x00000007abb00000,0x00000007abd78e08,0x00000007abd80000)
  to   space 2560K, 0% used [0x00000007abd80000,0x00000007abd80000,0x00000007ac000000)
 ParOldGen       total 44032K, used 3223K [0x0000000780000000, 0x0000000782b00000, 0x00000007aab00000)
  object space 44032K, 7% used [0x0000000780000000,0x0000000780325cf8,0x0000000782b00000)
 Metaspace       used 17268K, capacity 17493K, committed 17792K, reserved 1064960K
  class space    used 1808K, capacity 1899K, committed 1920K, reserved 1048576K
Event: 8.835 GC heap after
Heap after GC invocations=2 (full 0):
 PSYoungGen      total 18944K, used 2550K [0x00000007aab00000, 0x00000007ac000000, 0x00000007c0000000)
  eden space 16384K, 0% used [0x00000007aab00000,0x00000007aab00000,0x00000007abb00000)
  from space 2560K, 99% used [0x00000007abd80000,0x00000007abffdb88,0x00000007ac000000)
  to   space 2560K, 0% used [0x00000007abb00000,0x00000007abb00000,0x00000007abd80000)
 ParOldGen       total 44032K, used 5569K [0x0000000780000000, 0x0000000782b00000, 0x00000007aab00000)
  object space 44032K, 12% used [0x0000000780000000,0x0000000780570788,0x0000000782b00000)
 Metaspace       used 17268K, capacity 17493K, committed 17792K, reserved 1064960K
  class space    used 1808K, capacity 1899K, committed 1920K, reserved 1048576K
}

Deoptimization events (10 events):
Event: 7.508 Thread 0x00007ff6418d5800 Uncommon trap: reason=class_check action=maybe_recompile pc=0x000000010b7ae658 method=java.lang.String.equals(Ljava/lang/Object;)Z @ 8
Event: 7.508 Thread 0x00007ff6418d5800 Uncommon trap: reason=class_check action=maybe_recompile pc=0x000000010b7ae658 method=java.lang.String.equals(Ljava/lang/Object;)Z @ 8
Event: 7.519 Thread 0x00007ff6418d5800 Uncommon trap: reason=unstable_if action=reinterpret pc=0x000000010b80b9a0 method=java.lang.CharacterData.of(I)Ljava/lang/CharacterData; @ 4
Event: 7.652 Thread 0x00007ff641cc2000 Uncommon trap: reason=unstable_if action=reinterpret pc=0x000000010b8aa064 method=java.lang.String.indexOf([CII[CIII)I @ 3
Event: 7.652 Thread 0x00007ff641cc2000 Uncommon trap: reason=unstable_if action=reinterpret pc=0x000000010b7ff694 method=java.lang.String.indexOf([CII[CIII)I @ 3
Event: 7.680 Thread 0x00007ff641cc2000 Uncommon trap: reason=unstable_if action=reinterpret pc=0x000000010b8c5a14 method=java.lang.String.lastIndexOf([CII[CIII)I @ 118
Event: 7.713 Thread 0x00007ff641cc2000 Uncommon trap: reason=unstable_if action=reinterpret pc=0x000000010b8a5ab8 method=java.lang.String.replace(CC)Ljava/lang/String; @ 26
Event: 9.807 Thread 0x00007ff6418d5800 Uncommon trap: reason=unstable_if action=reinterpret pc=0x000000010b73dbe8 method=java.lang.Integer.valueOf(I)Ljava/lang/Integer; @ 3
Event: 9.918 Thread 0x00007ff6418d5800 Uncommon trap: reason=unstable_if action=reinterpret pc=0x000000010ba43b6c method=processing.opengl.PGL.nativeToJavaARGB([III)V @ 168
Event: 9.959 Thread 0x00007ff6418d5800 Uncommon trap: reason=unstable_if action=reinterpret pc=0x000000010ba4613c method=processing.opengl.PGL.javaToNativeARGB([III)V @ 190

Internal exceptions (10 events):
Event: 0.372 Thread 0x00007ff641007000 Exception <a 'java/security/PrivilegedActionException'> (0x00000007aaca9668) thrown at [/Users/java_re/workspace/8-2-build-macosx-x86_64/jdk8u40/3153/hotspot/src/share/vm/prims/jvm.cpp, line 1382]
Event: 0.372 Thread 0x00007ff641007000 Exception <a 'java/security/PrivilegedActionException'> (0x00000007aacac858) thrown at [/Users/java_re/workspace/8-2-build-macosx-x86_64/jdk8u40/3153/hotspot/src/share/vm/prims/jvm.cpp, line 1382]
Event: 0.372 Thread 0x00007ff641007000 Exception <a 'java/security/PrivilegedActionException'> (0x00000007aacaca10) thrown at [/Users/java_re/workspace/8-2-build-macosx-x86_64/jdk8u40/3153/hotspot/src/share/vm/prims/jvm.cpp, line 1382]
Event: 1.648 Thread 0x00007ff641007000 Exception <a 'java/io/FileNotFoundException'> (0x00000007aacb1c18) thrown at [/Users/java_re/workspace/8-2-build-macosx-x86_64/jdk8u40/3153/hotspot/src/share/vm/prims/jni.cpp, line 709]
Event: 1.649 Thread 0x00007ff641007000 Exception <a 'java/io/FileNotFoundException'> (0x00000007aacb2730) thrown at [/Users/java_re/workspace/8-2-build-macosx-x86_64/jdk8u40/3153/hotspot/src/share/vm/prims/jni.cpp, line 709]
Event: 1.728 Thread 0x00007ff641007000 Exception <a 'java/lang/NoSuchFieldError': method resolution failed> (0x00000007aade9548) thrown at [/Users/java_re/workspace/8-2-build-macosx-x86_64/jdk8u40/3153/hotspot/src/share/vm/prims/methodHandles.cpp, line 1125]
Event: 1.738 Thread 0x00007ff641007000 Exception <a 'java/lang/NoSuchFieldError': method resolution failed> (0x00000007aadf7f88) thrown at [/Users/java_re/workspace/8-2-build-macosx-x86_64/jdk8u40/3153/hotspot/src/share/vm/prims/methodHandles.cpp, line 1125]
Event: 7.251 Thread 0x00007ff6418d5800 Exception <a 'java/io/FileNotFoundException'> (0x00000007ab36bee8) thrown at [/Users/java_re/workspace/8-2-build-macosx-x86_64/jdk8u40/3153/hotspot/src/share/vm/prims/jni.cpp, line 709]
Event: 7.323 Thread 0x00007ff6418d5800 Exception <a 'java/lang/NullPointerException'> (0x00000007ab86fe28) thrown at [/Users/java_re/workspace/8-2-build-macosx-x86_64/jdk8u40/3153/hotspot/src/share/vm/interpreter/linkResolver.cpp, line 1280]
Event: 7.715 Thread 0x00007ff641cc2000 Exception <a 'java/lang/UnsatisfiedLinkError': com.jogamp.common.util.JarUtil.fixNativeLibAttribs(Ljava/lang/String;)Z> (0x00000007aafafe20) thrown at [/Users/java_re/workspace/8-2-build-macosx-x86_64/jdk8u40/3153/hotspot/src/share/vm/prims/nativeLookup.c

Events (10 events):
Event: 11.646 loading class com/jogamp/nativewindow/egl/EGLGraphicsDevice$EGLDisplayLifecycleCallback
Event: 11.646 loading class com/jogamp/nativewindow/egl/EGLGraphicsDevice$EGLDisplayLifecycleCallback done
Event: 11.646 loading class jogamp/opengl/egl/EGLDisplayUtil$1
Event: 11.646 loading class jogamp/opengl/egl/EGLDisplayUtil$1 done
Event: 11.646 Executing VM operation: RevokeBias
Event: 11.647 Executing VM operation: RevokeBias done
Event: 11.647 Executing VM operation: RevokeBias
Event: 11.647 Executing VM operation: RevokeBias done
Event: 11.647 Thread 0x00007ff6418d8000 Thread exited: 0x00007ff6418d8000
Event: 11.648 Executing VM operation: Exit


Dynamic libraries:
0x0000000002606000 	/System/Library/Frameworks/Cocoa.framework/Versions/A/Cocoa
0x0000000002606000 	/System/Library/Frameworks/Security.framework/Versions/A/Security
0x0000000002606000 	/System/Library/Frameworks/ApplicationServices.framework/Versions/A/ApplicationServices
0x0000000002606000 	/usr/lib/libz.1.dylib
0x0000000002606000 	/usr/lib/libSystem.B.dylib
0x0000000002606000 	/usr/lib/libobjc.A.dylib
0x0000000002606000 	/System/Library/Frameworks/CoreFoundation.framework/Versions/A/CoreFoundation
0x0000000002606000 	/System/Library/Frameworks/Foundation.framework/Versions/C/Foundation
0x0000000002606000 	/System/Library/Frameworks/AppKit.framework/Versions/C/AppKit
0x0000000002606000 	/System/Library/Frameworks/CoreData.framework/Versions/A/CoreData
0x0000000002606000 	/System/Library/PrivateFrameworks/RemoteViewServices.framework/Versions/A/RemoteViewServices
0x0000000002606000 	/System/Library/PrivateFrameworks/UIFoundation.framework/Versions/A/UIFoundation
0x0000000002606000 	/System/Library/Frameworks/IOSurface.framework/Versions/A/IOSurface
0x0000000002606000 	/System/Library/Frameworks/AudioToolbox.framework/Versions/A/AudioToolbox
0x0000000002606000 	/System/Library/Frameworks/AudioUnit.framework/Versions/A/AudioUnit
0x0000000002606000 	/System/Library/PrivateFrameworks/DataDetectorsCore.framework/Versions/A/DataDetectorsCore
0x0000000002606000 	/System/Library/PrivateFrameworks/DesktopServicesPriv.framework/Versions/A/DesktopServicesPriv
0x0000000002606000 	/System/Library/Frameworks/Carbon.framework/Versions/A/Frameworks/HIToolbox.framework/Versions/A/HIToolbox
0x0000000002606000 	/System/Library/Frameworks/QuartzCore.framework/Versions/A/QuartzCore
0x0000000002606000 	/System/Library/Frameworks/Carbon.framework/Versions/A/Frameworks/SpeechRecognition.framework/Versions/A/SpeechRecognition
0x0000000002606000 	/usr/lib/libauto.dylib
0x0000000002606000 	/usr/lib/libicucore.A.dylib
0x0000000002606000 	/usr/lib/libxml2.2.dylib
0x0000000002606000 	/System/Library/PrivateFrameworks/CoreUI.framework/Versions/A/CoreUI
0x0000000002606000 	/System/Library/Frameworks/CoreAudio.framework/Versions/A/CoreAudio
0x0000000002606000 	/System/Library/Frameworks/DiskArbitration.framework/Versions/A/DiskArbitration
0x0000000002606000 	/usr/lib/liblangid.dylib
0x0000000002606000 	/System/Library/PrivateFrameworks/MultitouchSupport.framework/Versions/A/MultitouchSupport
0x0000000002606000 	/System/Library/Frameworks/IOKit.framework/Versions/A/IOKit
0x0000000002606000 	/usr/lib/libDiagnosticMessagesClient.dylib
0x0000000002606000 	/System/Library/Frameworks/CoreServices.framework/Versions/A/CoreServices
0x0000000002606000 	/System/Library/PrivateFrameworks/PerformanceAnalysis.framework/Versions/A/PerformanceAnalysis
0x0000000002606000 	/System/Library/PrivateFrameworks/GenerationalStorage.framework/Versions/A/GenerationalStorage
0x0000000002606000 	/System/Library/Frameworks/OpenGL.framework/Versions/A/OpenGL
0x0000000002606000 	/System/Library/PrivateFrameworks/Sharing.framework/Versions/A/Sharing
0x0000000002606000 	/System/Library/Frameworks/CoreGraphics.framework/Versions/A/CoreGraphics
0x0000000002606000 	/System/Library/Frameworks/CoreText.framework/Versions/A/CoreText
0x0000000002606000 	/System/Library/Frameworks/ImageIO.framework/Versions/A/ImageIO
0x0000000002606000 	/usr/lib/libextension.dylib
0x0000000002606000 	/System/Library/PrivateFrameworks/Backup.framework/Versions/A/Backup
0x0000000002606000 	/usr/lib/libarchive.2.dylib
0x0000000002606000 	/System/Library/Frameworks/CFNetwork.framework/Versions/A/CFNetwork
0x0000000002606000 	/System/Library/Frameworks/SystemConfiguration.framework/Versions/A/SystemConfiguration
0x0000000002606000 	/usr/lib/libCRFSuite.dylib
0x0000000002606000 	/usr/lib/libc++.1.dylib
0x0000000002606000 	/usr/lib/libc++abi.dylib
0x0000000002606000 	/usr/lib/system/libcache.dylib
0x0000000002606000 	/usr/lib/system/libcommonCrypto.dylib
0x0000000002606000 	/usr/lib/system/libcompiler_rt.dylib
0x0000000002606000 	/usr/lib/system/libcopyfile.dylib
0x0000000002606000 	/usr/lib/system/libcorecrypto.dylib
0x0000000002606000 	/usr/lib/system/libdispatch.dylib
0x0000000002606000 	/usr/lib/system/libdyld.dylib
0x0000000002606000 	/usr/lib/system/libkeymgr.dylib
0x0000000002606000 	/usr/lib/system/liblaunch.dylib
0x0000000002606000 	/usr/lib/system/libmacho.dylib
0x0000000002606000 	/usr/lib/system/libquarantine.dylib
0x0000000002606000 	/usr/lib/system/libremovefile.dylib
0x0000000002606000 	/usr/lib/system/libsystem_asl.dylib
0x0000000002606000 	/usr/lib/system/libsystem_blocks.dylib
0x0000000002606000 	/usr/lib/system/libsystem_c.dylib
0x0000000002606000 	/usr/lib/system/libsystem_configuration.dylib
0x0000000002606000 	/usr/lib/system/libsystem_coreservices.dylib
0x0000000002606000 	/usr/lib/system/libsystem_coretls.dylib
0x0000000002606000 	/usr/lib/system/libsystem_dnssd.dylib
0x0000000002606000 	/usr/lib/system/libsystem_info.dylib
0x0000000002606000 	/usr/lib/system/libsystem_kernel.dylib
0x0000000002606000 	/usr/lib/system/libsystem_m.dylib
0x0000000002606000 	/usr/lib/system/libsystem_malloc.dylib
0x0000000002606000 	/usr/lib/system/libsystem_network.dylib
0x0000000002606000 	/usr/lib/system/libsystem_networkextension.dylib
0x0000000002606000 	/usr/lib/system/libsystem_notify.dylib
0x0000000002606000 	/usr/lib/system/libsystem_platform.dylib
0x0000000002606000 	/usr/lib/system/libsystem_pthread.dylib
0x0000000002606000 	/usr/lib/system/libsystem_sandbox.dylib
0x0000000002606000 	/usr/lib/system/libsystem_secinit.dylib
0x0000000002606000 	/usr/lib/system/libsystem_stats.dylib
0x0000000002606000 	/usr/lib/system/libsystem_trace.dylib
0x0000000002606000 	/usr/lib/system/libunc.dylib
0x0000000002606000 	/usr/lib/system/libunwind.dylib
0x0000000002606000 	/usr/lib/system/libxpc.dylib
0x0000000002606000 	/usr/lib/libbz2.1.0.dylib
0x0000000002606000 	/usr/lib/liblzma.5.dylib
0x0000000002606000 	/usr/lib/libbsm.0.dylib
0x0000000002606000 	/usr/lib/libsqlite3.dylib
0x0000000002606000 	/usr/lib/system/libkxld.dylib
0x0000000002606000 	/usr/lib/libxar.1.dylib
0x0000000002606000 	/usr/lib/libpam.2.dylib
0x0000000002606000 	/usr/lib/libOpenScriptingUtil.dylib
0x0000000002606000 	/System/Library/Frameworks/CoreServices.framework/Versions/A/Frameworks/FSEvents.framework/Versions/A/FSEvents
0x0000000002606000 	/System/Library/Frameworks/CoreServices.framework/Versions/A/Frameworks/CarbonCore.framework/Versions/A/CarbonCore
0x0000000002606000 	/System/Library/Frameworks/CoreServices.framework/Versions/A/Frameworks/Metadata.framework/Versions/A/Metadata
0x0000000002606000 	/System/Library/Frameworks/CoreServices.framework/Versions/A/Frameworks/OSServices.framework/Versions/A/OSServices
0x0000000002606000 	/System/Library/Frameworks/CoreServices.framework/Versions/A/Frameworks/SearchKit.framework/Versions/A/SearchKit
0x0000000002606000 	/System/Library/Frameworks/CoreServices.framework/Versions/A/Frameworks/AE.framework/Versions/A/AE
0x0000000002606000 	/System/Library/Frameworks/CoreServices.framework/Versions/A/Frameworks/LaunchServices.framework/Versions/A/LaunchServices
0x0000000002606000 	/System/Library/Frameworks/CoreServices.framework/Versions/A/Frameworks/DictionaryServices.framework/Versions/A/DictionaryServices
0x0000000002606000 	/System/Library/Frameworks/NetFS.framework/Versions/A/NetFS
0x0000000002606000 	/System/Library/PrivateFrameworks/NetAuth.framework/Versions/A/NetAuth
0x0000000002606000 	/System/Library/PrivateFrameworks/login.framework/Versions/A/Frameworks/loginsupport.framework/Versions/A/loginsupport
0x0000000002606000 	/System/Library/PrivateFrameworks/TCC.framework/Versions/A/TCC
0x0000000002606000 	/usr/lib/libmecabra.dylib
0x0000000002606000 	/System/Library/Frameworks/ApplicationServices.framework/Versions/A/Frameworks/ATS.framework/Versions/A/ATS
0x0000000002606000 	/System/Library/Frameworks/ApplicationServices.framework/Versions/A/Frameworks/ColorSync.framework/Versions/A/ColorSync
0x0000000002606000 	/System/Library/Frameworks/ApplicationServices.framework/Versions/A/Frameworks/HIServices.framework/Versions/A/HIServices
0x0000000002606000 	/System/Library/Frameworks/ApplicationServices.framework/Versions/A/Frameworks/LangAnalysis.framework/Versions/A/LangAnalysis
0x0000000002606000 	/System/Library/Frameworks/ApplicationServices.framework/Versions/A/Frameworks/PrintCore.framework/Versions/A/PrintCore
0x0000000002606000 	/System/Library/Frameworks/ApplicationServices.framework/Versions/A/Frameworks/QD.framework/Versions/A/QD
0x0000000002606000 	/System/Library/Frameworks/ApplicationServices.framework/Versions/A/Frameworks/SpeechSynthesis.framework/Versions/A/SpeechSynthesis
0x0000000002606000 	/System/Library/Frameworks/Accelerate.framework/Versions/A/Accelerate
0x0000000002606000 	/System/Library/Frameworks/Accelerate.framework/Versions/A/Frameworks/vImage.framework/Versions/A/vImage
0x0000000002606000 	/System/Library/Frameworks/Accelerate.framework/Versions/A/Frameworks/vecLib.framework/Versions/A/vecLib
0x0000000002606000 	/System/Library/Frameworks/Accelerate.framework/Versions/A/Frameworks/vecLib.framework/Versions/A/libvDSP.dylib
0x0000000002606000 	/System/Library/Frameworks/Accelerate.framework/Versions/A/Frameworks/vecLib.framework/Versions/A/libvMisc.dylib
0x0000000002606000 	/System/Library/Frameworks/Accelerate.framework/Versions/A/Frameworks/vecLib.framework/Versions/A/libLAPACK.dylib
0x0000000002606000 	/System/Library/Frameworks/Accelerate.framework/Versions/A/Frameworks/vecLib.framework/Versions/A/libBLAS.dylib
0x0000000002606000 	/System/Library/Frameworks/Accelerate.framework/Versions/A/Frameworks/vecLib.framework/Versions/A/libLinearAlgebra.dylib
0x0000000002606000 	/System/Library/Frameworks/ApplicationServices.framework/Versions/A/Frameworks/ATS.framework/Versions/A/Resources/libFontParser.dylib
0x0000000002606000 	/System/Library/Frameworks/ApplicationServices.framework/Versions/A/Frameworks/ATS.framework/Versions/A/Resources/libFontRegistry.dylib
0x0000000002606000 	/System/Library/PrivateFrameworks/AppleVPA.framework/Versions/A/AppleVPA
0x0000000002606000 	/System/Library/PrivateFrameworks/AppleJPEG.framework/Versions/A/AppleJPEG
0x0000000002606000 	/System/Library/Frameworks/ImageIO.framework/Versions/A/Resources/libJPEG.dylib
0x0000000002606000 	/System/Library/Frameworks/ImageIO.framework/Versions/A/Resources/libTIFF.dylib
0x0000000002606000 	/System/Library/Frameworks/ImageIO.framework/Versions/A/Resources/libPng.dylib
0x0000000002606000 	/System/Library/Frameworks/ImageIO.framework/Versions/A/Resources/libGIF.dylib
0x0000000002606000 	/System/Library/Frameworks/ImageIO.framework/Versions/A/Resources/libJP2.dylib
0x0000000002606000 	/System/Library/Frameworks/ImageIO.framework/Versions/A/Resources/libRadiance.dylib
0x0000000002606000 	/System/Library/Frameworks/CoreVideo.framework/Versions/A/CoreVideo
0x0000000002606000 	/System/Library/Frameworks/OpenGL.framework/Versions/A/Libraries/libGLU.dylib
0x0000000002606000 	/System/Library/Frameworks/OpenGL.framework/Versions/A/Libraries/libGFXShared.dylib
0x0000000002606000 	/System/Library/Frameworks/OpenGL.framework/Versions/A/Libraries/libGL.dylib
0x0000000002606000 	/System/Library/Frameworks/OpenGL.framework/Versions/A/Libraries/libGLImage.dylib
0x0000000002606000 	/System/Library/Frameworks/OpenGL.framework/Versions/A/Libraries/libCVMSPluginSupport.dylib
0x0000000002606000 	/System/Library/Frameworks/OpenGL.framework/Versions/A/Libraries/libCoreVMClient.dylib
0x0000000002606000 	/usr/lib/libcups.2.dylib
0x0000000002606000 	/System/Library/Frameworks/Kerberos.framework/Versions/A/Kerberos
0x0000000002606000 	/System/Library/Frameworks/GSS.framework/Versions/A/GSS
0x0000000002606000 	/usr/lib/libresolv.9.dylib
0x0000000002606000 	/usr/lib/libiconv.2.dylib
0x0000000002606000 	/System/Library/PrivateFrameworks/Heimdal.framework/Versions/A/Heimdal
0x0000000002606000 	/usr/lib/libheimdal-asn1.dylib
0x0000000002606000 	/System/Library/Frameworks/OpenDirectory.framework/Versions/A/OpenDirectory
0x0000000002606000 	/System/Library/PrivateFrameworks/CommonAuth.framework/Versions/A/CommonAuth
0x0000000002606000 	/System/Library/Frameworks/OpenDirectory.framework/Versions/A/Frameworks/CFOpenDirectory.framework/Versions/A/CFOpenDirectory
0x0000000002606000 	/System/Library/Frameworks/SecurityFoundation.framework/Versions/A/SecurityFoundation
0x0000000002606000 	/System/Library/PrivateFrameworks/LanguageModeling.framework/Versions/A/LanguageModeling
0x0000000002606000 	/usr/lib/libcmph.dylib
0x0000000002606000 	/System/Library/Frameworks/ServiceManagement.framework/Versions/A/ServiceManagement
0x0000000002606000 	/usr/lib/libxslt.1.dylib
0x0000000002606000 	/System/Library/Frameworks/Carbon.framework/Versions/A/Frameworks/Ink.framework/Versions/A/Ink
0x0000000002606000 	/System/Library/Frameworks/QuartzCore.framework/Versions/A/Frameworks/CoreImage.framework/Versions/A/CoreImage
0x0000000002606000 	/System/Library/PrivateFrameworks/CrashReporterSupport.framework/Versions/A/CrashReporterSupport
0x0000000002606000 	/System/Library/Frameworks/OpenCL.framework/Versions/A/OpenCL
0x0000000002606000 	/System/Library/PrivateFrameworks/FaceCore.framework/Versions/A/FaceCore
0x0000000002606000 	/System/Library/PrivateFrameworks/Ubiquity.framework/Versions/A/Ubiquity
0x0000000002606000 	/System/Library/PrivateFrameworks/IconServices.framework/Versions/A/IconServices
0x0000000002606000 	/System/Library/PrivateFrameworks/ChunkingLibrary.framework/Versions/A/ChunkingLibrary
0x0000000002606000 	/System/Library/PrivateFrameworks/Apple80211.framework/Versions/A/Apple80211
0x0000000002606000 	/System/Library/Frameworks/CoreWLAN.framework/Versions/A/CoreWLAN
0x0000000002606000 	/System/Library/Frameworks/IOBluetooth.framework/Versions/A/IOBluetooth
0x0000000002606000 	/System/Library/PrivateFrameworks/CoreWiFi.framework/Versions/A/CoreWiFi
0x0000000002606000 	/System/Library/Frameworks/CoreBluetooth.framework/Versions/A/CoreBluetooth
0x0000000002606000 	/System/Library/PrivateFrameworks/DebugSymbols.framework/Versions/A/DebugSymbols
0x0000000002606000 	/System/Library/PrivateFrameworks/CoreSymbolication.framework/Versions/A/CoreSymbolication
0x0000000002606000 	/System/Library/PrivateFrameworks/Symbolication.framework/Versions/A/Symbolication
0x0000000002606000 	/System/Library/PrivateFrameworks/SpeechRecognitionCore.framework/Versions/A/SpeechRecognitionCore
0x000000010a148000 	/Library/Java/JavaVirtualMachines/jdk1.8.0_40.jdk/Contents/Home/jre/lib/server/libjvm.dylib
0x0000000002606000 	/usr/lib/libstdc++.6.dylib
0x000000010b1cb000 	/Library/Java/JavaVirtualMachines/jdk1.8.0_40.jdk/Contents/Home/jre/lib/libverify.dylib
0x000000010b600000 	/Library/Java/JavaVirtualMachines/jdk1.8.0_40.jdk/Contents/Home/jre/lib/libjava.dylib
0x000000010b1e3000 	/Library/Java/JavaVirtualMachines/jdk1.8.0_40.jdk/Contents/Home/jre/lib/libzip.dylib
0x000000011e8ea000 	/System/Library/Frameworks/JavaVM.framework/Frameworks/JavaRuntimeSupport.framework/JavaRuntimeSupport
0x000000011e902000 	/System/Library/Frameworks/JavaVM.framework/Versions/A/Frameworks/JavaNativeFoundation.framework/Versions/A/JavaNativeFoundation
0x000000011e917000 	/System/Library/Frameworks/JavaVM.framework/Versions/A/JavaVM
0x0000000002606000 	/System/Library/Frameworks/Carbon.framework/Versions/A/Carbon
0x000000011e924000 	/System/Library/PrivateFrameworks/JavaLaunching.framework/Versions/A/JavaLaunching
0x0000000002606000 	/System/Library/Frameworks/Carbon.framework/Versions/A/Frameworks/CommonPanels.framework/Versions/A/CommonPanels
0x0000000002606000 	/System/Library/Frameworks/Carbon.framework/Versions/A/Frameworks/Help.framework/Versions/A/Help
0x0000000002606000 	/System/Library/Frameworks/Carbon.framework/Versions/A/Frameworks/ImageCapture.framework/Versions/A/ImageCapture
0x0000000002606000 	/System/Library/Frameworks/Carbon.framework/Versions/A/Frameworks/OpenScripting.framework/Versions/A/OpenScripting
0x0000000002606000 	/System/Library/Frameworks/Carbon.framework/Versions/A/Frameworks/Print.framework/Versions/A/Print
0x0000000002606000 	/System/Library/Frameworks/Carbon.framework/Versions/A/Frameworks/SecurityHI.framework/Versions/A/SecurityHI
0x00000001206d4000 	/Library/Java/JavaVirtualMachines/jdk1.8.0_40.jdk/Contents/Home/jre/lib/libawt.dylib
0x000000012077c000 	/Library/Java/JavaVirtualMachines/jdk1.8.0_40.jdk/Contents/Home/jre/lib/./libmlib_image.dylib
0x0000000120848000 	/Library/Java/JavaVirtualMachines/jdk1.8.0_40.jdk/Contents/Home/jre/lib/libawt_lwawt.dylib
0x00000001208fc000 	/Library/Java/JavaVirtualMachines/jdk1.8.0_40.jdk/Contents/Home/jre/lib/./libosxapp.dylib
0x0000000002606000 	/System/Library/Frameworks/ExceptionHandling.framework/Versions/A/ExceptionHandling
0x0000000002606000 	/System/Library/PrivateFrameworks/CoreServicesInternal.framework/Versions/A/CoreServicesInternal
0x0000000002606000 	/System/Library/PrivateFrameworks/CloudDocs.framework/Versions/A/CloudDocs
0x0000000002606000 	/System/Library/PrivateFrameworks/CoreDuet.framework/Versions/A/CoreDuet
0x0000000002606000 	/System/Library/Frameworks/CloudKit.framework/Versions/A/CloudKit
0x0000000002606000 	/System/Library/PrivateFrameworks/ProtocolBuffer.framework/Versions/A/ProtocolBuffer
0x0000000002606000 	/System/Library/PrivateFrameworks/CoreDuetDaemonProtocol.framework/Versions/A/CoreDuetDaemonProtocol
0x0000000002606000 	/System/Library/PrivateFrameworks/CoreDuetDebugLogging.framework/Versions/A/CoreDuetDebugLogging
0x0000000002606000 	/System/Library/PrivateFrameworks/MMCS.framework/Versions/A/MMCS
0x0000000002606000 	/System/Library/Frameworks/CoreLocation.framework/Versions/A/CoreLocation
0x0000000002606000 	/System/Library/PrivateFrameworks/ProtectedCloudStorage.framework/Versions/A/ProtectedCloudStorage
0x0000000002606000 	/System/Library/PrivateFrameworks/GeoServices.framework/Versions/A/GeoServices
0x0000000002606000 	/System/Library/Frameworks/CoreGraphics.framework/Versions/A/Resources/libCGCMS.A.dylib
0x0000000002606000 	/System/Library/Frameworks/CoreGraphics.framework/Versions/A/Resources/libRIP.A.dylib
0x0000000002606000 	/System/Library/Frameworks/CoreGraphics.framework/Versions/A/Resources/libCGXType.A.dylib
0x0000000002606000 	/System/Library/Frameworks/OpenCL.framework/Versions/A/Libraries/libcldcpuengine.dylib
0x0000000002606000 	/System/Library/PrivateFrameworks/DiskImages.framework/Versions/A/DiskImages
0x0000000002606000 	/System/Library/Frameworks/DiscRecording.framework/Versions/A/DiscRecording
0x0000000002606000 	/usr/lib/libcsfde.dylib
0x0000000002606000 	/usr/lib/libcurl.4.dylib
0x0000000002606000 	/System/Library/PrivateFrameworks/MediaKit.framework/Versions/A/MediaKit
0x0000000002606000 	/usr/lib/libCoreStorage.dylib
0x0000000002606000 	/System/Library/PrivateFrameworks/EFILogin.framework/Versions/A/EFILogin
0x0000000002606000 	/usr/lib/libutil.dylib
0x0000000002606000 	/System/Library/PrivateFrameworks/FindMyDevice.framework/Versions/A/FindMyDevice
0x0000000002606000 	/System/Library/Frameworks/LDAP.framework/Versions/A/LDAP
0x0000000002606000 	/usr/lib/libsasl2.2.dylib
0x0000000002606000 	/System/Library/PrivateFrameworks/CoreDaemon.framework/Versions/B/CoreDaemon
0x0000000002606000 	/usr/lib/libcrypto.0.9.8.dylib
0x0000000002606000 	/System/Library/PrivateFrameworks/AppleSRP.framework/Versions/A/AppleSRP
0x0000000002606000 	/System/Library/PrivateFrameworks/TrustEvaluationAgent.framework/Versions/A/TrustEvaluationAgent
0x0000000123857000 	cl_kernels
0x0000000123859000 	/System/Library/Frameworks/OpenCL.framework/Versions/A/Libraries/ImageFormats/unorm8_bgra.dylib
0x0000000123848000 	cl_kernels
0x0000000002606000 	/System/Library/PrivateFrameworks/FamilyControls.framework/Versions/A/FamilyControls
0x0000000002606000 	/System/Library/PrivateFrameworks/CommerceKit.framework/Versions/A/Frameworks/CommerceCore.framework/Versions/A/CommerceCore
0x0000000002606000 	/System/Library/PrivateFrameworks/SystemAdministration.framework/Versions/A/SystemAdministration
0x0000000002606000 	/System/Library/PrivateFrameworks/AppContainer.framework/Versions/A/AppContainer
0x0000000002606000 	/System/Library/PrivateFrameworks/SecCodeWrapper.framework/Versions/A/SecCodeWrapper
0x0000000002606000 	/System/Library/Frameworks/DirectoryService.framework/Versions/A/DirectoryService
0x0000000002606000 	/System/Library/PrivateFrameworks/LoginUIKit.framework/Versions/A/Frameworks/LoginUICore.framework/Versions/A/LoginUICore
0x0000000002606000 	/usr/lib/libodfde.dylib
0x0000000002606000 	/System/Library/Frameworks/OpenGL.framework/Versions/A/Resources/GLEngine.bundle/GLEngine
0x0000000002606000 	/System/Library/Frameworks/OpenGL.framework/Versions/A/Libraries/libGLProgrammability.dylib
0x0000000000000000 	/System/Library/Extensions/GeForceTeslaGLDriver.bundle/Contents/MacOS/GeForceTeslaGLDriver
0x0000000124b1f000 	/System/Library/Extensions/GeForceTeslaGLDriver.bundle/Contents/MacOS/libclh.dylib
0x0000000122d8b000 	/System/Library/PrivateFrameworks/GPUSupport.framework/Versions/A/Libraries/libGPUSupport.dylib
0x0000000002606000 	/System/Library/Frameworks/OpenGL.framework/Versions/A/Resources/GLRendererFloat.bundle/GLRendererFloat
0x00000001259e1000 	/Library/Java/JavaVirtualMachines/jdk1.8.0_40.jdk/Contents/Home/jre/lib/libfontmanager.dylib
0x0000000125a48000 	/Library/Java/JavaVirtualMachines/jdk1.8.0_40.jdk/Contents/Home/jre/lib/libosxui.dylib
0x0000000127bbc000 	/Library/Java/JavaVirtualMachines/jdk1.8.0_40.jdk/Contents/Home/jre/lib/libnet.dylib
0x0000000127c1b000 	/Library/Java/JavaVirtualMachines/jdk1.8.0_40.jdk/Contents/Home/jre/lib/libnio.dylib
0x0000000002606000 	/System/Library/Frameworks/Accelerate.framework/Versions/A/Frameworks/vImage.framework/Versions/A/Libraries/libCGInterfaces.dylib
0x0000000129220000 	/Library/Java/JavaVirtualMachines/jdk1.8.0_40.jdk/Contents/Home/jre/lib/libjpeg.dylib
0x0000000125cea000 	/private/var/folders/qb/fyk2pzts049fy26p5l3gqcf40000gn/T/jogamp_0000/file_cache/jln5319489029328302215/jln6561303414689991576/libgluegen-rt.jnilib
0x0000000125cee000 	/private/var/folders/qb/fyk2pzts049fy26p5l3gqcf40000gn/T/jogamp_0000/file_cache/jln5319489029328302215/jln6561303414689991576/libnativewindow_awt.jnilib
0x00000001271ad000 	/Library/Java/JavaVirtualMachines/jdk1.8.0_40.jdk/Contents/Home/jre/lib/libjawt.dylib
0x00000001271b0000 	/private/var/folders/qb/fyk2pzts049fy26p5l3gqcf40000gn/T/jogamp_0000/file_cache/jln5319489029328302215/jln6561303414689991576/libnativewindow_macosx.jnilib
0x000000012cb11000 	/private/var/folders/qb/fyk2pzts049fy26p5l3gqcf40000gn/T/jogamp_0000/file_cache/jln5319489029328302215/jln6561303414689991576/libjogl_desktop.jnilib

VM Arguments:
jvm_args: -Dfile.encoding=UTF-8 
java_command: main.Driver
java_class_path (initial): /Users/Luke/DecorativeMosaic/bin:/Users/Luke/DecorativeMosaic/lib/core.jar:/Users/Luke/DecorativeMosaic/lib/gluegen-rt.jar:/Users/Luke/DecorativeMosaic/lib/jogl-all.jar:/Users/Luke/DecorativeMosaic/lib/jogl-all-natives-macosx-universal.jar:/Applications/eclipse/plugins/org.junit_4.11.0.v201303080030/junit.jar:/Applications/eclipse/plugins/org.hamcrest.core_1.3.0.v201303031735.jar
Launcher Type: SUN_STANDARD

Environment Variables:
PATH=/usr/bin:/bin:/usr/sbin:/sbin
SHELL=/bin/bash

Signal Handlers:
SIGSEGV: [libjvm.dylib+0x58ef95], sa_mask[0]=11111111011111110111111111111111, sa_flags=SA_ONSTACK|SA_RESTART|SA_SIGINFO
SIGBUS: [libjvm.dylib+0x58ef95], sa_mask[0]=11111111011111110111111111111111, sa_flags=SA_RESTART|SA_SIGINFO
SIGFPE: [libjvm.dylib+0x46c118], sa_mask[0]=11111111011111110111111111111111, sa_flags=SA_RESTART|SA_SIGINFO
SIGPIPE: [libjvm.dylib+0x46c118], sa_mask[0]=11111111011111110111111111111111, sa_flags=SA_RESTART|SA_SIGINFO
SIGXFSZ: [libjvm.dylib+0x46c118], sa_mask[0]=11111111011111110111111111111111, sa_flags=SA_RESTART|SA_SIGINFO
SIGILL: [libjvm.dylib+0x46c118], sa_mask[0]=11111111011111110111111111111111, sa_flags=SA_RESTART|SA_SIGINFO
SIGUSR1: SIG_DFL, sa_mask[0]=00000000000000000000000000000000, sa_flags=none
SIGUSR2: [libjvm.dylib+0x46bc36], sa_mask[0]=00100000000000000000000000000000, sa_flags=SA_RESTART|SA_SIGINFO
SIGHUP: [libjvm.dylib+0x46a209], sa_mask[0]=11111111011111110111111111111111, sa_flags=SA_RESTART|SA_SIGINFO
SIGINT: [libjvm.dylib+0x46a209], sa_mask[0]=11111111011111110111111111111111, sa_flags=SA_RESTART|SA_SIGINFO
SIGTERM: [libjvm.dylib+0x46a209], sa_mask[0]=11111111011111110111111111111111, sa_flags=SA_RESTART|SA_SIGINFO
SIGQUIT: [libjvm.dylib+0x46a209], sa_mask[0]=11111111011111110111111111111111, sa_flags=SA_RESTART|SA_SIGINFO


---------------  S Y S T E M  ---------------

OS:Bsduname:Darwin 14.4.0 Darwin Kernel Version 14.4.0: Thu May 28 11:35:04 PDT 2015; root:xnu-2782.30.5~1/RELEASE_X86_64 x86_64
rlimit: STACK 8192k, CORE 0k, NPROC 709, NOFILE 10240, AS infinity
load average:1.78 2.17 2.22

CPU:total 2 (2 cores per cpu, 1 threads per core) family 6 model 23 stepping 10, cmov, cx8, fxsr, mmx, sse, sse2, sse3, ssse3, sse4.1, tsc

Memory: 4k page, physical 4194304k(442484k free)

/proc/meminfo:


vm_info: Java HotSpot(TM) 64-Bit Server VM (25.40-b25) for bsd-amd64 JRE (1.8.0_40-b27), built on Mar 13 2015 04:46:52 by "java_re" with gcc 4.2.1 (Based on Apple Inc. build 5658) (LLVM build 2336.11.00)

time: Mon Sep 21 17:32:31 2015
elapsed time: 11 seconds (0d 0h 0m 11s)

