#
# A fatal error has been detected by the Java Runtime Environment:
#
#  SIGSEGV (0xb) at pc=0x00007fff8f59d0e9, pid=13243, tid=1811
#
# JRE version: Java(TM) SE Runtime Environment (8.0_40-b27) (build 1.8.0_40-b27)
# Java VM: Java HotSpot(TM) 64-Bit Server VM (25.40-b25 mixed mode bsd-amd64 compressed oops)
# Problematic frame:
# C  [libobjc.A.dylib+0x10e9]  objc_msgSend+0x29
#
# Failed to write core dump. Core dumps have been disabled. To enable core dumping, try "ulimit -c unlimited" before starting Java again
#
# If you would like to submit a bug report, please visit:
#   http://bugreport.java.com/bugreport/crash.jsp
# The crash happened outside the Java Virtual Machine in native code.
# See problematic frame for where to report the bug.
#

---------------  T H R E A D  ---------------

Current thread (0x00007ff8238d4800):  JavaThread "AWT-AppKit" daemon [_thread_in_native, id=1811, stack(0x00007fff51461000,0x00007fff51c61000)]

siginfo: si_signo: 11 (SIGSEGV), si_code: 1 (SEGV_MAPERR), si_addr: 0x0000012800000928

Registers:
RAX=0x00007ff8253279a0, RBX=0x0000000129b703b0, RCX=0x0000000129335ba0, RDX=0x0000000129a5cb20
RSP=0x00007fff51c5c788, RBP=0x00007fff51c5c840, RSI=0x00007fff8660c41f, RDI=0x00007ff825324f60
R8 =0x0000000000000000, R9 =0x0000000000000f50, R10=0x0000012800000928, R11=0x000000010f695f10
R12=0x0000000000000000, R13=0x0000000130658990, R14=0x0000000129b703a0, R15=0x00007ff8238d4800
RIP=0x00007fff8f59d0e9, EFLAGS=0x0000000000010206, ERR=0x0000000000000004
  TRAPNO=0x000000000000000e

Top of Stack: (sp=0x00007fff51c5c788)
0x00007fff51c5c788:   0000000129b6e5d7 00007fff51c5c7e0
0x00007fff51c5c798:   0000000000000003 00007fff51c5c7c0
0x00007fff51c5c7a8:   000000010e7eb252 0000000130658990
0x00007fff51c5c7b8:   0000000130658990 00007ff8253279a0
0x00007fff51c5c7c8:   0000000129b705c0 0000000129b70640
0x00007fff51c5c7d8:   0000000129b703b0 00007fff74208550
0x00007fff51c5c7e8:   0000000129b705d0 00007fff72d70c80
0x00007fff51c5c7f8:   00007ff8253279a0 00007ff825324f60
0x00007fff51c5c808:   00007ff822db9300 00007ff8253279a0
0x00007fff51c5c818:   00007ff825324f60 00007fff51c5c8c0
0x00007fff51c5c828:   00007ff8238d49f8 0000000130658990
0x00007fff51c5c838:   00007fff51c5c8e8 00007fff51c5c8b0
0x00007fff51c5c848:   000000010f58d4d4 00007fff51c5c8b0
0x00007fff51c5c858:   000000010f58d259 000000010f599383
0x00007fff51c5c868:   000000010f58d222 00007fff51c5c870
0x00007fff51c5c878:   0000000130658990 00007fff51c5c8e8
0x00007fff51c5c888:   000000013065b180 0000000000000000
0x00007fff51c5c898:   0000000130658990 0000000000000000
0x00007fff51c5c8a8:   00007fff51c5c8d0 00007fff51c5c930
0x00007fff51c5c8b8:   000000010f58198d 00000007aaf05c90
0x00007fff51c5c8c8:   000000010f5892b8 00007ff8253279a0
0x00007fff51c5c8d8:   000000010f58aaf9 00007ff825324f60
0x00007fff51c5c8e8:   000000010f58aac2 00007fff51c5c8f0
0x00007fff51c5c8f8:   0000000130658b5a 00007fff51c5c958
0x00007fff51c5c908:   000000013065b180 0000000000000000
0x00007fff51c5c918:   0000000130658b68 00007fff51c5c8d0
0x00007fff51c5c928:   00007fff51c5c940 00007fff51c5c9a0
0x00007fff51c5c938:   000000010f58198d 00007ff8253279a0
0x00007fff51c5c948:   00000007aaf0a578 00007ff825324f60
0x00007fff51c5c958:   00000007aaf0a578 00007fff51c5c960
0x00007fff51c5c968:   0000000131204c7e 00007fff51c5c9b0
0x00007fff51c5c978:   0000000131204d38 0000000000000000 

Instructions: (pc=0x00007fff8f59d0e9)
0x00007fff8f59d0c9:   01 2e 75 7e 49 bb f8 ff ff ff ff 7f 00 00 4c 23
0x00007fff8f59d0d9:   1f 49 89 f2 45 23 53 18 49 c1 e2 04 4d 03 53 10
0x00007fff8f59d0e9:   49 3b 32 75 04 41 ff 62 08 49 83 3a 00 74 6a 4d
0x00007fff8f59d0f9:   3b 53 10 74 0d 49 83 ea 10 49 3b 32 75 eb 41 ff 

Register to memory mapping:

RAX=0x00007ff8253279a0 is an unknown value
RBX=0x0000000129b703b0: Java_jogamp_nativewindow_macosx_OSXUtil_GetScreenRefreshRate0+0x1850 in /private/var/folders/qb/fyk2pzts049fy26p5l3gqcf40000gn/T/jogamp_0000/file_cache/jln8968899813116254059/jln8550279183371812854/libnativewindow_macosx.jnilib at 0x0000000129b69000
RCX=0x0000000129335ba0 is an unknown value
RDX=0x0000000129a5cb20 is an unknown value
RSP=0x00007fff51c5c788 is pointing into the stack for thread: 0x00007ff8238d4800
RBP=0x00007fff51c5c840 is pointing into the stack for thread: 0x00007ff8238d4800
RSI=0x00007fff8660c41f is an unknown value
RDI=0x00007ff825324f60 is an unknown value
R8 =0x0000000000000000 is an unknown value
R9 =0x0000000000000f50 is an unknown value
R10=0x0000012800000928 is an unknown value
R11=0x000000010f695f10 is at entry_point+-432 in (nmethod*)0x000000010f695f10
R12=0x0000000000000000 is an unknown value
R13={method} {0x0000000130658990} 'UnsetJAWTRootSurfaceLayer0' '(JJ)V' in 'jogamp/nativewindow/jawt/macosx/MacOSXJAWTWindow'
R14=0x0000000129b703a0: Java_jogamp_nativewindow_macosx_OSXUtil_GetScreenRefreshRate0+0x1840 in /private/var/folders/qb/fyk2pzts049fy26p5l3gqcf40000gn/T/jogamp_0000/file_cache/jln8968899813116254059/jln8550279183371812854/libnativewindow_macosx.jnilib at 0x0000000129b69000
R15=0x00007ff8238d4800 is a thread


Stack: [0x00007fff51461000,0x00007fff51c61000],  sp=0x00007fff51c5c788,  free space=8173k
Native frames: (J=compiled Java code, j=interpreted, Vv=VM code, C=native code)
C  [libobjc.A.dylib+0x10e9]  objc_msgSend+0x29
j  jogamp.nativewindow.jawt.macosx.MacOSXJAWTWindow.UnsetJAWTRootSurfaceLayer0(JJ)V+0
j  jogamp.nativewindow.jawt.macosx.MacOSXJAWTWindow.access$200(JJ)V+2
j  jogamp.nativewindow.jawt.macosx.MacOSXJAWTWindow$1.run()V+38
j  com.jogamp.common.util.RunnableTask.run()V+24
v  ~StubRoutines::call_stub
V  [libjvm.dylib+0x2e036e]  JavaCalls::call_helper(JavaValue*, methodHandle*, JavaCallArguments*, Thread*)+0x6ae
V  [libjvm.dylib+0x316e2a]  jni_invoke_nonstatic(JNIEnv_*, JavaValue*, _jobject*, JNICallType, _jmethodID*, JNI_ArgumentPusher*, Thread*)+0x305
V  [libjvm.dylib+0x3095e5]  jni_CallVoidMethod+0x16b
C  [libnativewindow_macosx.jnilib+0x57ae]  Java_jogamp_nativewindow_jawt_macosx_MacOSXJAWTWindow_UnsetJAWTRootSurfaceLayer0+0x2be
C  [Foundation+0x92d00]  __NSThreadPerformPerform+0x125
C  [CoreFoundation+0x80a01]  __CFRUNLOOP_IS_CALLING_OUT_TO_A_SOURCE0_PERFORM_FUNCTION__+0x11
C  [CoreFoundation+0x72c5c]  __CFRunLoopDoSources0+0x1dc
C  [CoreFoundation+0x721bf]  __CFRunLoopRun+0x39f
C  [CoreFoundation+0x71bd8]  CFRunLoopRunSpecific+0x128
C  [HIToolbox+0x3256f]  RunCurrentEventLoopInMode+0xeb
C  [HIToolbox+0x322ea]  ReceiveNextEventCommon+0x1af
C  [HIToolbox+0x3212b]  _BlockUntilNextEventMatchingListInModeWithFilter+0x47
C  [AppKit+0x918ab]  _DPSNextEvent+0x3d2
C  [AppKit+0x90e58]  -[NSApplication nextEventMatchingMask:untilDate:inMode:dequeue:]+0x15a
C  [libosxapp.dylib+0x242a]  -[NSApplicationAWT nextEventMatchingMask:untilDate:inMode:dequeue:]+0x7c
C  [AppKit+0x86af3]  -[NSApplication run]+0x252
C  [libosxapp.dylib+0x223e]  +[NSApplicationAWT runAWTLoopWithApp:]+0x9c
C  [libawt_lwawt.dylib+0x4463b]  -[AWTStarter starter:]+0x389
C  [Foundation+0x92d00]  __NSThreadPerformPerform+0x125
C  [CoreFoundation+0x80a01]  __CFRUNLOOP_IS_CALLING_OUT_TO_A_SOURCE0_PERFORM_FUNCTION__+0x11
C  [CoreFoundation+0x72b8d]  __CFRunLoopDoSources0+0x10d
C  [CoreFoundation+0x721bf]  __CFRunLoopRun+0x39f
C  [CoreFoundation+0x71bd8]  CFRunLoopRunSpecific+0x128
C  [java+0x6490]  CreateExecutionEnvironment+0x367
C  [java+0x221c]  JLI_Launch+0x7a0
C  [java+0x84ed]  main+0x65
C  [java+0x1a74]  start+0x34
C  0x0000000000000005

Java frames: (J=compiled Java code, j=interpreted, Vv=VM code)
j  jogamp.nativewindow.jawt.macosx.MacOSXJAWTWindow.UnsetJAWTRootSurfaceLayer0(JJ)V+0
j  jogamp.nativewindow.jawt.macosx.MacOSXJAWTWindow.access$200(JJ)V+2
j  jogamp.nativewindow.jawt.macosx.MacOSXJAWTWindow$1.run()V+38
j  com.jogamp.common.util.RunnableTask.run()V+24
v  ~StubRoutines::call_stub

---------------  P R O C E S S  ---------------

Java Threads: ( => current thread )
  0x00007ff823b1b800 JavaThread "Animation Thread" [_thread_blocked, id=53951, stack(0x0000000130ebb000,0x0000000130fbb000)]
  0x00007ff823808000 JavaThread "DestroyJavaVM" [_thread_blocked, id=4867, stack(0x000000010e0b6000,0x000000010e1b6000)]
  0x00007ff823a00000 JavaThread "AWT-EventQueue-0" [_thread_blocked, id=49155, stack(0x0000000129958000,0x0000000129a58000)]
  0x00007ff82307c800 JavaThread "Java2D Disposer" daemon [_thread_blocked, id=48651, stack(0x00000001297b2000,0x00000001298b2000)]
  0x00007ff823976800 JavaThread "Java2D Queue Flusher" daemon [_thread_blocked, id=47371, stack(0x00000001288f0000,0x00000001289f0000)]
  0x00007ff8230f4800 JavaThread "AWT-Shutdown" [_thread_blocked, id=26643, stack(0x0000000125fc8000,0x00000001260c8000)]
=>0x00007ff8238d4800 JavaThread "AWT-AppKit" daemon [_thread_in_native, id=1811, stack(0x00007fff51461000,0x00007fff51c61000)]
  0x00007ff823840800 JavaThread "Service Thread" daemon [_thread_blocked, id=16643, stack(0x000000012446c000,0x000000012456c000)]
  0x00007ff82305c800 JavaThread "C1 CompilerThread1" daemon [_thread_blocked, id=16131, stack(0x0000000124369000,0x0000000124469000)]
  0x00007ff823840000 JavaThread "C2 CompilerThread0" daemon [_thread_blocked, id=15619, stack(0x0000000124266000,0x0000000124366000)]
  0x00007ff82305b000 JavaThread "Signal Dispatcher" daemon [_thread_blocked, id=12555, stack(0x0000000124163000,0x0000000124263000)]
  0x00007ff823045800 JavaThread "Finalizer" daemon [_thread_blocked, id=10499, stack(0x0000000122740000,0x0000000122840000)]
  0x00007ff823044800 JavaThread "Reference Handler" daemon [_thread_blocked, id=9987, stack(0x000000012263d000,0x000000012273d000)]

Other Threads:
  0x00007ff823044000 VMThread [stack: 0x000000012253a000,0x000000012263a000] [id=9475]
  0x00007ff823863000 WatcherThread [stack: 0x000000012456f000,0x000000012466f000] [id=17155]

VM state:not at safepoint (normal execution)

VM Mutex/Monitor currently owned by a thread: None

Heap:
 PSYoungGen      total 18944K, used 17410K [0x00000007aab00000, 0x00000007ac000000, 0x00000007c0000000)
  eden space 16384K, 90% used [0x00000007aab00000,0x00000007ab981998,0x00000007abb00000)
  from space 2560K, 99% used [0x00000007abd80000,0x00000007abfff0b8,0x00000007ac000000)
  to   space 2560K, 0% used [0x00000007abb00000,0x00000007abb00000,0x00000007abd80000)
 ParOldGen       total 44032K, used 5238K [0x0000000780000000, 0x0000000782b00000, 0x00000007aab00000)
  object space 44032K, 11% used [0x0000000780000000,0x000000078051d898,0x0000000782b00000)
 Metaspace       used 18438K, capacity 18677K, committed 18944K, reserved 1067008K
  class space    used 1898K, capacity 1995K, committed 2048K, reserved 1048576K

Card table byte_map: [0x000000011e93a000,0x000000011eb3b000] byte_map_base: 0x000000011ad3a000

Marking Bits: (ParMarkBitMap*) 0x000000010eec27a0
 Begin Bits: [0x000000011ee97000, 0x000000011fe97000)
 End Bits:   [0x000000011fe97000, 0x0000000120e97000)

Polling page: 0x000000010e1fb000

CodeCache: size=245760Kb used=5333Kb max_used=5333Kb free=240426Kb
 bounds [0x000000010f57a000, 0x000000010faba000, 0x000000011e57a000]
 total_blobs=2370 nmethods=1496 adapters=789
 compilation: enabled

Compilation events (10 events):
Event: 24.866 Thread 0x00007ff82305c800 1536       3       java.awt.Rectangle::setBounds (10 bytes)
Event: 24.866 Thread 0x00007ff82305c800 nmethod 1536 0x000000010faad850 code [0x000000010faad9c0, 0x000000010faadb90]
Event: 24.866 Thread 0x00007ff82305c800 1537       3       java.awt.geom.AffineTransform::<init> (69 bytes)
Event: 24.866 Thread 0x00007ff82305c800 nmethod 1537 0x000000010faadc50 code [0x000000010faaddc0, 0x000000010faadfb0]
Event: 24.867 Thread 0x00007ff82305c800 1538       1       javax.swing.AbstractButton::getModel (5 bytes)
Event: 24.867 Thread 0x00007ff82305c800 nmethod 1538 0x000000010faae090 code [0x000000010faae1e0, 0x000000010faae2f0]
Event: 24.867 Thread 0x00007ff82305c800 1535       1       javax.swing.RepaintManager::isDoubleBufferingEnabled (5 bytes)
Event: 24.867 Thread 0x00007ff82305c800 nmethod 1535 0x000000010faae350 code [0x000000010faae4a0, 0x000000010faae5b0]
Event: 24.867 Thread 0x00007ff82305c800 1539   !   3       java.awt.KeyboardFocusManager::processCurrentLightweightRequests (345 bytes)
Event: 24.871 Thread 0x00007ff82305c800 nmethod 1539 0x000000010faae610 code [0x000000010faaea60, 0x000000010fab12f8]

GC Heap History (4 events):
Event: 13.223 GC heap before
{Heap before GC invocations=1 (full 0):
 PSYoungGen      total 18944K, used 16369K [0x00000007aab00000, 0x00000007ac000000, 0x00000007c0000000)
  eden space 16384K, 99% used [0x00000007aab00000,0x00000007abafc798,0x00000007abb00000)
  from space 2560K, 0% used [0x00000007abd80000,0x00000007abd80000,0x00000007ac000000)
  to   space 2560K, 0% used [0x00000007abb00000,0x00000007abb00000,0x00000007abd80000)
 ParOldGen       total 44032K, used 0K [0x0000000780000000, 0x0000000782b00000, 0x00000007aab00000)
  object space 44032K, 0% used [0x0000000780000000,0x0000000780000000,0x0000000782b00000)
 Metaspace       used 11544K, capacity 11714K, committed 12032K, reserved 1060864K
  class space    used 1358K, capacity 1425K, committed 1536K, reserved 1048576K
Event: 13.250 GC heap after
Heap after GC invocations=1 (full 0):
 PSYoungGen      total 18944K, used 2540K [0x00000007aab00000, 0x00000007ac000000, 0x00000007c0000000)
  eden space 16384K, 0% used [0x00000007aab00000,0x00000007aab00000,0x00000007abb00000)
  from space 2560K, 99% used [0x00000007abb00000,0x00000007abd7b310,0x00000007abd80000)
  to   space 2560K, 0% used [0x00000007abd80000,0x00000007abd80000,0x00000007ac000000)
 ParOldGen       total 44032K, used 3148K [0x0000000780000000, 0x0000000782b00000, 0x00000007aab00000)
  object space 44032K, 7% used [0x0000000780000000,0x0000000780313240,0x0000000782b00000)
 Metaspace       used 11544K, capacity 11714K, committed 12032K, reserved 1060864K
  class space    used 1358K, capacity 1425K, committed 1536K, reserved 1048576K
}
Event: 15.862 GC heap before
{Heap before GC invocations=2 (full 0):
 PSYoungGen      total 18944K, used 18924K [0x00000007aab00000, 0x00000007ac000000, 0x00000007c0000000)
  eden space 16384K, 100% used [0x00000007aab00000,0x00000007abb00000,0x00000007abb00000)
  from space 2560K, 99% used [0x00000007abb00000,0x00000007abd7b310,0x00000007abd80000)
  to   space 2560K, 0% used [0x00000007abd80000,0x00000007abd80000,0x00000007ac000000)
 ParOldGen       total 44032K, used 3148K [0x0000000780000000, 0x0000000782b00000, 0x00000007aab00000)
  object space 44032K, 7% used [0x0000000780000000,0x0000000780313240,0x0000000782b00000)
 Metaspace       used 17364K, capacity 17621K, committed 17792K, reserved 1064960K
  class space    used 1808K, capacity 1899K, committed 1920K, reserved 1048576K
Event: 15.883 GC heap after
Heap after GC invocations=2 (full 0):
 PSYoungGen      total 18944K, used 2556K [0x00000007aab00000, 0x00000007ac000000, 0x00000007c0000000)
  eden space 16384K, 0% used [0x00000007aab00000,0x00000007aab00000,0x00000007abb00000)
  from space 2560K, 99% used [0x00000007abd80000,0x00000007abfff0b8,0x00000007ac000000)
  to   space 2560K, 0% used [0x00000007abb00000,0x00000007abb00000,0x00000007abd80000)
 ParOldGen       total 44032K, used 5238K [0x0000000780000000, 0x0000000782b00000, 0x00000007aab00000)
  object space 44032K, 11% used [0x0000000780000000,0x000000078051d898,0x0000000782b00000)
 Metaspace       used 17364K, capacity 17621K, committed 17792K, reserved 1064960K
  class space    used 1808K, capacity 1899K, committed 1920K, reserved 1048576K
}

Deoptimization events (10 events):
Event: 13.618 Thread 0x00007ff823a00000 Uncommon trap: reason=class_check action=maybe_recompile pc=0x000000010f6feb98 method=java.lang.String.equals(Ljava/lang/Object;)Z @ 8
Event: 13.650 Thread 0x00007ff823a00000 Uncommon trap: reason=unstable_if action=reinterpret pc=0x000000010f7471a0 method=java.lang.CharacterData.of(I)Ljava/lang/CharacterData; @ 4
Event: 13.677 Thread 0x00007ff823b1b800 Uncommon trap: reason=unstable_if action=reinterpret pc=0x000000010f7e003c method=java.lang.String.replace(CC)Ljava/lang/String; @ 26
Event: 14.305 Thread 0x00007ff823b1b800 Uncommon trap: reason=unstable_if action=reinterpret pc=0x000000010f7dede4 method=java.lang.String.indexOf([CII[CIII)I @ 3
Event: 14.305 Thread 0x00007ff823b1b800 Uncommon trap: reason=unstable_if action=reinterpret pc=0x000000010f749b0c method=java.lang.String.indexOf([CII[CIII)I @ 3
Event: 14.513 Thread 0x00007ff823b1b800 Uncommon trap: reason=unstable_if action=reinterpret pc=0x000000010f811dd4 method=java.lang.String.lastIndexOf([CII[CIII)I @ 118
Event: 17.576 Thread 0x00007ff823a00000 Uncommon trap: reason=unstable_if action=reinterpret pc=0x000000010f79b868 method=java.lang.Integer.valueOf(I)Ljava/lang/Integer; @ 3
Event: 17.789 Thread 0x00007ff823a00000 Uncommon trap: reason=unstable_if action=reinterpret pc=0x000000010f9b366c method=processing.opengl.PGL.nativeToJavaARGB([III)V @ 168
Event: 17.861 Thread 0x00007ff823a00000 Uncommon trap: reason=unstable_if action=reinterpret pc=0x000000010f9b2dfc method=processing.opengl.PGL.javaToNativeARGB([III)V @ 190
Event: 20.669 Thread 0x00007ff823a00000 Uncommon trap: reason=unstable_if action=reinterpret pc=0x000000010fa2ff14 method=java.security.AccessControlContext.combine([Ljava/security/ProtectionDomain;[Ljava/security/ProtectionDomain;)[Ljava/security/ProtectionDomain; @ 39

Internal exceptions (10 events):
Event: 2.150 Thread 0x00007ff823808000 Exception <a 'java/security/PrivilegedActionException'> (0x00000007aaca98f0) thrown at [/Users/java_re/workspace/8-2-build-macosx-x86_64/jdk8u40/3153/hotspot/src/share/vm/prims/jvm.cpp, line 1382]
Event: 2.151 Thread 0x00007ff823808000 Exception <a 'java/security/PrivilegedActionException'> (0x00000007aacacae0) thrown at [/Users/java_re/workspace/8-2-build-macosx-x86_64/jdk8u40/3153/hotspot/src/share/vm/prims/jvm.cpp, line 1382]
Event: 2.151 Thread 0x00007ff823808000 Exception <a 'java/security/PrivilegedActionException'> (0x00000007aacacc98) thrown at [/Users/java_re/workspace/8-2-build-macosx-x86_64/jdk8u40/3153/hotspot/src/share/vm/prims/jvm.cpp, line 1382]
Event: 5.681 Thread 0x00007ff823808000 Exception <a 'java/io/FileNotFoundException'> (0x00000007aacb1ea0) thrown at [/Users/java_re/workspace/8-2-build-macosx-x86_64/jdk8u40/3153/hotspot/src/share/vm/prims/jni.cpp, line 709]
Event: 5.682 Thread 0x00007ff823808000 Exception <a 'java/io/FileNotFoundException'> (0x00000007aacb29b8) thrown at [/Users/java_re/workspace/8-2-build-macosx-x86_64/jdk8u40/3153/hotspot/src/share/vm/prims/jni.cpp, line 709]
Event: 6.170 Thread 0x00007ff823808000 Exception <a 'java/lang/NoSuchFieldError': method resolution failed> (0x00000007aade9768) thrown at [/Users/java_re/workspace/8-2-build-macosx-x86_64/jdk8u40/3153/hotspot/src/share/vm/prims/methodHandles.cpp, line 1125]
Event: 6.173 Thread 0x00007ff823808000 Exception <a 'java/lang/NoSuchFieldError': method resolution failed> (0x00000007aadf81a8) thrown at [/Users/java_re/workspace/8-2-build-macosx-x86_64/jdk8u40/3153/hotspot/src/share/vm/prims/methodHandles.cpp, line 1125]
Event: 12.900 Thread 0x00007ff823a00000 Exception <a 'java/io/FileNotFoundException'> (0x00000007ab3c3cc0) thrown at [/Users/java_re/workspace/8-2-build-macosx-x86_64/jdk8u40/3153/hotspot/src/share/vm/prims/jni.cpp, line 709]
Event: 13.156 Thread 0x00007ff823a00000 Exception <a 'java/lang/NullPointerException'> (0x00000007ab8c71d0) thrown at [/Users/java_re/workspace/8-2-build-macosx-x86_64/jdk8u40/3153/hotspot/src/share/vm/interpreter/linkResolver.cpp, line 1280]
Event: 14.572 Thread 0x00007ff823b1b800 Exception <a 'java/lang/UnsatisfiedLinkError': com.jogamp.common.util.JarUtil.fixNativeLibAttribs(Ljava/lang/String;)Z> (0x00000007ab0242f8) thrown at [/Users/java_re/workspace/8-2-build-macosx-x86_64/jdk8u40/3153/hotspot/src/share/vm/prims/nativeLookup.c

Events (10 events):
Event: 24.483 Executing VM operation: RevokeBias done
Event: 24.483 loading class jogamp/nativewindow/jawt/macosx/MacOSXJAWTWindow$1
Event: 24.483 loading class jogamp/nativewindow/jawt/macosx/MacOSXJAWTWindow$1 done
Event: 24.483 Executing VM operation: RevokeBias
Event: 24.484 Executing VM operation: RevokeBias done
Event: 24.486 Thread 0x00007ff82305c800 flushing nmethod 0x000000010f695d50
Event: 24.486 Thread 0x00007ff82305c800 flushing nmethod 0x000000010f697550
Event: 24.490 Thread 0x00007ff82305c800 flushing nmethod 0x000000010f73da90
Event: 24.965 loading class jogamp/nativewindow/jawt/macosx/MacOSXJAWTWindow$3
Event: 24.965 loading class jogamp/nativewindow/jawt/macosx/MacOSXJAWTWindow$3 done


Dynamic libraries:
0x0000000002606000 	/System/Library/Frameworks/Cocoa.framework/Versions/A/Cocoa
0x0000000002606000 	/System/Library/Frameworks/Security.framework/Versions/A/Security
0x0000000002606000 	/System/Library/Frameworks/ApplicationServices.framework/Versions/A/ApplicationServices
0x0000000002606000 	/usr/lib/libz.1.dylib
0x0000000002606000 	/usr/lib/libSystem.B.dylib
0x0000000002606000 	/usr/lib/libobjc.A.dylib
0x0000000002606000 	/System/Library/Frameworks/CoreFoundation.framework/Versions/A/CoreFoundation
0x0000000002606000 	/System/Library/Frameworks/Foundation.framework/Versions/C/Foundation
0x0000000002606000 	/System/Library/Frameworks/AppKit.framework/Versions/C/AppKit
0x0000000002606000 	/System/Library/Frameworks/CoreData.framework/Versions/A/CoreData
0x0000000002606000 	/System/Library/PrivateFrameworks/RemoteViewServices.framework/Versions/A/RemoteViewServices
0x0000000002606000 	/System/Library/PrivateFrameworks/UIFoundation.framework/Versions/A/UIFoundation
0x0000000002606000 	/System/Library/Frameworks/IOSurface.framework/Versions/A/IOSurface
0x0000000002606000 	/System/Library/Frameworks/AudioToolbox.framework/Versions/A/AudioToolbox
0x0000000002606000 	/System/Library/Frameworks/AudioUnit.framework/Versions/A/AudioUnit
0x0000000002606000 	/System/Library/PrivateFrameworks/DataDetectorsCore.framework/Versions/A/DataDetectorsCore
0x0000000002606000 	/System/Library/PrivateFrameworks/DesktopServicesPriv.framework/Versions/A/DesktopServicesPriv
0x0000000002606000 	/System/Library/Frameworks/Carbon.framework/Versions/A/Frameworks/HIToolbox.framework/Versions/A/HIToolbox
0x0000000002606000 	/System/Library/Frameworks/QuartzCore.framework/Versions/A/QuartzCore
0x0000000002606000 	/System/Library/Frameworks/Carbon.framework/Versions/A/Frameworks/SpeechRecognition.framework/Versions/A/SpeechRecognition
0x0000000002606000 	/usr/lib/libauto.dylib
0x0000000002606000 	/usr/lib/libicucore.A.dylib
0x0000000002606000 	/usr/lib/libxml2.2.dylib
0x0000000002606000 	/System/Library/PrivateFrameworks/CoreUI.framework/Versions/A/CoreUI
0x0000000002606000 	/System/Library/Frameworks/CoreAudio.framework/Versions/A/CoreAudio
0x0000000002606000 	/System/Library/Frameworks/DiskArbitration.framework/Versions/A/DiskArbitration
0x0000000002606000 	/usr/lib/liblangid.dylib
0x0000000002606000 	/System/Library/PrivateFrameworks/MultitouchSupport.framework/Versions/A/MultitouchSupport
0x0000000002606000 	/System/Library/Frameworks/IOKit.framework/Versions/A/IOKit
0x0000000002606000 	/usr/lib/libDiagnosticMessagesClient.dylib
0x0000000002606000 	/System/Library/Frameworks/CoreServices.framework/Versions/A/CoreServices
0x0000000002606000 	/System/Library/PrivateFrameworks/PerformanceAnalysis.framework/Versions/A/PerformanceAnalysis
0x0000000002606000 	/System/Library/PrivateFrameworks/GenerationalStorage.framework/Versions/A/GenerationalStorage
0x0000000002606000 	/System/Library/Frameworks/OpenGL.framework/Versions/A/OpenGL
0x0000000002606000 	/System/Library/PrivateFrameworks/Sharing.framework/Versions/A/Sharing
0x0000000002606000 	/System/Library/Frameworks/CoreGraphics.framework/Versions/A/CoreGraphics
0x0000000002606000 	/System/Library/Frameworks/CoreText.framework/Versions/A/CoreText
0x0000000002606000 	/System/Library/Frameworks/ImageIO.framework/Versions/A/ImageIO
0x0000000002606000 	/usr/lib/libextension.dylib
0x0000000002606000 	/System/Library/PrivateFrameworks/Backup.framework/Versions/A/Backup
0x0000000002606000 	/usr/lib/libarchive.2.dylib
0x0000000002606000 	/System/Library/Frameworks/CFNetwork.framework/Versions/A/CFNetwork
0x0000000002606000 	/System/Library/Frameworks/SystemConfiguration.framework/Versions/A/SystemConfiguration
0x0000000002606000 	/usr/lib/libCRFSuite.dylib
0x0000000002606000 	/usr/lib/libc++.1.dylib
0x0000000002606000 	/usr/lib/libc++abi.dylib
0x0000000002606000 	/usr/lib/system/libcache.dylib
0x0000000002606000 	/usr/lib/system/libcommonCrypto.dylib
0x0000000002606000 	/usr/lib/system/libcompiler_rt.dylib
0x0000000002606000 	/usr/lib/system/libcopyfile.dylib
0x0000000002606000 	/usr/lib/system/libcorecrypto.dylib
0x0000000002606000 	/usr/lib/system/libdispatch.dylib
0x0000000002606000 	/usr/lib/system/libdyld.dylib
0x0000000002606000 	/usr/lib/system/libkeymgr.dylib
0x0000000002606000 	/usr/lib/system/liblaunch.dylib
0x0000000002606000 	/usr/lib/system/libmacho.dylib
0x0000000002606000 	/usr/lib/system/libquarantine.dylib
0x0000000002606000 	/usr/lib/system/libremovefile.dylib
0x0000000002606000 	/usr/lib/system/libsystem_asl.dylib
0x0000000002606000 	/usr/lib/system/libsystem_blocks.dylib
0x0000000002606000 	/usr/lib/system/libsystem_c.dylib
0x0000000002606000 	/usr/lib/system/libsystem_configuration.dylib
0x0000000002606000 	/usr/lib/system/libsystem_coreservices.dylib
0x0000000002606000 	/usr/lib/system/libsystem_coretls.dylib
0x0000000002606000 	/usr/lib/system/libsystem_dnssd.dylib
0x0000000002606000 	/usr/lib/system/libsystem_info.dylib
0x0000000002606000 	/usr/lib/system/libsystem_kernel.dylib
0x0000000002606000 	/usr/lib/system/libsystem_m.dylib
0x0000000002606000 	/usr/lib/system/libsystem_malloc.dylib
0x0000000002606000 	/usr/lib/system/libsystem_network.dylib
0x0000000002606000 	/usr/lib/system/libsystem_networkextension.dylib
0x0000000002606000 	/usr/lib/system/libsystem_notify.dylib
0x0000000002606000 	/usr/lib/system/libsystem_platform.dylib
0x0000000002606000 	/usr/lib/system/libsystem_pthread.dylib
0x0000000002606000 	/usr/lib/system/libsystem_sandbox.dylib
0x0000000002606000 	/usr/lib/system/libsystem_secinit.dylib
0x0000000002606000 	/usr/lib/system/libsystem_stats.dylib
0x0000000002606000 	/usr/lib/system/libsystem_trace.dylib
0x0000000002606000 	/usr/lib/system/libunc.dylib
0x0000000002606000 	/usr/lib/system/libunwind.dylib
0x0000000002606000 	/usr/lib/system/libxpc.dylib
0x0000000002606000 	/usr/lib/libbz2.1.0.dylib
0x0000000002606000 	/usr/lib/liblzma.5.dylib
0x0000000002606000 	/usr/lib/libbsm.0.dylib
0x0000000002606000 	/usr/lib/libsqlite3.dylib
0x0000000002606000 	/usr/lib/system/libkxld.dylib
0x0000000002606000 	/usr/lib/libxar.1.dylib
0x0000000002606000 	/usr/lib/libpam.2.dylib
0x0000000002606000 	/usr/lib/libOpenScriptingUtil.dylib
0x0000000002606000 	/System/Library/Frameworks/CoreServices.framework/Versions/A/Frameworks/FSEvents.framework/Versions/A/FSEvents
0x0000000002606000 	/System/Library/Frameworks/CoreServices.framework/Versions/A/Frameworks/CarbonCore.framework/Versions/A/CarbonCore
0x0000000002606000 	/System/Library/Frameworks/CoreServices.framework/Versions/A/Frameworks/Metadata.framework/Versions/A/Metadata
0x0000000002606000 	/System/Library/Frameworks/CoreServices.framework/Versions/A/Frameworks/OSServices.framework/Versions/A/OSServices
0x0000000002606000 	/System/Library/Frameworks/CoreServices.framework/Versions/A/Frameworks/SearchKit.framework/Versions/A/SearchKit
0x0000000002606000 	/System/Library/Frameworks/CoreServices.framework/Versions/A/Frameworks/AE.framework/Versions/A/AE
0x0000000002606000 	/System/Library/Frameworks/CoreServices.framework/Versions/A/Frameworks/LaunchServices.framework/Versions/A/LaunchServices
0x0000000002606000 	/System/Library/Frameworks/CoreServices.framework/Versions/A/Frameworks/DictionaryServices.framework/Versions/A/DictionaryServices
0x0000000002606000 	/System/Library/Frameworks/NetFS.framework/Versions/A/NetFS
0x0000000002606000 	/System/Library/PrivateFrameworks/NetAuth.framework/Versions/A/NetAuth
0x0000000002606000 	/System/Library/PrivateFrameworks/login.framework/Versions/A/Frameworks/loginsupport.framework/Versions/A/loginsupport
0x0000000002606000 	/System/Library/PrivateFrameworks/TCC.framework/Versions/A/TCC
0x0000000002606000 	/usr/lib/libmecabra.dylib
0x0000000002606000 	/System/Library/Frameworks/ApplicationServices.framework/Versions/A/Frameworks/ATS.framework/Versions/A/ATS
0x0000000002606000 	/System/Library/Frameworks/ApplicationServices.framework/Versions/A/Frameworks/ColorSync.framework/Versions/A/ColorSync
0x0000000002606000 	/System/Library/Frameworks/ApplicationServices.framework/Versions/A/Frameworks/HIServices.framework/Versions/A/HIServices
0x0000000002606000 	/System/Library/Frameworks/ApplicationServices.framework/Versions/A/Frameworks/LangAnalysis.framework/Versions/A/LangAnalysis
0x0000000002606000 	/System/Library/Frameworks/ApplicationServices.framework/Versions/A/Frameworks/PrintCore.framework/Versions/A/PrintCore
0x0000000002606000 	/System/Library/Frameworks/ApplicationServices.framework/Versions/A/Frameworks/QD.framework/Versions/A/QD
0x0000000002606000 	/System/Library/Frameworks/ApplicationServices.framework/Versions/A/Frameworks/SpeechSynthesis.framework/Versions/A/SpeechSynthesis
0x0000000002606000 	/System/Library/Frameworks/Accelerate.framework/Versions/A/Accelerate
0x0000000002606000 	/System/Library/Frameworks/Accelerate.framework/Versions/A/Frameworks/vImage.framework/Versions/A/vImage
0x0000000002606000 	/System/Library/Frameworks/Accelerate.framework/Versions/A/Frameworks/vecLib.framework/Versions/A/vecLib
0x0000000002606000 	/System/Library/Frameworks/Accelerate.framework/Versions/A/Frameworks/vecLib.framework/Versions/A/libvDSP.dylib
0x0000000002606000 	/System/Library/Frameworks/Accelerate.framework/Versions/A/Frameworks/vecLib.framework/Versions/A/libvMisc.dylib
0x0000000002606000 	/System/Library/Frameworks/Accelerate.framework/Versions/A/Frameworks/vecLib.framework/Versions/A/libLAPACK.dylib
0x0000000002606000 	/System/Library/Frameworks/Accelerate.framework/Versions/A/Frameworks/vecLib.framework/Versions/A/libBLAS.dylib
0x0000000002606000 	/System/Library/Frameworks/Accelerate.framework/Versions/A/Frameworks/vecLib.framework/Versions/A/libLinearAlgebra.dylib
0x0000000002606000 	/System/Library/Frameworks/ApplicationServices.framework/Versions/A/Frameworks/ATS.framework/Versions/A/Resources/libFontParser.dylib
0x0000000002606000 	/System/Library/Frameworks/ApplicationServices.framework/Versions/A/Frameworks/ATS.framework/Versions/A/Resources/libFontRegistry.dylib
0x0000000002606000 	/System/Library/PrivateFrameworks/AppleVPA.framework/Versions/A/AppleVPA
0x0000000002606000 	/System/Library/PrivateFrameworks/AppleJPEG.framework/Versions/A/AppleJPEG
0x0000000002606000 	/System/Library/Frameworks/ImageIO.framework/Versions/A/Resources/libJPEG.dylib
0x0000000002606000 	/System/Library/Frameworks/ImageIO.framework/Versions/A/Resources/libTIFF.dylib
0x0000000002606000 	/System/Library/Frameworks/ImageIO.framework/Versions/A/Resources/libPng.dylib
0x0000000002606000 	/System/Library/Frameworks/ImageIO.framework/Versions/A/Resources/libGIF.dylib
0x0000000002606000 	/System/Library/Frameworks/ImageIO.framework/Versions/A/Resources/libJP2.dylib
0x0000000002606000 	/System/Library/Frameworks/ImageIO.framework/Versions/A/Resources/libRadiance.dylib
0x0000000002606000 	/System/Library/Frameworks/CoreVideo.framework/Versions/A/CoreVideo
0x0000000002606000 	/System/Library/Frameworks/OpenGL.framework/Versions/A/Libraries/libGLU.dylib
0x0000000002606000 	/System/Library/Frameworks/OpenGL.framework/Versions/A/Libraries/libGFXShared.dylib
0x0000000002606000 	/System/Library/Frameworks/OpenGL.framework/Versions/A/Libraries/libGL.dylib
0x0000000002606000 	/System/Library/Frameworks/OpenGL.framework/Versions/A/Libraries/libGLImage.dylib
0x0000000002606000 	/System/Library/Frameworks/OpenGL.framework/Versions/A/Libraries/libCVMSPluginSupport.dylib
0x0000000002606000 	/System/Library/Frameworks/OpenGL.framework/Versions/A/Libraries/libCoreVMClient.dylib
0x0000000002606000 	/usr/lib/libcups.2.dylib
0x0000000002606000 	/System/Library/Frameworks/Kerberos.framework/Versions/A/Kerberos
0x0000000002606000 	/System/Library/Frameworks/GSS.framework/Versions/A/GSS
0x0000000002606000 	/usr/lib/libresolv.9.dylib
0x0000000002606000 	/usr/lib/libiconv.2.dylib
0x0000000002606000 	/System/Library/PrivateFrameworks/Heimdal.framework/Versions/A/Heimdal
0x0000000002606000 	/usr/lib/libheimdal-asn1.dylib
0x0000000002606000 	/System/Library/Frameworks/OpenDirectory.framework/Versions/A/OpenDirectory
0x0000000002606000 	/System/Library/PrivateFrameworks/CommonAuth.framework/Versions/A/CommonAuth
0x0000000002606000 	/System/Library/Frameworks/OpenDirectory.framework/Versions/A/Frameworks/CFOpenDirectory.framework/Versions/A/CFOpenDirectory
0x0000000002606000 	/System/Library/Frameworks/SecurityFoundation.framework/Versions/A/SecurityFoundation
0x0000000002606000 	/System/Library/PrivateFrameworks/LanguageModeling.framework/Versions/A/LanguageModeling
0x0000000002606000 	/usr/lib/libcmph.dylib
0x0000000002606000 	/System/Library/Frameworks/ServiceManagement.framework/Versions/A/ServiceManagement
0x0000000002606000 	/usr/lib/libxslt.1.dylib
0x0000000002606000 	/System/Library/Frameworks/Carbon.framework/Versions/A/Frameworks/Ink.framework/Versions/A/Ink
0x0000000002606000 	/System/Library/Frameworks/QuartzCore.framework/Versions/A/Frameworks/CoreImage.framework/Versions/A/CoreImage
0x0000000002606000 	/System/Library/PrivateFrameworks/CrashReporterSupport.framework/Versions/A/CrashReporterSupport
0x0000000002606000 	/System/Library/Frameworks/OpenCL.framework/Versions/A/OpenCL
0x0000000002606000 	/System/Library/PrivateFrameworks/FaceCore.framework/Versions/A/FaceCore
0x0000000002606000 	/System/Library/PrivateFrameworks/Ubiquity.framework/Versions/A/Ubiquity
0x0000000002606000 	/System/Library/PrivateFrameworks/IconServices.framework/Versions/A/IconServices
0x0000000002606000 	/System/Library/PrivateFrameworks/ChunkingLibrary.framework/Versions/A/ChunkingLibrary
0x0000000002606000 	/System/Library/PrivateFrameworks/Apple80211.framework/Versions/A/Apple80211
0x0000000002606000 	/System/Library/Frameworks/CoreWLAN.framework/Versions/A/CoreWLAN
0x0000000002606000 	/System/Library/Frameworks/IOBluetooth.framework/Versions/A/IOBluetooth
0x0000000002606000 	/System/Library/PrivateFrameworks/CoreWiFi.framework/Versions/A/CoreWiFi
0x0000000002606000 	/System/Library/Frameworks/CoreBluetooth.framework/Versions/A/CoreBluetooth
0x0000000002606000 	/System/Library/PrivateFrameworks/DebugSymbols.framework/Versions/A/DebugSymbols
0x0000000002606000 	/System/Library/PrivateFrameworks/CoreSymbolication.framework/Versions/A/CoreSymbolication
0x0000000002606000 	/System/Library/PrivateFrameworks/Symbolication.framework/Versions/A/Symbolication
0x0000000002606000 	/System/Library/PrivateFrameworks/SpeechRecognitionCore.framework/Versions/A/SpeechRecognitionCore
0x000000010e600000 	/Library/Java/JavaVirtualMachines/jdk1.8.0_40.jdk/Contents/Home/jre/lib/server/libjvm.dylib
0x0000000002606000 	/usr/lib/libstdc++.6.dylib
0x000000010e1b8000 	/Library/Java/JavaVirtualMachines/jdk1.8.0_40.jdk/Contents/Home/jre/lib/libverify.dylib
0x000000010e1c6000 	/Library/Java/JavaVirtualMachines/jdk1.8.0_40.jdk/Contents/Home/jre/lib/libjava.dylib
0x000000010f571000 	/Library/Java/JavaVirtualMachines/jdk1.8.0_40.jdk/Contents/Home/jre/lib/libzip.dylib
0x0000000122842000 	/System/Library/Frameworks/JavaVM.framework/Frameworks/JavaRuntimeSupport.framework/JavaRuntimeSupport
0x000000012285a000 	/System/Library/Frameworks/JavaVM.framework/Versions/A/Frameworks/JavaNativeFoundation.framework/Versions/A/JavaNativeFoundation
0x000000012286f000 	/System/Library/Frameworks/JavaVM.framework/Versions/A/JavaVM
0x0000000002606000 	/System/Library/Frameworks/Carbon.framework/Versions/A/Carbon
0x000000012287c000 	/System/Library/PrivateFrameworks/JavaLaunching.framework/Versions/A/JavaLaunching
0x0000000002606000 	/System/Library/Frameworks/Carbon.framework/Versions/A/Frameworks/CommonPanels.framework/Versions/A/CommonPanels
0x0000000002606000 	/System/Library/Frameworks/Carbon.framework/Versions/A/Frameworks/Help.framework/Versions/A/Help
0x0000000002606000 	/System/Library/Frameworks/Carbon.framework/Versions/A/Frameworks/ImageCapture.framework/Versions/A/ImageCapture
0x0000000002606000 	/System/Library/Frameworks/Carbon.framework/Versions/A/Frameworks/OpenScripting.framework/Versions/A/OpenScripting
0x0000000002606000 	/System/Library/Frameworks/Carbon.framework/Versions/A/Frameworks/Print.framework/Versions/A/Print
0x0000000002606000 	/System/Library/Frameworks/Carbon.framework/Versions/A/Frameworks/SecurityHI.framework/Versions/A/SecurityHI
0x00000001246ad000 	/Library/Java/JavaVirtualMachines/jdk1.8.0_40.jdk/Contents/Home/jre/lib/libawt.dylib
0x0000000124755000 	/Library/Java/JavaVirtualMachines/jdk1.8.0_40.jdk/Contents/Home/jre/lib/./libmlib_image.dylib
0x0000000124821000 	/Library/Java/JavaVirtualMachines/jdk1.8.0_40.jdk/Contents/Home/jre/lib/libawt_lwawt.dylib
0x00000001248d5000 	/Library/Java/JavaVirtualMachines/jdk1.8.0_40.jdk/Contents/Home/jre/lib/./libosxapp.dylib
0x0000000002606000 	/System/Library/Frameworks/ExceptionHandling.framework/Versions/A/ExceptionHandling
0x0000000002606000 	/System/Library/PrivateFrameworks/CoreServicesInternal.framework/Versions/A/CoreServicesInternal
0x0000000002606000 	/System/Library/PrivateFrameworks/CloudDocs.framework/Versions/A/CloudDocs
0x0000000002606000 	/System/Library/PrivateFrameworks/CoreDuet.framework/Versions/A/CoreDuet
0x0000000002606000 	/System/Library/Frameworks/CloudKit.framework/Versions/A/CloudKit
0x0000000002606000 	/System/Library/PrivateFrameworks/ProtocolBuffer.framework/Versions/A/ProtocolBuffer
0x0000000002606000 	/System/Library/PrivateFrameworks/CoreDuetDaemonProtocol.framework/Versions/A/CoreDuetDaemonProtocol
0x0000000002606000 	/System/Library/PrivateFrameworks/CoreDuetDebugLogging.framework/Versions/A/CoreDuetDebugLogging
0x0000000002606000 	/System/Library/PrivateFrameworks/MMCS.framework/Versions/A/MMCS
0x0000000002606000 	/System/Library/Frameworks/CoreLocation.framework/Versions/A/CoreLocation
0x0000000002606000 	/System/Library/PrivateFrameworks/ProtectedCloudStorage.framework/Versions/A/ProtectedCloudStorage
0x0000000002606000 	/System/Library/PrivateFrameworks/GeoServices.framework/Versions/A/GeoServices
0x0000000002606000 	/System/Library/Frameworks/CoreGraphics.framework/Versions/A/Resources/libCGCMS.A.dylib
0x0000000002606000 	/System/Library/Frameworks/CoreGraphics.framework/Versions/A/Resources/libRIP.A.dylib
0x0000000002606000 	/System/Library/Frameworks/CoreGraphics.framework/Versions/A/Resources/libCGXType.A.dylib
0x0000000002606000 	/System/Library/Frameworks/OpenCL.framework/Versions/A/Libraries/libcldcpuengine.dylib
0x0000000002606000 	/System/Library/PrivateFrameworks/DiskImages.framework/Versions/A/DiskImages
0x0000000002606000 	/System/Library/Frameworks/DiscRecording.framework/Versions/A/DiscRecording
0x0000000002606000 	/usr/lib/libcsfde.dylib
0x0000000002606000 	/usr/lib/libcurl.4.dylib
0x0000000002606000 	/System/Library/PrivateFrameworks/MediaKit.framework/Versions/A/MediaKit
0x0000000002606000 	/usr/lib/libCoreStorage.dylib
0x0000000002606000 	/System/Library/PrivateFrameworks/EFILogin.framework/Versions/A/EFILogin
0x0000000002606000 	/usr/lib/libutil.dylib
0x0000000002606000 	/System/Library/PrivateFrameworks/FindMyDevice.framework/Versions/A/FindMyDevice
0x0000000002606000 	/System/Library/Frameworks/LDAP.framework/Versions/A/LDAP
0x0000000002606000 	/usr/lib/libsasl2.2.dylib
0x0000000002606000 	/System/Library/PrivateFrameworks/CoreDaemon.framework/Versions/B/CoreDaemon
0x0000000002606000 	/usr/lib/libcrypto.0.9.8.dylib
0x0000000002606000 	/System/Library/PrivateFrameworks/AppleSRP.framework/Versions/A/AppleSRP
0x0000000002606000 	/System/Library/PrivateFrameworks/TrustEvaluationAgent.framework/Versions/A/TrustEvaluationAgent
0x000000012772a000 	cl_kernels
0x000000012772c000 	/System/Library/Frameworks/OpenCL.framework/Versions/A/Libraries/ImageFormats/unorm8_bgra.dylib
0x000000012771d000 	cl_kernels
0x0000000002606000 	/System/Library/PrivateFrameworks/FamilyControls.framework/Versions/A/FamilyControls
0x0000000002606000 	/System/Library/PrivateFrameworks/CommerceKit.framework/Versions/A/Frameworks/CommerceCore.framework/Versions/A/CommerceCore
0x0000000002606000 	/System/Library/PrivateFrameworks/SystemAdministration.framework/Versions/A/SystemAdministration
0x0000000002606000 	/System/Library/PrivateFrameworks/AppContainer.framework/Versions/A/AppContainer
0x0000000002606000 	/System/Library/PrivateFrameworks/SecCodeWrapper.framework/Versions/A/SecCodeWrapper
0x0000000002606000 	/System/Library/Frameworks/DirectoryService.framework/Versions/A/DirectoryService
0x0000000002606000 	/System/Library/PrivateFrameworks/LoginUIKit.framework/Versions/A/Frameworks/LoginUICore.framework/Versions/A/LoginUICore
0x0000000002606000 	/usr/lib/libodfde.dylib
0x0000000002606000 	/System/Library/Frameworks/OpenGL.framework/Versions/A/Resources/GLEngine.bundle/GLEngine
0x0000000002606000 	/System/Library/Frameworks/OpenGL.framework/Versions/A/Libraries/libGLProgrammability.dylib
0x0000000000000000 	/System/Library/Extensions/GeForceTeslaGLDriver.bundle/Contents/MacOS/GeForceTeslaGLDriver
0x00000001289f2000 	/System/Library/Extensions/GeForceTeslaGLDriver.bundle/Contents/MacOS/libclh.dylib
0x0000000126c74000 	/System/Library/PrivateFrameworks/GPUSupport.framework/Versions/A/Libraries/libGPUSupport.dylib
0x0000000002606000 	/System/Library/Frameworks/OpenGL.framework/Versions/A/Resources/GLRendererFloat.bundle/GLRendererFloat
0x00000001298b4000 	/Library/Java/JavaVirtualMachines/jdk1.8.0_40.jdk/Contents/Home/jre/lib/libfontmanager.dylib
0x000000012991b000 	/Library/Java/JavaVirtualMachines/jdk1.8.0_40.jdk/Contents/Home/jre/lib/libosxui.dylib
0x000000012abe3000 	/Library/Java/JavaVirtualMachines/jdk1.8.0_40.jdk/Contents/Home/jre/lib/libnet.dylib
0x000000012ac42000 	/Library/Java/JavaVirtualMachines/jdk1.8.0_40.jdk/Contents/Home/jre/lib/libnio.dylib
0x0000000002606000 	/System/Library/Frameworks/Accelerate.framework/Versions/A/Frameworks/vImage.framework/Versions/A/Libraries/libCGInterfaces.dylib
0x0000000124988000 	/Library/Java/JavaVirtualMachines/jdk1.8.0_40.jdk/Contents/Home/jre/lib/libjpeg.dylib
0x00000001295d8000 	/private/var/folders/qb/fyk2pzts049fy26p5l3gqcf40000gn/T/jogamp_0000/file_cache/jln8968899813116254059/jln8550279183371812854/libgluegen-rt.jnilib
0x0000000129b63000 	/private/var/folders/qb/fyk2pzts049fy26p5l3gqcf40000gn/T/jogamp_0000/file_cache/jln8968899813116254059/jln8550279183371812854/libnativewindow_awt.jnilib
0x0000000129b66000 	/Library/Java/JavaVirtualMachines/jdk1.8.0_40.jdk/Contents/Home/jre/lib/libjawt.dylib
0x0000000129b69000 	/private/var/folders/qb/fyk2pzts049fy26p5l3gqcf40000gn/T/jogamp_0000/file_cache/jln8968899813116254059/jln8550279183371812854/libnativewindow_macosx.jnilib
0x00000001306aa000 	/private/var/folders/qb/fyk2pzts049fy26p5l3gqcf40000gn/T/jogamp_0000/file_cache/jln8968899813116254059/jln8550279183371812854/libjogl_desktop.jnilib

VM Arguments:
jvm_args: -Dfile.encoding=UTF-8 
java_command: main.Driver
java_class_path (initial): /Users/Luke/DecorativeMosaic/bin:/Users/Luke/DecorativeMosaic/lib/core.jar:/Users/Luke/DecorativeMosaic/lib/gluegen-rt.jar:/Users/Luke/DecorativeMosaic/lib/jogl-all.jar:/Users/Luke/DecorativeMosaic/lib/jogl-all-natives-macosx-universal.jar:/Applications/eclipse/plugins/org.junit_4.11.0.v201303080030/junit.jar:/Applications/eclipse/plugins/org.hamcrest.core_1.3.0.v201303031735.jar
Launcher Type: SUN_STANDARD

Environment Variables:
PATH=/usr/bin:/bin:/usr/sbin:/sbin
SHELL=/bin/bash

Signal Handlers:
SIGSEGV: [libjvm.dylib+0x58ef95], sa_mask[0]=11111111011111110111111111111111, sa_flags=SA_ONSTACK|SA_RESTART|SA_SIGINFO
SIGBUS: [libjvm.dylib+0x58ef95], sa_mask[0]=11111111011111110111111111111111, sa_flags=SA_RESTART|SA_SIGINFO
SIGFPE: [libjvm.dylib+0x46c118], sa_mask[0]=11111111011111110111111111111111, sa_flags=SA_RESTART|SA_SIGINFO
SIGPIPE: [libjvm.dylib+0x46c118], sa_mask[0]=11111111011111110111111111111111, sa_flags=SA_RESTART|SA_SIGINFO
SIGXFSZ: [libjvm.dylib+0x46c118], sa_mask[0]=11111111011111110111111111111111, sa_flags=SA_RESTART|SA_SIGINFO
SIGILL: [libjvm.dylib+0x46c118], sa_mask[0]=11111111011111110111111111111111, sa_flags=SA_RESTART|SA_SIGINFO
SIGUSR1: SIG_DFL, sa_mask[0]=00000000000000000000000000000000, sa_flags=none
SIGUSR2: [libjvm.dylib+0x46bc36], sa_mask[0]=00100000000000000000000000000000, sa_flags=SA_RESTART|SA_SIGINFO
SIGHUP: [libjvm.dylib+0x46a209], sa_mask[0]=11111111011111110111111111111111, sa_flags=SA_RESTART|SA_SIGINFO
SIGINT: [libjvm.dylib+0x46a209], sa_mask[0]=11111111011111110111111111111111, sa_flags=SA_RESTART|SA_SIGINFO
SIGTERM: [libjvm.dylib+0x46a209], sa_mask[0]=11111111011111110111111111111111, sa_flags=SA_RESTART|SA_SIGINFO
SIGQUIT: [libjvm.dylib+0x46a209], sa_mask[0]=11111111011111110111111111111111, sa_flags=SA_RESTART|SA_SIGINFO


---------------  S Y S T E M  ---------------

OS:Bsduname:Darwin 14.4.0 Darwin Kernel Version 14.4.0: Thu May 28 11:35:04 PDT 2015; root:xnu-2782.30.5~1/RELEASE_X86_64 x86_64
rlimit: STACK 8192k, CORE 0k, NPROC 709, NOFILE 10240, AS infinity
load average:2.00 1.60 1.52

CPU:total 2 (2 cores per cpu, 1 threads per core) family 6 model 23 stepping 10, cmov, cx8, fxsr, mmx, sse, sse2, sse3, ssse3, sse4.1, tsc

Memory: 4k page, physical 4194304k(23780k free)

/proc/meminfo:


vm_info: Java HotSpot(TM) 64-Bit Server VM (25.40-b25) for bsd-amd64 JRE (1.8.0_40-b27), built on Mar 13 2015 04:46:52 by "java_re" with gcc 4.2.1 (Based on Apple Inc. build 5658) (LLVM build 2336.11.00)

time: Mon Sep 21 19:33:13 2015
elapsed time: 25 seconds (0d 0h 0m 25s)

