#
# A fatal error has been detected by the Java Runtime Environment:
#
#  SIGSEGV (0xb) at pc=0x00001234402fcde5, pid=13318, tid=12587
#
# JRE version: Java(TM) SE Runtime Environment (8.0_40-b27) (build 1.8.0_40-b27)
# Java VM: Java HotSpot(TM) 64-Bit Server VM (25.40-b25 mixed mode bsd-amd64 compressed oops)
# Problematic frame:
# C  [GeForceTeslaGLDriver+0x2fcde5]  gldBlitFramebufferData+0x5b5
#
# Failed to write core dump. Core dumps have been disabled. To enable core dumping, try "ulimit -c unlimited" before starting Java again
#
# If you would like to submit a bug report, please visit:
#   http://bugreport.java.com/bugreport/crash.jsp
#

---------------  T H R E A D  ---------------

Current thread is native thread

siginfo: si_signo: 11 (SIGSEGV), si_code: 1 (SEGV_MAPERR), si_addr: 0x000000000004112c

Registers:
RAX=0x0000000000041134, RBX=0x000000002d000000, RCX=0x000000000004112c, RDX=0x0000000000041130
RSP=0x0000000129f55d20, RBP=0x0000000129f55d60, RSI=0x0000000000000000, RDI=0x0000000000000000
R8 =0x0000000000041138, R9 =0x00007fdf6b600000, R10=0x000000000000000c, R11=0x00007fdf6b600000
R12=0x0000000000000000, R13=0x000000002c000000, R14=0x000000011f218000, R15=0x000000011f218000
RIP=0x00001234402fcde5, EFLAGS=0x0000000000010246, ERR=0x0000000000000004
  TRAPNO=0x000000000000000e

Top of Stack: (sp=0x0000000129f55d20)
0x0000000129f55d20:   0000123441b57060 0000000000000001
0x0000000129f55d30:   0000000029f55d60 0000000000000000
0x0000000129f55d40:   0000000000000000 00007fdf6d0717a0
0x0000000129f55d50:   000000011f218000 00007fdf6b6215a0
0x0000000129f55d60:   0000000129f55dc0 00001234402fcafd
0x0000000129f55d70:   00007fdf6b60e460 0000000100000001
0x0000000129f55d80:   000000000000000c 000000011f218000
0x0000000129f55d90:   0000000000000000 000000011f218000
0x0000000129f55da0:   0000000000000028 00007fdf6d0717a0
0x0000000129f55db0:   00007fdf6e7f6a00 00007fdf6b6215a0
0x0000000129f55dc0:   0000000129f55de0 000000011c25c089
0x0000000129f55dd0:   0000000000000000 00007fdf6d066800
0x0000000129f55de0:   0000000129f55e20 00007fff8483d15a
0x0000000129f55df0:   00007fdf6b6215a0 0000000000000006
0x0000000129f55e00:   000000011e8feba8 0000000000000000
0x0000000129f55e10:   00007fdf6d066800 0000000000000001
0x0000000129f55e20:   0000000129f55e60 00007fff8477849f
0x0000000129f55e30:   0000000000000000 000000011e8feba0
0x0000000129f55e40:   00007fff73e02b40 00007fff73e02b80
0x0000000129f55e50:   00007fdf6e058600 00000000000008ff
0x0000000129f55e60:   0000000129f55e80 00007fff84dc077e
0x0000000129f55e70:   0000000000000000 00007fff73e02b78
0x0000000129f55e80:   0000000129f55ea0 00007fff8c88fc13
0x0000000129f55e90:   0000000000000000 0000000000000000
0x0000000129f55ea0:   0000000129f55f00 00007fff8c89288f
0x0000000129f55eb0:   0000000000000000 0000000000000000
0x0000000129f55ec0:   0000000000000000 00007fdf6b83a038
0x0000000129f55ed0:   0000000000000000 0000000000000000
0x0000000129f55ee0:   00000000000008ff 000000000000312b
0x0000000129f55ef0:   0000000129f56000 0000000000000015
0x0000000129f55f00:   0000000129f55f10 00007fff8c8a0fe4
0x0000000129f55f10:   0000000129f55f50 00007fff90e70637 

Instructions: (pc=0x00001234402fcde5)
0x00001234402fcdc5:   11 04 00 48 8d 97 30 11 04 00 40 84 f6 bb 00 00
0x00001234402fcdd5:   00 2d 41 bd 00 00 00 2c 44 0f 45 eb 48 0f 45 c8
0x00001234402fcde5:   8b 19 49 0f 45 d0 8b 02 48 89 45 c8 4c 8b 47 68
0x00001234402fcdf5:   48 8b b7 68 11 04 00 48 8b 46 28 4c 8b 88 88 16 

Register to memory mapping:

RAX=0x0000000000041134 is an unknown value
RBX=0x000000002d000000 is an unknown value
RCX=0x000000000004112c is an unknown value
RDX=0x0000000000041130 is an unknown value
RSP=0x0000000129f55d20 is an unknown value
RBP=0x0000000129f55d60 is an unknown value
RSI=0x0000000000000000 is an unknown value
RDI=0x0000000000000000 is an unknown value
R8 =0x0000000000041138 is an unknown value
R9 =0x00007fdf6b600000 is an unknown value
R10=0x000000000000000c is an unknown value
R11=0x00007fdf6b600000 is an unknown value
R12=0x0000000000000000 is an unknown value
R13=0x000000002c000000 is an unknown value
R14=0x000000011f218000 is an unknown value
R15=0x000000011f218000 is an unknown value


Stack: [0x0000000129ed6000,0x0000000129f56000],  sp=0x0000000129f55d20,  free space=511k
Native frames: (J=compiled Java code, j=interpreted, Vv=VM code, C=native code)
C  [GeForceTeslaGLDriver+0x2fcde5]  gldBlitFramebufferData+0x5b5
C  [GeForceTeslaGLDriver+0x2fcafd]  gldBlitFramebufferData+0x2cd
C  [libGPUSupport.dylib+0x5089]  gldUnbindFramebuffer+0x22
C  [GLEngine+0x11b15a]  gleUnbindAndFreeFramebufferObject+0x6c
C  [GLEngine+0x5649f]  glDeleteFramebuffersEXT_Exec+0x104
C  [QuartzCore+0x8c77e]  CA::(anonymous namespace)::AsyncDeletion::callback(void*)+0x2e
C  [libdispatch.dylib+0x1c13]  _dispatch_client_callout+0x8
C  [libdispatch.dylib+0x488f]  _dispatch_root_queue_drain+0x3a7
C  [libdispatch.dylib+0x12fe4]  _dispatch_worker_thread3+0x5b
C  [libsystem_pthread.dylib+0x3637]  _pthread_wqthread+0x2d9
C  [libsystem_pthread.dylib+0x140d]  start_wqthread+0xd


---------------  P R O C E S S  ---------------

VM state:not at safepoint (normal execution)

VM Mutex/Monitor currently owned by a thread: None

Heap:
 PSYoungGen      total 302592K, used 169770K [0x00000007aab00000, 0x00000007bff80000, 0x00000007c0000000)
  eden space 257024K, 56% used [0x00000007aab00000,0x00000007b37f04c0,0x00000007ba600000)
  from space 45568K, 55% used [0x00000007ba600000,0x00000007bbeda5c0,0x00000007bd280000)
  to   space 45056K, 0% used [0x00000007bd380000,0x00000007bd380000,0x00000007bff80000)
 ParOldGen       total 222208K, used 169835K [0x0000000780000000, 0x000000078d900000, 0x00000007aab00000)
  object space 222208K, 76% used [0x0000000780000000,0x000000078a5dac08,0x000000078d900000)
 Metaspace       used 24614K, capacity 24867K, committed 25344K, reserved 1071104K
  class space    used 2680K, capacity 2748K, committed 2816K, reserved 1048576K

Card table byte_map: [0x0000000113fc0000,0x00000001141c1000] byte_map_base: 0x00000001103c0000

Marking Bits: (ParMarkBitMap*) 0x0000000103ec07a0
 Begin Bits: [0x000000011441a000, 0x000000011541a000)
 End Bits:   [0x000000011541a000, 0x000000011641a000)

Polling page: 0x00000001046ad000

CodeCache: size=245760Kb used=11451Kb max_used=11632Kb free=234308Kb
 bounds [0x0000000104c00000, 0x0000000105780000, 0x0000000113c00000]
 total_blobs=4371 nmethods=3453 adapters=831
 compilation: enabled

Compilation events (10 events):
Event: 116.897 Thread 0x00007fdf6c0a4000 4186       3       javax.swing.JComponent::deregisterNextFocusableComponent (53 bytes)
Event: 116.898 Thread 0x00007fdf6c0a4000 nmethod 4186 0x00000001053fff50 code [0x0000000105400140, 0x0000000105400ba8]
Event: 116.914 Thread 0x00007fdf6c0a4000 4187       3       sun.java2d.pipe.Region::needSpace (45 bytes)
Event: 116.915 Thread 0x00007fdf6c0a4000 nmethod 4187 0x000000010557b690 code [0x000000010557b800, 0x000000010557bb08]
Event: 116.927 Thread 0x00007fdf6c0a4000 4188       3       sun.java2d.pipe.ValidatePipe::copyImage (29 bytes)
Event: 116.928 Thread 0x00007fdf6c0a4000 nmethod 4188 0x0000000105527250 code [0x0000000105527400, 0x0000000105527a28]
Event: 119.556 Thread 0x00007fdf6b809800 4189       4       sun.lwawt.LWContainerPeer::cutChildren (120 bytes)
Event: 119.610 Thread 0x00007fdf6b809800 nmethod 4189 0x00000001055a7690 code [0x00000001055a78e0, 0x00000001055a92f0]
Event: 119.807 Thread 0x00007fdf6b809800 4190   !   4       java.util.concurrent.locks.AbstractQueuedSynchronizer::acquireQueued (93 bytes)
Event: 119.816 Thread 0x00007fdf6b809800 nmethod 4190 0x0000000105531910 code [0x0000000105531a80, 0x0000000105531dd8]

GC Heap History (10 events):
Event: 66.311 GC heap before
{Heap before GC invocations=37 (full 6):
 PSYoungGen      total 294400K, used 247296K [0x00000007aab00000, 0x00000007bfc80000, 0x00000007c0000000)
  eden space 247296K, 100% used [0x00000007aab00000,0x00000007b9c80000,0x00000007b9c80000)
  from space 47104K, 0% used [0x00000007bce80000,0x00000007bce80000,0x00000007bfc80000)
  to   space 49152K, 0% used [0x00000007b9c80000,0x00000007b9c80000,0x00000007bcc80000)
 ParOldGen       total 222208K, used 140616K [0x0000000780000000, 0x000000078d900000, 0x00000007aab00000)
  object space 222208K, 63% used [0x0000000780000000,0x0000000788952390,0x000000078d900000)
 Metaspace       used 24296K, capacity 24533K, committed 24832K, reserved 1071104K
  class space    used 2676K, capacity 2747K, committed 2816K, reserved 1048576K
Event: 66.331 GC heap after
Heap after GC invocations=37 (full 6):
 PSYoungGen      total 296448K, used 5888K [0x00000007aab00000, 0x00000007c0000000, 0x00000007c0000000)
  eden space 247296K, 0% used [0x00000007aab00000,0x00000007aab00000,0x00000007b9c80000)
  from space 49152K, 11% used [0x00000007b9c80000,0x00000007ba240000,0x00000007bcc80000)
  to   space 48640K, 0% used [0x00000007bd080000,0x00000007bd080000,0x00000007c0000000)
 ParOldGen       total 222208K, used 140616K [0x0000000780000000, 0x000000078d900000, 0x00000007aab00000)
  object space 222208K, 63% used [0x0000000780000000,0x0000000788952390,0x000000078d900000)
 Metaspace       used 24296K, capacity 24533K, committed 24832K, reserved 1071104K
  class space    used 2676K, capacity 2747K, committed 2816K, reserved 1048576K
}
Event: 67.271 GC heap before
{Heap before GC invocations=38 (full 6):
 PSYoungGen      total 296448K, used 253184K [0x00000007aab00000, 0x00000007c0000000, 0x00000007c0000000)
  eden space 247296K, 100% used [0x00000007aab00000,0x00000007b9c80000,0x00000007b9c80000)
  from space 49152K, 11% used [0x00000007b9c80000,0x00000007ba240000,0x00000007bcc80000)
  to   space 48640K, 0% used [0x00000007bd080000,0x00000007bd080000,0x00000007c0000000)
 ParOldGen       total 222208K, used 140616K [0x0000000780000000, 0x000000078d900000, 0x00000007aab00000)
  object space 222208K, 63% used [0x0000000780000000,0x0000000788952390,0x000000078d900000)
 Metaspace       used 24301K, capacity 24533K, committed 24832K, reserved 1071104K
  class space    used 2676K, capacity 2747K, committed 2816K, reserved 1048576K
Event: 67.326 GC heap after
Heap after GC invocations=38 (full 6):
 PSYoungGen      total 294400K, used 17091K [0x00000007aab00000, 0x00000007bfa80000, 0x00000007c0000000)
  eden space 251392K, 0% used [0x00000007aab00000,0x00000007aab00000,0x00000007ba080000)
  from space 43008K, 39% used [0x00000007bd080000,0x00000007be130e38,0x00000007bfa80000)
  to   space 46080K, 0% used [0x00000007ba080000,0x00000007ba080000,0x00000007bcd80000)
 ParOldGen       total 222208K, used 146520K [0x0000000780000000, 0x000000078d900000, 0x00000007aab00000)
  object space 222208K, 65% used [0x0000000780000000,0x0000000788f16390,0x000000078d900000)
 Metaspace       used 24301K, capacity 24533K, committed 24832K, reserved 1071104K
  class space    used 2676K, capacity 2747K, committed 2816K, reserved 1048576K
}
Event: 68.676 GC heap before
{Heap before GC invocations=39 (full 6):
 PSYoungGen      total 294400K, used 268483K [0x00000007aab00000, 0x00000007bfa80000, 0x00000007c0000000)
  eden space 251392K, 100% used [0x00000007aab00000,0x00000007ba080000,0x00000007ba080000)
  from space 43008K, 39% used [0x00000007bd080000,0x00000007be130e38,0x00000007bfa80000)
  to   space 46080K, 0% used [0x00000007ba080000,0x00000007ba080000,0x00000007bcd80000)
 ParOldGen       total 222208K, used 146520K [0x0000000780000000, 0x000000078d900000, 0x00000007aab00000)
  object space 222208K, 65% used [0x0000000780000000,0x0000000788f16390,0x000000078d900000)
 Metaspace       used 24303K, capacity 24533K, committed 24832K, reserved 1071104K
  class space    used 2676K, capacity 2747K, committed 2816K, reserved 1048576K
Event: 68.748 GC heap after
Heap after GC invocations=39 (full 6):
 PSYoungGen      total 297472K, used 25449K [0x00000007aab00000, 0x00000007c0000000, 0x00000007c0000000)
  eden space 251392K, 0% used [0x00000007aab00000,0x00000007aab00000,0x00000007ba080000)
  from space 46080K, 55% used [0x00000007ba080000,0x00000007bb95a5c0,0x00000007bcd80000)
  to   space 46080K, 0% used [0x00000007bd300000,0x00000007bd300000,0x00000007c0000000)
 ParOldGen       total 222208K, used 157142K [0x0000000780000000, 0x000000078d900000, 0x00000007aab00000)
  object space 222208K, 70% used [0x0000000780000000,0x00000007899758a8,0x000000078d900000)
 Metaspace       used 24303K, capacity 24533K, committed 24832K, reserved 1071104K
  class space    used 2676K, capacity 2747K, committed 2816K, reserved 1048576K
}
Event: 69.637 GC heap before
{Heap before GC invocations=40 (full 6):
 PSYoungGen      total 297472K, used 276841K [0x00000007aab00000, 0x00000007c0000000, 0x00000007c0000000)
  eden space 251392K, 100% used [0x00000007aab00000,0x00000007ba080000,0x00000007ba080000)
  from space 46080K, 55% used [0x00000007ba080000,0x00000007bb95a5c0,0x00000007bcd80000)
  to   space 46080K, 0% used [0x00000007bd300000,0x00000007bd300000,0x00000007c0000000)
 ParOldGen       total 222208K, used 157142K [0x0000000780000000, 0x000000078d900000, 0x00000007aab00000)
  object space 222208K, 70% used [0x0000000780000000,0x00000007899758a8,0x000000078d900000)
 Metaspace       used 24306K, capacity 24533K, committed 24832K, reserved 1071104K
  class space    used 2676K, capacity 2747K, committed 2816K, reserved 1048576K
Event: 69.699 GC heap after
Heap after GC invocations=40 (full 6):
 PSYoungGen      total 302080K, used 25417K [0x00000007aab00000, 0x00000007bff00000, 0x00000007c0000000)
  eden space 257024K, 0% used [0x00000007aab00000,0x00000007aab00000,0x00000007ba600000)
  from space 45056K, 56% used [0x00000007bd300000,0x00000007bebd25c0,0x00000007bff00000)
  to   space 45568K, 0% used [0x00000007ba600000,0x00000007ba600000,0x00000007bd280000)
 ParOldGen       total 222208K, used 163488K [0x0000000780000000, 0x000000078d900000, 0x00000007aab00000)
  object space 222208K, 73% used [0x0000000780000000,0x0000000789fa8258,0x000000078d900000)
 Metaspace       used 24306K, capacity 24533K, committed 24832K, reserved 1071104K
  class space    used 2676K, capacity 2747K, committed 2816K, reserved 1048576K
}
Event: 70.627 GC heap before
{Heap before GC invocations=41 (full 6):
 PSYoungGen      total 302080K, used 282441K [0x00000007aab00000, 0x00000007bff00000, 0x00000007c0000000)
  eden space 257024K, 100% used [0x00000007aab00000,0x00000007ba600000,0x00000007ba600000)
  from space 45056K, 56% used [0x00000007bd300000,0x00000007bebd25c0,0x00000007bff00000)
  to   space 45568K, 0% used [0x00000007ba600000,0x00000007ba600000,0x00000007bd280000)
 ParOldGen       total 222208K, used 163488K [0x0000000780000000, 0x000000078d900000, 0x00000007aab00000)
  object space 222208K, 73% used [0x0000000780000000,0x0000000789fa8258,0x000000078d900000)
 Metaspace       used 24313K, capacity 24533K, committed 24832K, reserved 1071104K
  class space    used 2676K, capacity 2747K, committed 2816K, reserved 1048576K
Event: 70.713 GC heap after
Heap after GC invocations=41 (full 6):
 PSYoungGen      total 302592K, used 25449K [0x00000007aab00000, 0x00000007bff80000, 0x00000007c0000000)
  eden space 257024K, 0% used [0x00000007aab00000,0x00000007aab00000,0x00000007ba600000)
  from space 45568K, 55% used [0x00000007ba600000,0x00000007bbeda5c0,0x00000007bd280000)
  to   space 45056K, 0% used [0x00000007bd380000,0x00000007bd380000,0x00000007bff80000)
 ParOldGen       total 222208K, used 169835K [0x0000000780000000, 0x000000078d900000, 0x00000007aab00000)
  object space 222208K, 76% used [0x0000000780000000,0x000000078a5dac08,0x000000078d900000)
 Metaspace       used 24313K, capacity 24533K, committed 24832K, reserved 1071104K
  class space    used 2676K, capacity 2747K, committed 2816K, reserved 1048576K
}

Deoptimization events (10 events):
Event: 52.546 Thread 0x00007fdf6bb23800 Uncommon trap: reason=unstable_if action=reinterpret pc=0x0000000104d45558 method=java.nio.Bits.copyFromArray(Ljava/lang/Object;JJJJ)V @ 18
Event: 59.085 Thread 0x00007fdf6bb23800 Uncommon trap: reason=null_check action=make_not_entrant pc=0x00000001053be43c method=processing.core.PVector.equals(Ljava/lang/Object;)Z @ 1
Event: 61.383 Thread 0x00007fdf6bb23800 Uncommon trap: reason=class_check action=maybe_recompile pc=0x00000001051de168 method=java.awt.Container.findComponentAtImpl(IIZ)Ljava/awt/Component; @ 84
Event: 70.996 Thread 0x00007fdf6bb23800 Uncommon trap: reason=unstable_if action=reinterpret pc=0x0000000105586f4c method=processing.opengl.PShapeOpenGL.updateGeometryImpl()V @ 4
Event: 80.791 Thread 0x00007fdf6bb23800 Uncommon trap: reason=class_check action=maybe_recompile pc=0x00000001053c6470 method=java.util.AbstractCollection.toArray([Ljava/lang/Object;)[Ljava/lang/Object; @ 1
Event: 80.792 Thread 0x00007fdf6bb23800 Uncommon trap: reason=class_check action=maybe_recompile pc=0x00000001053c6470 method=java.util.AbstractCollection.toArray([Ljava/lang/Object;)[Ljava/lang/Object; @ 1
Event: 89.357 Thread 0x00007fdf6bb23800 Uncommon trap: reason=unstable_if action=reinterpret pc=0x0000000105726758 method=java.util.concurrent.locks.AbstractQueuedSynchronizer.isOnSyncQueue(Ljava/util/concurrent/locks/AbstractQueuedSynchronizer$Node;)Z @ 22
Event: 95.797 Thread 0x00007fdf6bb23800 Uncommon trap: reason=unstable_if action=reinterpret pc=0x00000001057231a8 method=java.awt.Container.getMouseEventTargetImpl(IIZLjava/awt/Container$EventTargetFilter;ZZ)Ljava/awt/Component; @ 218
Event: 106.820 Thread 0x00007fdf6bb23800 Uncommon trap: reason=class_check action=maybe_recompile pc=0x00000001053c6470 method=java.util.AbstractCollection.toArray([Ljava/lang/Object;)[Ljava/lang/Object; @ 1
Event: 118.123 Thread 0x00007fdf6c0ad000 Uncommon trap: reason=unstable_if action=reinterpret pc=0x000000010574a3e8 method=sun.java2d.pipe.Region.contains(II)Z @ 21

Internal exceptions (10 events):
Event: 0.515 Thread 0x00007fdf6c00e000 Exception <a 'java/io/FileNotFoundException'> (0x00000007aacb1ea0) thrown at [/Users/java_re/workspace/8-2-build-macosx-x86_64/jdk8u40/3153/hotspot/src/share/vm/prims/jni.cpp, line 709]
Event: 0.515 Thread 0x00007fdf6c00e000 Exception <a 'java/io/FileNotFoundException'> (0x00000007aacb29b8) thrown at [/Users/java_re/workspace/8-2-build-macosx-x86_64/jdk8u40/3153/hotspot/src/share/vm/prims/jni.cpp, line 709]
Event: 0.659 Thread 0x00007fdf6c00e000 Exception <a 'java/lang/NoSuchFieldError': method resolution failed> (0x00000007aade9768) thrown at [/Users/java_re/workspace/8-2-build-macosx-x86_64/jdk8u40/3153/hotspot/src/share/vm/prims/methodHandles.cpp, line 1125]
Event: 0.690 Thread 0x00007fdf6c00e000 Exception <a 'java/lang/NoSuchFieldError': method resolution failed> (0x00000007aadf81a8) thrown at [/Users/java_re/workspace/8-2-build-macosx-x86_64/jdk8u40/3153/hotspot/src/share/vm/prims/methodHandles.cpp, line 1125]
Event: 4.779 Thread 0x00007fdf6bb23800 Exception <a 'java/lang/NullPointerException'> (0x00000007ab1c4018) thrown at [/Users/java_re/workspace/8-2-build-macosx-x86_64/jdk8u40/3153/hotspot/src/share/vm/prims/jni.cpp, line 735]
Event: 21.759 Thread 0x00007fdf6bb23800 Exception <a 'java/lang/NullPointerException'> (0x00000007ab4fba88) thrown at [/Users/java_re/workspace/8-2-build-macosx-x86_64/jdk8u40/3153/hotspot/src/share/vm/interpreter/linkResolver.cpp, line 1280]
Event: 22.026 Thread 0x00007fdf6c44d000 Implicit null exception at 0x0000000104ff5957 to 0x0000000104ff65ec
Event: 22.067 Thread 0x00007fdf6c44d000 Exception <a 'java/lang/UnsatisfiedLinkError': com.jogamp.common.util.JarUtil.fixNativeLibAttribs(Ljava/lang/String;)Z> (0x00000007aab81740) thrown at [/Users/java_re/workspace/8-2-build-macosx-x86_64/jdk8u40/3153/hotspot/src/share/vm/prims/nativeLookup.c
Event: 42.565 Thread 0x00007fdf6bb23800 Implicit null exception at 0x000000010555c5fb to 0x000000010555ca2d
Event: 59.085 Thread 0x00007fdf6bb23800 Implicit null exception at 0x00000001053be3cc to 0x00000001053be42d

Events (10 events):
Event: 112.327 Thread 0x00007fdf6c0a4000 flushing nmethod 0x000000010560fe50
Event: 112.329 Thread 0x00007fdf6c0a4000 flushing nmethod 0x00000001056f1f50
Event: 112.329 Thread 0x00007fdf6c0a4000 flushing nmethod 0x00000001056f8cd0
Event: 118.123 Thread 0x00007fdf6c0ad000 Uncommon trap: trap_request=0xffffff65 fr.pc=0x000000010574a3e8
Event: 118.123 Thread 0x00007fdf6c0ad000 DEOPT PACKING pc=0x000000010574a3e8 sp=0x00007fff5c6fd7f0
Event: 118.123 Thread 0x00007fdf6c0ad000 DEOPT UNPACKING pc=0x0000000104c04f69 sp=0x00007fff5c6fd638 mode 2
Event: 120.117 loading class jogamp/opengl/macosx/cgl/MacOSXCGLContext$NSOpenGLImpl$DetachGLLayerCmd
Event: 120.117 loading class jogamp/opengl/macosx/cgl/MacOSXCGLContext$NSOpenGLImpl$DetachGLLayerCmd done
Event: 120.132 loading class jogamp/nativewindow/jawt/macosx/MacOSXJAWTWindow$3
Event: 120.132 loading class jogamp/nativewindow/jawt/macosx/MacOSXJAWTWindow$3 done


Dynamic libraries:
0x0000000002606000 	/System/Library/Frameworks/Cocoa.framework/Versions/A/Cocoa
0x0000000002606000 	/System/Library/Frameworks/Security.framework/Versions/A/Security
0x0000000002606000 	/System/Library/Frameworks/ApplicationServices.framework/Versions/A/ApplicationServices
0x0000000002606000 	/usr/lib/libz.1.dylib
0x0000000002606000 	/usr/lib/libSystem.B.dylib
0x0000000002606000 	/usr/lib/libobjc.A.dylib
0x0000000002606000 	/System/Library/Frameworks/CoreFoundation.framework/Versions/A/CoreFoundation
0x0000000002606000 	/System/Library/Frameworks/Foundation.framework/Versions/C/Foundation
0x0000000002606000 	/System/Library/Frameworks/AppKit.framework/Versions/C/AppKit
0x0000000002606000 	/System/Library/Frameworks/CoreData.framework/Versions/A/CoreData
0x0000000002606000 	/System/Library/PrivateFrameworks/RemoteViewServices.framework/Versions/A/RemoteViewServices
0x0000000002606000 	/System/Library/PrivateFrameworks/UIFoundation.framework/Versions/A/UIFoundation
0x0000000002606000 	/System/Library/Frameworks/IOSurface.framework/Versions/A/IOSurface
0x0000000002606000 	/System/Library/Frameworks/AudioToolbox.framework/Versions/A/AudioToolbox
0x0000000002606000 	/System/Library/Frameworks/AudioUnit.framework/Versions/A/AudioUnit
0x0000000002606000 	/System/Library/PrivateFrameworks/DataDetectorsCore.framework/Versions/A/DataDetectorsCore
0x0000000002606000 	/System/Library/PrivateFrameworks/DesktopServicesPriv.framework/Versions/A/DesktopServicesPriv
0x0000000002606000 	/System/Library/Frameworks/Carbon.framework/Versions/A/Frameworks/HIToolbox.framework/Versions/A/HIToolbox
0x0000000002606000 	/System/Library/Frameworks/QuartzCore.framework/Versions/A/QuartzCore
0x0000000002606000 	/System/Library/Frameworks/Carbon.framework/Versions/A/Frameworks/SpeechRecognition.framework/Versions/A/SpeechRecognition
0x0000000002606000 	/usr/lib/libauto.dylib
0x0000000002606000 	/usr/lib/libicucore.A.dylib
0x0000000002606000 	/usr/lib/libxml2.2.dylib
0x0000000002606000 	/System/Library/PrivateFrameworks/CoreUI.framework/Versions/A/CoreUI
0x0000000002606000 	/System/Library/Frameworks/CoreAudio.framework/Versions/A/CoreAudio
0x0000000002606000 	/System/Library/Frameworks/DiskArbitration.framework/Versions/A/DiskArbitration
0x0000000002606000 	/usr/lib/liblangid.dylib
0x0000000002606000 	/System/Library/PrivateFrameworks/MultitouchSupport.framework/Versions/A/MultitouchSupport
0x0000000002606000 	/System/Library/Frameworks/IOKit.framework/Versions/A/IOKit
0x0000000002606000 	/usr/lib/libDiagnosticMessagesClient.dylib
0x0000000002606000 	/System/Library/Frameworks/CoreServices.framework/Versions/A/CoreServices
0x0000000002606000 	/System/Library/PrivateFrameworks/PerformanceAnalysis.framework/Versions/A/PerformanceAnalysis
0x0000000002606000 	/System/Library/PrivateFrameworks/GenerationalStorage.framework/Versions/A/GenerationalStorage
0x0000000002606000 	/System/Library/Frameworks/OpenGL.framework/Versions/A/OpenGL
0x0000000002606000 	/System/Library/PrivateFrameworks/Sharing.framework/Versions/A/Sharing
0x0000000002606000 	/System/Library/Frameworks/CoreGraphics.framework/Versions/A/CoreGraphics
0x0000000002606000 	/System/Library/Frameworks/CoreText.framework/Versions/A/CoreText
0x0000000002606000 	/System/Library/Frameworks/ImageIO.framework/Versions/A/ImageIO
0x0000000002606000 	/usr/lib/libextension.dylib
0x0000000002606000 	/System/Library/PrivateFrameworks/Backup.framework/Versions/A/Backup
0x0000000002606000 	/usr/lib/libarchive.2.dylib
0x0000000002606000 	/System/Library/Frameworks/CFNetwork.framework/Versions/A/CFNetwork
0x0000000002606000 	/System/Library/Frameworks/SystemConfiguration.framework/Versions/A/SystemConfiguration
0x0000000002606000 	/usr/lib/libCRFSuite.dylib
0x0000000002606000 	/usr/lib/libc++.1.dylib
0x0000000002606000 	/usr/lib/libc++abi.dylib
0x0000000002606000 	/usr/lib/system/libcache.dylib
0x0000000002606000 	/usr/lib/system/libcommonCrypto.dylib
0x0000000002606000 	/usr/lib/system/libcompiler_rt.dylib
0x0000000002606000 	/usr/lib/system/libcopyfile.dylib
0x0000000002606000 	/usr/lib/system/libcorecrypto.dylib
0x0000000002606000 	/usr/lib/system/libdispatch.dylib
0x0000000002606000 	/usr/lib/system/libdyld.dylib
0x0000000002606000 	/usr/lib/system/libkeymgr.dylib
0x0000000002606000 	/usr/lib/system/liblaunch.dylib
0x0000000002606000 	/usr/lib/system/libmacho.dylib
0x0000000002606000 	/usr/lib/system/libquarantine.dylib
0x0000000002606000 	/usr/lib/system/libremovefile.dylib
0x0000000002606000 	/usr/lib/system/libsystem_asl.dylib
0x0000000002606000 	/usr/lib/system/libsystem_blocks.dylib
0x0000000002606000 	/usr/lib/system/libsystem_c.dylib
0x0000000002606000 	/usr/lib/system/libsystem_configuration.dylib
0x0000000002606000 	/usr/lib/system/libsystem_coreservices.dylib
0x0000000002606000 	/usr/lib/system/libsystem_coretls.dylib
0x0000000002606000 	/usr/lib/system/libsystem_dnssd.dylib
0x0000000002606000 	/usr/lib/system/libsystem_info.dylib
0x0000000002606000 	/usr/lib/system/libsystem_kernel.dylib
0x0000000002606000 	/usr/lib/system/libsystem_m.dylib
0x0000000002606000 	/usr/lib/system/libsystem_malloc.dylib
0x0000000002606000 	/usr/lib/system/libsystem_network.dylib
0x0000000002606000 	/usr/lib/system/libsystem_networkextension.dylib
0x0000000002606000 	/usr/lib/system/libsystem_notify.dylib
0x0000000002606000 	/usr/lib/system/libsystem_platform.dylib
0x0000000002606000 	/usr/lib/system/libsystem_pthread.dylib
0x0000000002606000 	/usr/lib/system/libsystem_sandbox.dylib
0x0000000002606000 	/usr/lib/system/libsystem_secinit.dylib
0x0000000002606000 	/usr/lib/system/libsystem_stats.dylib
0x0000000002606000 	/usr/lib/system/libsystem_trace.dylib
0x0000000002606000 	/usr/lib/system/libunc.dylib
0x0000000002606000 	/usr/lib/system/libunwind.dylib
0x0000000002606000 	/usr/lib/system/libxpc.dylib
0x0000000002606000 	/usr/lib/libbz2.1.0.dylib
0x0000000002606000 	/usr/lib/liblzma.5.dylib
0x0000000002606000 	/usr/lib/libbsm.0.dylib
0x0000000002606000 	/usr/lib/libsqlite3.dylib
0x0000000002606000 	/usr/lib/system/libkxld.dylib
0x0000000002606000 	/usr/lib/libxar.1.dylib
0x0000000002606000 	/usr/lib/libpam.2.dylib
0x0000000002606000 	/usr/lib/libOpenScriptingUtil.dylib
0x0000000002606000 	/System/Library/Frameworks/CoreServices.framework/Versions/A/Frameworks/FSEvents.framework/Versions/A/FSEvents
0x0000000002606000 	/System/Library/Frameworks/CoreServices.framework/Versions/A/Frameworks/CarbonCore.framework/Versions/A/CarbonCore
0x0000000002606000 	/System/Library/Frameworks/CoreServices.framework/Versions/A/Frameworks/Metadata.framework/Versions/A/Metadata
0x0000000002606000 	/System/Library/Frameworks/CoreServices.framework/Versions/A/Frameworks/OSServices.framework/Versions/A/OSServices
0x0000000002606000 	/System/Library/Frameworks/CoreServices.framework/Versions/A/Frameworks/SearchKit.framework/Versions/A/SearchKit
0x0000000002606000 	/System/Library/Frameworks/CoreServices.framework/Versions/A/Frameworks/AE.framework/Versions/A/AE
0x0000000002606000 	/System/Library/Frameworks/CoreServices.framework/Versions/A/Frameworks/LaunchServices.framework/Versions/A/LaunchServices
0x0000000002606000 	/System/Library/Frameworks/CoreServices.framework/Versions/A/Frameworks/DictionaryServices.framework/Versions/A/DictionaryServices
0x0000000002606000 	/System/Library/Frameworks/NetFS.framework/Versions/A/NetFS
0x0000000002606000 	/System/Library/PrivateFrameworks/NetAuth.framework/Versions/A/NetAuth
0x0000000002606000 	/System/Library/PrivateFrameworks/login.framework/Versions/A/Frameworks/loginsupport.framework/Versions/A/loginsupport
0x0000000002606000 	/System/Library/PrivateFrameworks/TCC.framework/Versions/A/TCC
0x0000000002606000 	/usr/lib/libmecabra.dylib
0x0000000002606000 	/System/Library/Frameworks/ApplicationServices.framework/Versions/A/Frameworks/ATS.framework/Versions/A/ATS
0x0000000002606000 	/System/Library/Frameworks/ApplicationServices.framework/Versions/A/Frameworks/ColorSync.framework/Versions/A/ColorSync
0x0000000002606000 	/System/Library/Frameworks/ApplicationServices.framework/Versions/A/Frameworks/HIServices.framework/Versions/A/HIServices
0x0000000002606000 	/System/Library/Frameworks/ApplicationServices.framework/Versions/A/Frameworks/LangAnalysis.framework/Versions/A/LangAnalysis
0x0000000002606000 	/System/Library/Frameworks/ApplicationServices.framework/Versions/A/Frameworks/PrintCore.framework/Versions/A/PrintCore
0x0000000002606000 	/System/Library/Frameworks/ApplicationServices.framework/Versions/A/Frameworks/QD.framework/Versions/A/QD
0x0000000002606000 	/System/Library/Frameworks/ApplicationServices.framework/Versions/A/Frameworks/SpeechSynthesis.framework/Versions/A/SpeechSynthesis
0x0000000002606000 	/System/Library/Frameworks/Accelerate.framework/Versions/A/Accelerate
0x0000000002606000 	/System/Library/Frameworks/Accelerate.framework/Versions/A/Frameworks/vImage.framework/Versions/A/vImage
0x0000000002606000 	/System/Library/Frameworks/Accelerate.framework/Versions/A/Frameworks/vecLib.framework/Versions/A/vecLib
0x0000000002606000 	/System/Library/Frameworks/Accelerate.framework/Versions/A/Frameworks/vecLib.framework/Versions/A/libvDSP.dylib
0x0000000002606000 	/System/Library/Frameworks/Accelerate.framework/Versions/A/Frameworks/vecLib.framework/Versions/A/libvMisc.dylib
0x0000000002606000 	/System/Library/Frameworks/Accelerate.framework/Versions/A/Frameworks/vecLib.framework/Versions/A/libLAPACK.dylib
0x0000000002606000 	/System/Library/Frameworks/Accelerate.framework/Versions/A/Frameworks/vecLib.framework/Versions/A/libBLAS.dylib
0x0000000002606000 	/System/Library/Frameworks/Accelerate.framework/Versions/A/Frameworks/vecLib.framework/Versions/A/libLinearAlgebra.dylib
0x0000000002606000 	/System/Library/Frameworks/ApplicationServices.framework/Versions/A/Frameworks/ATS.framework/Versions/A/Resources/libFontParser.dylib
0x0000000002606000 	/System/Library/Frameworks/ApplicationServices.framework/Versions/A/Frameworks/ATS.framework/Versions/A/Resources/libFontRegistry.dylib
0x0000000002606000 	/System/Library/PrivateFrameworks/AppleVPA.framework/Versions/A/AppleVPA
0x0000000002606000 	/System/Library/PrivateFrameworks/AppleJPEG.framework/Versions/A/AppleJPEG
0x0000000002606000 	/System/Library/Frameworks/ImageIO.framework/Versions/A/Resources/libJPEG.dylib
0x0000000002606000 	/System/Library/Frameworks/ImageIO.framework/Versions/A/Resources/libTIFF.dylib
0x0000000002606000 	/System/Library/Frameworks/ImageIO.framework/Versions/A/Resources/libPng.dylib
0x0000000002606000 	/System/Library/Frameworks/ImageIO.framework/Versions/A/Resources/libGIF.dylib
0x0000000002606000 	/System/Library/Frameworks/ImageIO.framework/Versions/A/Resources/libJP2.dylib
0x0000000002606000 	/System/Library/Frameworks/ImageIO.framework/Versions/A/Resources/libRadiance.dylib
0x0000000002606000 	/System/Library/Frameworks/CoreVideo.framework/Versions/A/CoreVideo
0x0000000002606000 	/System/Library/Frameworks/OpenGL.framework/Versions/A/Libraries/libGLU.dylib
0x0000000002606000 	/System/Library/Frameworks/OpenGL.framework/Versions/A/Libraries/libGFXShared.dylib
0x0000000002606000 	/System/Library/Frameworks/OpenGL.framework/Versions/A/Libraries/libGL.dylib
0x0000000002606000 	/System/Library/Frameworks/OpenGL.framework/Versions/A/Libraries/libGLImage.dylib
0x0000000002606000 	/System/Library/Frameworks/OpenGL.framework/Versions/A/Libraries/libCVMSPluginSupport.dylib
0x0000000002606000 	/System/Library/Frameworks/OpenGL.framework/Versions/A/Libraries/libCoreVMClient.dylib
0x0000000002606000 	/usr/lib/libcups.2.dylib
0x0000000002606000 	/System/Library/Frameworks/Kerberos.framework/Versions/A/Kerberos
0x0000000002606000 	/System/Library/Frameworks/GSS.framework/Versions/A/GSS
0x0000000002606000 	/usr/lib/libresolv.9.dylib
0x0000000002606000 	/usr/lib/libiconv.2.dylib
0x0000000002606000 	/System/Library/PrivateFrameworks/Heimdal.framework/Versions/A/Heimdal
0x0000000002606000 	/usr/lib/libheimdal-asn1.dylib
0x0000000002606000 	/System/Library/Frameworks/OpenDirectory.framework/Versions/A/OpenDirectory
0x0000000002606000 	/System/Library/PrivateFrameworks/CommonAuth.framework/Versions/A/CommonAuth
0x0000000002606000 	/System/Library/Frameworks/OpenDirectory.framework/Versions/A/Frameworks/CFOpenDirectory.framework/Versions/A/CFOpenDirectory
0x0000000002606000 	/System/Library/Frameworks/SecurityFoundation.framework/Versions/A/SecurityFoundation
0x0000000002606000 	/System/Library/PrivateFrameworks/LanguageModeling.framework/Versions/A/LanguageModeling
0x0000000002606000 	/usr/lib/libcmph.dylib
0x0000000002606000 	/System/Library/Frameworks/ServiceManagement.framework/Versions/A/ServiceManagement
0x0000000002606000 	/usr/lib/libxslt.1.dylib
0x0000000002606000 	/System/Library/Frameworks/Carbon.framework/Versions/A/Frameworks/Ink.framework/Versions/A/Ink
0x0000000002606000 	/System/Library/Frameworks/QuartzCore.framework/Versions/A/Frameworks/CoreImage.framework/Versions/A/CoreImage
0x0000000002606000 	/System/Library/PrivateFrameworks/CrashReporterSupport.framework/Versions/A/CrashReporterSupport
0x0000000002606000 	/System/Library/Frameworks/OpenCL.framework/Versions/A/OpenCL
0x0000000002606000 	/System/Library/PrivateFrameworks/FaceCore.framework/Versions/A/FaceCore
0x0000000002606000 	/System/Library/PrivateFrameworks/Ubiquity.framework/Versions/A/Ubiquity
0x0000000002606000 	/System/Library/PrivateFrameworks/IconServices.framework/Versions/A/IconServices
0x0000000002606000 	/System/Library/PrivateFrameworks/ChunkingLibrary.framework/Versions/A/ChunkingLibrary
0x0000000002606000 	/System/Library/PrivateFrameworks/Apple80211.framework/Versions/A/Apple80211
0x0000000002606000 	/System/Library/Frameworks/CoreWLAN.framework/Versions/A/CoreWLAN
0x0000000002606000 	/System/Library/Frameworks/IOBluetooth.framework/Versions/A/IOBluetooth
0x0000000002606000 	/System/Library/PrivateFrameworks/CoreWiFi.framework/Versions/A/CoreWiFi
0x0000000002606000 	/System/Library/Frameworks/CoreBluetooth.framework/Versions/A/CoreBluetooth
0x0000000002606000 	/System/Library/PrivateFrameworks/DebugSymbols.framework/Versions/A/DebugSymbols
0x0000000002606000 	/System/Library/PrivateFrameworks/CoreSymbolication.framework/Versions/A/CoreSymbolication
0x0000000002606000 	/System/Library/PrivateFrameworks/Symbolication.framework/Versions/A/Symbolication
0x0000000002606000 	/System/Library/PrivateFrameworks/SpeechRecognitionCore.framework/Versions/A/SpeechRecognitionCore
0x00000001035fe000 	/Library/Java/JavaVirtualMachines/jdk1.8.0_40.jdk/Contents/Home/jre/lib/server/libjvm.dylib
0x0000000002606000 	/usr/lib/libstdc++.6.dylib
0x000000010466a000 	/Library/Java/JavaVirtualMachines/jdk1.8.0_40.jdk/Contents/Home/jre/lib/libverify.dylib
0x0000000104678000 	/Library/Java/JavaVirtualMachines/jdk1.8.0_40.jdk/Contents/Home/jre/lib/libjava.dylib
0x00000001046ce000 	/Library/Java/JavaVirtualMachines/jdk1.8.0_40.jdk/Contents/Home/jre/lib/libzip.dylib
0x0000000117db1000 	/System/Library/Frameworks/JavaVM.framework/Frameworks/JavaRuntimeSupport.framework/JavaRuntimeSupport
0x0000000117dc9000 	/System/Library/Frameworks/JavaVM.framework/Versions/A/Frameworks/JavaNativeFoundation.framework/Versions/A/JavaNativeFoundation
0x00000001047ef000 	/System/Library/Frameworks/JavaVM.framework/Versions/A/JavaVM
0x0000000002606000 	/System/Library/Frameworks/Carbon.framework/Versions/A/Carbon
0x0000000117dde000 	/System/Library/PrivateFrameworks/JavaLaunching.framework/Versions/A/JavaLaunching
0x0000000002606000 	/System/Library/Frameworks/Carbon.framework/Versions/A/Frameworks/CommonPanels.framework/Versions/A/CommonPanels
0x0000000002606000 	/System/Library/Frameworks/Carbon.framework/Versions/A/Frameworks/Help.framework/Versions/A/Help
0x0000000002606000 	/System/Library/Frameworks/Carbon.framework/Versions/A/Frameworks/ImageCapture.framework/Versions/A/ImageCapture
0x0000000002606000 	/System/Library/Frameworks/Carbon.framework/Versions/A/Frameworks/OpenScripting.framework/Versions/A/OpenScripting
0x0000000002606000 	/System/Library/Frameworks/Carbon.framework/Versions/A/Frameworks/Print.framework/Versions/A/Print
0x0000000002606000 	/System/Library/Frameworks/Carbon.framework/Versions/A/Frameworks/SecurityHI.framework/Versions/A/SecurityHI
0x0000000119b8a000 	/Library/Java/JavaVirtualMachines/jdk1.8.0_40.jdk/Contents/Home/jre/lib/libawt.dylib
0x0000000119c32000 	/Library/Java/JavaVirtualMachines/jdk1.8.0_40.jdk/Contents/Home/jre/lib/./libmlib_image.dylib
0x0000000119cfe000 	/Library/Java/JavaVirtualMachines/jdk1.8.0_40.jdk/Contents/Home/jre/lib/libawt_lwawt.dylib
0x0000000119db2000 	/Library/Java/JavaVirtualMachines/jdk1.8.0_40.jdk/Contents/Home/jre/lib/./libosxapp.dylib
0x0000000002606000 	/System/Library/Frameworks/ExceptionHandling.framework/Versions/A/ExceptionHandling
0x0000000002606000 	/System/Library/PrivateFrameworks/CoreServicesInternal.framework/Versions/A/CoreServicesInternal
0x0000000002606000 	/System/Library/PrivateFrameworks/CloudDocs.framework/Versions/A/CloudDocs
0x0000000002606000 	/System/Library/PrivateFrameworks/CoreDuet.framework/Versions/A/CoreDuet
0x0000000002606000 	/System/Library/Frameworks/CloudKit.framework/Versions/A/CloudKit
0x0000000002606000 	/System/Library/PrivateFrameworks/ProtocolBuffer.framework/Versions/A/ProtocolBuffer
0x0000000002606000 	/System/Library/PrivateFrameworks/CoreDuetDaemonProtocol.framework/Versions/A/CoreDuetDaemonProtocol
0x0000000002606000 	/System/Library/PrivateFrameworks/CoreDuetDebugLogging.framework/Versions/A/CoreDuetDebugLogging
0x0000000002606000 	/System/Library/PrivateFrameworks/MMCS.framework/Versions/A/MMCS
0x0000000002606000 	/System/Library/Frameworks/CoreLocation.framework/Versions/A/CoreLocation
0x0000000002606000 	/System/Library/PrivateFrameworks/ProtectedCloudStorage.framework/Versions/A/ProtectedCloudStorage
0x0000000002606000 	/System/Library/PrivateFrameworks/GeoServices.framework/Versions/A/GeoServices
0x0000000002606000 	/System/Library/Frameworks/CoreGraphics.framework/Versions/A/Resources/libCGCMS.A.dylib
0x0000000002606000 	/System/Library/Frameworks/CoreGraphics.framework/Versions/A/Resources/libRIP.A.dylib
0x0000000002606000 	/System/Library/Frameworks/CoreGraphics.framework/Versions/A/Resources/libCGXType.A.dylib
0x0000000002606000 	/System/Library/Frameworks/OpenCL.framework/Versions/A/Libraries/libcldcpuengine.dylib
0x0000000002606000 	/System/Library/PrivateFrameworks/DiskImages.framework/Versions/A/DiskImages
0x0000000002606000 	/System/Library/Frameworks/DiscRecording.framework/Versions/A/DiscRecording
0x0000000002606000 	/usr/lib/libcsfde.dylib
0x0000000002606000 	/usr/lib/libcurl.4.dylib
0x0000000002606000 	/System/Library/PrivateFrameworks/MediaKit.framework/Versions/A/MediaKit
0x0000000002606000 	/usr/lib/libCoreStorage.dylib
0x0000000002606000 	/System/Library/PrivateFrameworks/EFILogin.framework/Versions/A/EFILogin
0x0000000002606000 	/usr/lib/libutil.dylib
0x0000000002606000 	/System/Library/PrivateFrameworks/FindMyDevice.framework/Versions/A/FindMyDevice
0x0000000002606000 	/System/Library/Frameworks/LDAP.framework/Versions/A/LDAP
0x0000000002606000 	/usr/lib/libsasl2.2.dylib
0x0000000002606000 	/System/Library/PrivateFrameworks/CoreDaemon.framework/Versions/B/CoreDaemon
0x0000000002606000 	/usr/lib/libcrypto.0.9.8.dylib
0x0000000002606000 	/System/Library/PrivateFrameworks/AppleSRP.framework/Versions/A/AppleSRP
0x0000000002606000 	/System/Library/PrivateFrameworks/TrustEvaluationAgent.framework/Versions/A/TrustEvaluationAgent
0x000000011cd0d000 	cl_kernels
0x000000011cd0f000 	/System/Library/Frameworks/OpenCL.framework/Versions/A/Libraries/ImageFormats/unorm8_bgra.dylib
0x000000011cd00000 	cl_kernels
0x0000000002606000 	/System/Library/PrivateFrameworks/FamilyControls.framework/Versions/A/FamilyControls
0x0000000002606000 	/System/Library/PrivateFrameworks/CommerceKit.framework/Versions/A/Frameworks/CommerceCore.framework/Versions/A/CommerceCore
0x0000000002606000 	/System/Library/PrivateFrameworks/SystemAdministration.framework/Versions/A/SystemAdministration
0x0000000002606000 	/System/Library/PrivateFrameworks/AppContainer.framework/Versions/A/AppContainer
0x0000000002606000 	/System/Library/PrivateFrameworks/SecCodeWrapper.framework/Versions/A/SecCodeWrapper
0x0000000002606000 	/System/Library/Frameworks/DirectoryService.framework/Versions/A/DirectoryService
0x0000000002606000 	/System/Library/PrivateFrameworks/LoginUIKit.framework/Versions/A/Frameworks/LoginUICore.framework/Versions/A/LoginUICore
0x0000000002606000 	/usr/lib/libodfde.dylib
0x0000000002606000 	/System/Library/Frameworks/OpenGL.framework/Versions/A/Resources/GLEngine.bundle/GLEngine
0x0000000002606000 	/System/Library/Frameworks/OpenGL.framework/Versions/A/Libraries/libGLProgrammability.dylib
0x0000000000000000 	/System/Library/Extensions/GeForceTeslaGLDriver.bundle/Contents/MacOS/GeForceTeslaGLDriver
0x000000011dfd5000 	/System/Library/Extensions/GeForceTeslaGLDriver.bundle/Contents/MacOS/libclh.dylib
0x000000011c257000 	/System/Library/PrivateFrameworks/GPUSupport.framework/Versions/A/Libraries/libGPUSupport.dylib
0x0000000002606000 	/System/Library/Frameworks/OpenGL.framework/Versions/A/Resources/GLRendererFloat.bundle/GLRendererFloat
0x000000011ee97000 	/Library/Java/JavaVirtualMachines/jdk1.8.0_40.jdk/Contents/Home/jre/lib/libfontmanager.dylib
0x000000011eefe000 	/Library/Java/JavaVirtualMachines/jdk1.8.0_40.jdk/Contents/Home/jre/lib/libosxui.dylib
0x00000001201b9000 	/Library/Java/JavaVirtualMachines/jdk1.8.0_40.jdk/Contents/Home/jre/lib/libnet.dylib
0x0000000120218000 	/Library/Java/JavaVirtualMachines/jdk1.8.0_40.jdk/Contents/Home/jre/lib/libnio.dylib
0x0000000002606000 	/System/Library/Frameworks/Accelerate.framework/Versions/A/Frameworks/vImage.framework/Versions/A/Libraries/libCGInterfaces.dylib
0x0000000002606000 	/System/Library/Frameworks/ApplicationServices.framework/Versions/A/Frameworks/ATS.framework/Versions/A/Resources/libTrueTypeScaler.dylib
0x00000001275a3000 	/Library/Java/JavaVirtualMachines/jdk1.8.0_40.jdk/Contents/Home/jre/lib/libdcpr.dylib
0x000000011f50d000 	/Library/Java/JavaVirtualMachines/jdk1.8.0_40.jdk/Contents/Home/jre/lib/libjpeg.dylib
0x000000011c179000 	/private/var/folders/qb/fyk2pzts049fy26p5l3gqcf40000gn/T/jogamp_0000/file_cache/jln8766789733247062223/jln5694668354480843056/libgluegen-rt.jnilib
0x000000011c15e000 	/private/var/folders/qb/fyk2pzts049fy26p5l3gqcf40000gn/T/jogamp_0000/file_cache/jln8766789733247062223/jln5694668354480843056/libnativewindow_awt.jnilib
0x000000011e8ff000 	/Library/Java/JavaVirtualMachines/jdk1.8.0_40.jdk/Contents/Home/jre/lib/libjawt.dylib
0x000000011c101000 	/private/var/folders/qb/fyk2pzts049fy26p5l3gqcf40000gn/T/jogamp_0000/file_cache/jln8766789733247062223/jln5694668354480843056/libnativewindow_macosx.jnilib
0x0000000120a7f000 	/private/var/folders/qb/fyk2pzts049fy26p5l3gqcf40000gn/T/jogamp_0000/file_cache/jln8766789733247062223/jln5694668354480843056/libjogl_desktop.jnilib

VM Arguments:
jvm_args: -Dfile.encoding=UTF-8 
java_command: main.Driver
java_class_path (initial): /Users/Luke/DecorativeMosaic/bin:/Users/Luke/DecorativeMosaic/lib/core.jar:/Users/Luke/DecorativeMosaic/lib/gluegen-rt.jar:/Users/Luke/DecorativeMosaic/lib/jogl-all.jar:/Users/Luke/DecorativeMosaic/lib/jogl-all-natives-macosx-universal.jar:/Applications/eclipse/plugins/org.junit_4.11.0.v201303080030/junit.jar:/Applications/eclipse/plugins/org.hamcrest.core_1.3.0.v201303031735.jar
Launcher Type: SUN_STANDARD

Environment Variables:
PATH=/usr/bin:/bin:/usr/sbin:/sbin
SHELL=/bin/bash

Signal Handlers:
SIGSEGV: [libjvm.dylib+0x58ef95], sa_mask[0]=11111111011111110111111111111111, sa_flags=SA_ONSTACK|SA_RESTART|SA_SIGINFO
SIGBUS: [libjvm.dylib+0x58ef95], sa_mask[0]=11111111011111110111111111111111, sa_flags=SA_RESTART|SA_SIGINFO
SIGFPE: [libjvm.dylib+0x46c118], sa_mask[0]=11111111011111110111111111111111, sa_flags=SA_RESTART|SA_SIGINFO
SIGPIPE: [libjvm.dylib+0x46c118], sa_mask[0]=11111111011111110111111111111111, sa_flags=SA_RESTART|SA_SIGINFO
SIGXFSZ: [libjvm.dylib+0x46c118], sa_mask[0]=11111111011111110111111111111111, sa_flags=SA_RESTART|SA_SIGINFO
SIGILL: [libjvm.dylib+0x46c118], sa_mask[0]=11111111011111110111111111111111, sa_flags=SA_RESTART|SA_SIGINFO
SIGUSR1: SIG_DFL, sa_mask[0]=00000000000000000000000000000000, sa_flags=none
SIGUSR2: [libjvm.dylib+0x46bc36], sa_mask[0]=00100000000000000000000000000000, sa_flags=SA_RESTART|SA_SIGINFO
SIGHUP: [libjvm.dylib+0x46a209], sa_mask[0]=11111111011111110111111111111111, sa_flags=SA_RESTART|SA_SIGINFO
SIGINT: [libjvm.dylib+0x46a209], sa_mask[0]=11111111011111110111111111111111, sa_flags=SA_RESTART|SA_SIGINFO
SIGTERM: [libjvm.dylib+0x46a209], sa_mask[0]=11111111011111110111111111111111, sa_flags=SA_RESTART|SA_SIGINFO
SIGQUIT: [libjvm.dylib+0x46a209], sa_mask[0]=11111111011111110111111111111111, sa_flags=SA_RESTART|SA_SIGINFO


---------------  S Y S T E M  ---------------

OS:Bsduname:Darwin 14.4.0 Darwin Kernel Version 14.4.0: Thu May 28 11:35:04 PDT 2015; root:xnu-2782.30.5~1/RELEASE_X86_64 x86_64
rlimit: STACK 8192k, CORE 0k, NPROC 709, NOFILE 10240, AS infinity
load average:1.78 1.69 1.72

CPU:total 2 (2 cores per cpu, 1 threads per core) family 6 model 23 stepping 10, cmov, cx8, fxsr, mmx, sse, sse2, sse3, ssse3, sse4.1, tsc

Memory: 4k page, physical 4194304k(26936k free)

/proc/meminfo:


vm_info: Java HotSpot(TM) 64-Bit Server VM (25.40-b25) for bsd-amd64 JRE (1.8.0_40-b27), built on Mar 13 2015 04:46:52 by "java_re" with gcc 4.2.1 (Based on Apple Inc. build 5658) (LLVM build 2336.11.00)

time: Mon Sep 21 20:00:24 2015
elapsed time: 120 seconds (0d 0h 2m 0s)

