#
# A fatal error has been detected by the Java Runtime Environment:
#
#  SIGSEGV (0xb) at pc=0x00001234402fcde5, pid=12602, tid=34843
#
# JRE version: Java(TM) SE Runtime Environment (8.0_40-b27) (build 1.8.0_40-b27)
# Java VM: Java HotSpot(TM) 64-Bit Server VM (25.40-b25 mixed mode bsd-amd64 compressed oops)
# Problematic frame:
# C  [GeForceTeslaGLDriver+0x2fcde5]  gldBlitFramebufferData+0x5b5
#
# Failed to write core dump. Core dumps have been disabled. To enable core dumping, try "ulimit -c unlimited" before starting Java again
#
# If you would like to submit a bug report, please visit:
#   http://bugreport.java.com/bugreport/crash.jsp
#

---------------  T H R E A D  ---------------

Current thread is native thread

siginfo: si_signo: 11 (SIGSEGV), si_code: 1 (SEGV_MAPERR), si_addr: 0x000000000004112c

Registers:
RAX=0x0000000000041134, RBX=0x000000002d000000, RCX=0x000000000004112c, RDX=0x0000000000041130
RSP=0x000000012c4e0d20, RBP=0x000000012c4e0d60, RSI=0x0000000000000000, RDI=0x0000000000000000
R8 =0x0000000000041138, R9 =0x00000000fffffe00, R10=0x000000000017b714, R11=0x0000000000000246
R12=0x0000000000000000, R13=0x000000002c000000, R14=0x0000000128369000, R15=0x0000000128369000
RIP=0x00001234402fcde5, EFLAGS=0x0000000000010246, ERR=0x0000000000000004
  TRAPNO=0x000000000000000e

Top of Stack: (sp=0x000000012c4e0d20)
0x000000012c4e0d20:   0000123441b57060 0000000000000001
0x000000012c4e0d30:   000000002c4e0d60 0000000128d1d000
0x000000012c4e0d40:   0000000000000000 00007fe7c98679a0
0x000000012c4e0d50:   0000000128369000 00007fe7c860d660
0x000000012c4e0d60:   000000012c4e0dc0 00001234402fcafd
0x000000012c4e0d70:   00007fe7c860a400 0000000100000000
0x000000012c4e0d80:   0000000000000007 0000000128369000
0x000000012c4e0d90:   0000000000000000 0000000128369000
0x000000012c4e0da0:   0000000000000028 00007fe7c98679a0
0x000000012c4e0db0:   00007fe7c9434a00 00007fe7c860d660
0x000000012c4e0dc0:   000000012c4e0de0 000000011f2de089
0x000000012c4e0dd0:   0000000000000000 00007fe7c985ca00
0x000000012c4e0de0:   000000012c4e0e20 00007fff8483d15a
0x000000012c4e0df0:   00007fe7c860d660 0000000000000005
0x000000012c4e0e00:   00000001222339a8 0000000000000000
0x000000012c4e0e10:   00007fe7c985ca00 0000000000000001
0x000000012c4e0e20:   000000012c4e0e60 00007fff8477849f
0x000000012c4e0e30:   0000000000000000 00000001222339a0
0x000000012c4e0e40:   00007fff73e02b40 00007fff73e02b80
0x000000012c4e0e50:   00007fe7c9480c00 00000000000008ff
0x000000012c4e0e60:   000000012c4e0e80 00007fff84dc077e
0x000000012c4e0e70:   0000000000000000 00007fff73e02b78
0x000000012c4e0e80:   000000012c4e0ea0 00007fff8c88fc13
0x000000012c4e0e90:   0000000000000000 0000000000000000
0x000000012c4e0ea0:   000000012c4e0f00 00007fff8c89288f
0x000000012c4e0eb0:   0000000000000000 0000000000000000
0x000000012c4e0ec0:   0000000000000000 00007fe7c8abd038
0x000000012c4e0ed0:   0000000000000000 0000000000000000
0x000000012c4e0ee0:   00000000000008ff 000000000000881b
0x000000012c4e0ef0:   000000012c4e1000 0000000000000015
0x000000012c4e0f00:   000000012c4e0f10 00007fff8c8a0fe4
0x000000012c4e0f10:   000000012c4e0f50 00007fff90e70637 

Instructions: (pc=0x00001234402fcde5)
0x00001234402fcdc5:   11 04 00 48 8d 97 30 11 04 00 40 84 f6 bb 00 00
0x00001234402fcdd5:   00 2d 41 bd 00 00 00 2c 44 0f 45 eb 48 0f 45 c8
0x00001234402fcde5:   8b 19 49 0f 45 d0 8b 02 48 89 45 c8 4c 8b 47 68
0x00001234402fcdf5:   48 8b b7 68 11 04 00 48 8b 46 28 4c 8b 88 88 16 

Register to memory mapping:

RAX=0x0000000000041134 is an unknown value
RBX=0x000000002d000000 is an unknown value
RCX=0x000000000004112c is an unknown value
RDX=0x0000000000041130 is an unknown value
RSP=0x000000012c4e0d20 is an unknown value
RBP=0x000000012c4e0d60 is an unknown value
RSI=0x0000000000000000 is an unknown value
RDI=0x0000000000000000 is an unknown value
R8 =0x0000000000041138 is an unknown value
R9 =0x00000000fffffe00 is an unknown value
R10=0x000000000017b714 is an unknown value
R11=0x0000000000000246 is an unknown value
R12=0x0000000000000000 is an unknown value
R13=0x000000002c000000 is an unknown value
R14=0x0000000128369000 is an unknown value
R15=0x0000000128369000 is an unknown value


Stack: [0x000000012c461000,0x000000012c4e1000],  sp=0x000000012c4e0d20,  free space=511k
Native frames: (J=compiled Java code, j=interpreted, Vv=VM code, C=native code)
C  [GeForceTeslaGLDriver+0x2fcde5]  gldBlitFramebufferData+0x5b5
C  [GeForceTeslaGLDriver+0x2fcafd]  gldBlitFramebufferData+0x2cd
C  [libGPUSupport.dylib+0x5089]  gldUnbindFramebuffer+0x22
C  [GLEngine+0x11b15a]  gleUnbindAndFreeFramebufferObject+0x6c
C  [GLEngine+0x5649f]  glDeleteFramebuffersEXT_Exec+0x104
C  [QuartzCore+0x8c77e]  _ZN2CA12_GLOBAL__N_113AsyncDeletion8callbackEPv+0x2e
C  [libdispatch.dylib+0x1c13]  _dispatch_client_callout+0x8
C  [libdispatch.dylib+0x488f]  _dispatch_root_queue_drain+0x3a7
C  [libdispatch.dylib+0x12fe4]  _dispatch_worker_thread3+0x5b
C  [libsystem_pthread.dylib+0x3637]  _pthread_wqthread+0x2d9
C  [libsystem_pthread.dylib+0x140d]  start_wqthread+0xd


---------------  P R O C E S S  ---------------

VM state:not at safepoint (normal execution)

VM Mutex/Monitor currently owned by a thread: None

Heap:
 PSYoungGen      total 318464K, used 136984K [0x00000007aab00000, 0x00000007c0000000, 0x00000007c0000000)
  eden space 291840K, 37% used [0x00000007aab00000,0x00000007b171b4c0,0x00000007bc800000)
  from space 26624K, 98% used [0x00000007bc800000,0x00000007be1aaf30,0x00000007be200000)
  to   space 30720K, 0% used [0x00000007be200000,0x00000007be200000,0x00000007c0000000)
 ParOldGen       total 164352K, used 138150K [0x0000000780000000, 0x000000078a080000, 0x00000007aab00000)
  object space 164352K, 84% used [0x0000000780000000,0x00000007886e9b58,0x000000078a080000)
 Metaspace       used 20105K, capacity 20315K, committed 20608K, reserved 1067008K
  class space    used 2030K, capacity 2092K, committed 2176K, reserved 1048576K

Card table byte_map: [0x000000011702c000,0x000000011722d000] byte_map_base: 0x000000011342c000

Marking Bits: (ParMarkBitMap*) 0x00000001074c27a0
 Begin Bits: [0x0000000117589000, 0x0000000118589000)
 End Bits:   [0x0000000118589000, 0x0000000119589000)

Polling page: 0x0000000106772000

CodeCache: size=245760Kb used=8643Kb max_used=8643Kb free=237116Kb
 bounds [0x0000000107c6c000, 0x00000001084ec000, 0x0000000116c6c000]
 total_blobs=3434 nmethods=2548 adapters=801
 compilation: enabled

Compilation events (10 events):
Event: 29.950 Thread 0x00007fe7c88cb000 2761       3       java.awt.Component::contains (7 bytes)
Event: 29.951 Thread 0x00007fe7c88cb000 nmethod 2761 0x00000001084de410 code [0x00000001084de580, 0x00000001084de8b0]
Event: 30.034 Thread 0x00007fe7c88cb000 2762       3       java.util.concurrent.locks.ReentrantLock::unlock (10 bytes)
Event: 30.035 Thread 0x00007fe7c88cb000 nmethod 2762 0x00000001084e2990 code [0x00000001084e2b20, 0x00000001084e2f18]
Event: 30.099 Thread 0x00007fe7c88cb000 2763       3       java.util.concurrent.locks.ReentrantLock$Sync::tryRelease (45 bytes)
Event: 30.100 Thread 0x00007fe7c88cb000 nmethod 2763 0x00000001084e3050 code [0x00000001084e31e0, 0x00000001084e3788]
Event: 30.448 Thread 0x00007fe7c88cb000 2764       3       sun.java2d.pipe.Region::getScaledRegion (416 bytes)
Event: 30.450 Thread 0x00007fe7c88cb000 nmethod 2764 0x00000001084e38d0 code [0x00000001084e3b40, 0x00000001084e4938]
Event: 31.162 Thread 0x00007fe7c88cb000 2765       3       java.lang.Thread::sleep (61 bytes)
Event: 31.163 Thread 0x00007fe7c88cb000 nmethod 2765 0x00000001084e5390 code [0x00000001084e5540, 0x00000001084e59a8]

GC Heap History (10 events):
Event: 16.411 GC heap before
{Heap before GC invocations=20 (full 2):
 PSYoungGen      total 338944K, used 6848K [0x00000007aab00000, 0x00000007c0000000, 0x00000007c0000000)
  eden space 328192K, 0% used [0x00000007aab00000,0x00000007aab00000,0x00000007beb80000)
  from space 10752K, 63% used [0x00000007bf580000,0x00000007bfc30000,0x00000007c0000000)
  to   space 10240K, 0% used [0x00000007beb80000,0x00000007beb80000,0x00000007bf580000)
 ParOldGen       total 70656K, used 66828K [0x0000000780000000, 0x0000000784500000, 0x00000007aab00000)
  object space 70656K, 94% used [0x0000000780000000,0x0000000784143380,0x0000000784500000)
 Metaspace       used 18457K, capacity 18677K, committed 18944K, reserved 1067008K
  class space    used 1908K, capacity 1995K, committed 2048K, reserved 1048576K
Event: 17.211 GC heap after
Heap after GC invocations=20 (full 2):
 PSYoungGen      total 338944K, used 2211K [0x00000007aab00000, 0x00000007c0000000, 0x00000007c0000000)
  eden space 328192K, 0% used [0x00000007aab00000,0x00000007aab00000,0x00000007beb80000)
  from space 10752K, 20% used [0x00000007bf580000,0x00000007bf7a8fc8,0x00000007c0000000)
  to   space 10240K, 0% used [0x00000007beb80000,0x00000007beb80000,0x00000007bf580000)
 ParOldGen       total 110592K, used 70501K [0x0000000780000000, 0x0000000786c00000, 0x00000007aab00000)
  object space 110592K, 63% used [0x0000000780000000,0x00000007844d9508,0x0000000786c00000)
 Metaspace       used 18457K, capacity 18677K, committed 18944K, reserved 1067008K
  class space    used 1908K, capacity 1995K, committed 2048K, reserved 1048576K
}
Event: 19.732 GC heap before
{Heap before GC invocations=21 (full 2):
 PSYoungGen      total 338944K, used 330403K [0x00000007aab00000, 0x00000007c0000000, 0x00000007c0000000)
  eden space 328192K, 100% used [0x00000007aab00000,0x00000007beb80000,0x00000007beb80000)
  from space 10752K, 20% used [0x00000007bf580000,0x00000007bf7a8fc8,0x00000007c0000000)
  to   space 10240K, 0% used [0x00000007beb80000,0x00000007beb80000,0x00000007bf580000)
 ParOldGen       total 110592K, used 70501K [0x0000000780000000, 0x0000000786c00000, 0x00000007aab00000)
  object space 110592K, 63% used [0x0000000780000000,0x00000007844d9508,0x0000000786c00000)
 Metaspace       used 19787K, capacity 19995K, committed 20352K, reserved 1067008K
  class space    used 2018K, capacity 2092K, committed 2176K, reserved 1048576K
Event: 19.943 GC heap after
Heap after GC invocations=21 (full 2):
 PSYoungGen      total 338432K, used 10230K [0x00000007aab00000, 0x00000007c0000000, 0x00000007c0000000)
  eden space 328192K, 0% used [0x00000007aab00000,0x00000007aab00000,0x00000007beb80000)
  from space 10240K, 99% used [0x00000007beb80000,0x00000007bf57d8e8,0x00000007bf580000)
  to   space 10752K, 0% used [0x00000007bf580000,0x00000007bf580000,0x00000007c0000000)
 ParOldGen       total 110592K, used 96634K [0x0000000780000000, 0x0000000786c00000, 0x00000007aab00000)
  object space 110592K, 87% used [0x0000000780000000,0x0000000785e5e9e0,0x0000000786c00000)
 Metaspace       used 19787K, capacity 19995K, committed 20352K, reserved 1067008K
  class space    used 2018K, capacity 2092K, committed 2176K, reserved 1048576K
}
Event: 19.943 GC heap before
{Heap before GC invocations=22 (full 3):
 PSYoungGen      total 338432K, used 10230K [0x00000007aab00000, 0x00000007c0000000, 0x00000007c0000000)
  eden space 328192K, 0% used [0x00000007aab00000,0x00000007aab00000,0x00000007beb80000)
  from space 10240K, 99% used [0x00000007beb80000,0x00000007bf57d8e8,0x00000007bf580000)
  to   space 10752K, 0% used [0x00000007bf580000,0x00000007bf580000,0x00000007c0000000)
 ParOldGen       total 110592K, used 96634K [0x0000000780000000, 0x0000000786c00000, 0x00000007aab00000)
  object space 110592K, 87% used [0x0000000780000000,0x0000000785e5e9e0,0x0000000786c00000)
 Metaspace       used 19787K, capacity 19995K, committed 20352K, reserved 1067008K
  class space    used 2018K, capacity 2092K, committed 2176K, reserved 1048576K
Event: 20.800 GC heap after
Heap after GC invocations=22 (full 3):
 PSYoungGen      total 338432K, used 0K [0x00000007aab00000, 0x00000007c0000000, 0x00000007c0000000)
  eden space 328192K, 0% used [0x00000007aab00000,0x00000007aab00000,0x00000007beb80000)
  from space 10240K, 0% used [0x00000007beb80000,0x00000007beb80000,0x00000007bf580000)
  to   space 10752K, 0% used [0x00000007bf580000,0x00000007bf580000,0x00000007c0000000)
 ParOldGen       total 164352K, used 106458K [0x0000000780000000, 0x000000078a080000, 0x00000007aab00000)
  object space 164352K, 64% used [0x0000000780000000,0x00000007867f6a48,0x000000078a080000)
 Metaspace       used 19787K, capacity 19995K, committed 20352K, reserved 1067008K
  class space    used 2018K, capacity 2092K, committed 2176K, reserved 1048576K
}
Event: 22.626 GC heap before
{Heap before GC invocations=23 (full 3):
 PSYoungGen      total 338432K, used 328192K [0x00000007aab00000, 0x00000007c0000000, 0x00000007c0000000)
  eden space 328192K, 100% used [0x00000007aab00000,0x00000007beb80000,0x00000007beb80000)
  from space 10240K, 0% used [0x00000007beb80000,0x00000007beb80000,0x00000007bf580000)
  to   space 10752K, 0% used [0x00000007bf580000,0x00000007bf580000,0x00000007c0000000)
 ParOldGen       total 164352K, used 106458K [0x0000000780000000, 0x000000078a080000, 0x00000007aab00000)
  object space 164352K, 64% used [0x0000000780000000,0x00000007867f6a48,0x000000078a080000)
 Metaspace       used 19844K, capacity 20059K, committed 20352K, reserved 1067008K
  class space    used 2019K, capacity 2092K, committed 2176K, reserved 1048576K
Event: 22.783 GC heap after
Heap after GC invocations=23 (full 3):
 PSYoungGen      total 302592K, used 10724K [0x00000007aab00000, 0x00000007c0000000, 0x00000007c0000000)
  eden space 291840K, 0% used [0x00000007aab00000,0x00000007aab00000,0x00000007bc800000)
  from space 10752K, 99% used [0x00000007bf580000,0x00000007bfff9370,0x00000007c0000000)
  to   space 28672K, 0% used [0x00000007bc800000,0x00000007bc800000,0x00000007be400000)
 ParOldGen       total 164352K, used 128153K [0x0000000780000000, 0x000000078a080000, 0x00000007aab00000)
  object space 164352K, 77% used [0x0000000780000000,0x0000000787d267f8,0x000000078a080000)
 Metaspace       used 19844K, capacity 20059K, committed 20352K, reserved 1067008K
  class space    used 2019K, capacity 2092K, committed 2176K, reserved 1048576K
}
Event: 24.615 GC heap before
{Heap before GC invocations=24 (full 3):
 PSYoungGen      total 302592K, used 302564K [0x00000007aab00000, 0x00000007c0000000, 0x00000007c0000000)
  eden space 291840K, 100% used [0x00000007aab00000,0x00000007bc800000,0x00000007bc800000)
  from space 10752K, 99% used [0x00000007bf580000,0x00000007bfff9370,0x00000007c0000000)
  to   space 28672K, 0% used [0x00000007bc800000,0x00000007bc800000,0x00000007be400000)
 ParOldGen       total 164352K, used 128153K [0x0000000780000000, 0x000000078a080000, 0x00000007aab00000)
  object space 164352K, 77% used [0x0000000780000000,0x0000000787d267f8,0x000000078a080000)
 Metaspace       used 19847K, capacity 20123K, committed 20352K, reserved 1067008K
  class space    used 2019K, capacity 2092K, committed 2176K, reserved 1048576K
Event: 24.743 GC heap after
Heap after GC invocations=24 (full 3):
 PSYoungGen      total 318464K, used 26283K [0x00000007aab00000, 0x00000007c0000000, 0x00000007c0000000)
  eden space 291840K, 0% used [0x00000007aab00000,0x00000007aab00000,0x00000007bc800000)
  from space 26624K, 98% used [0x00000007bc800000,0x00000007be1aaf30,0x00000007be200000)
  to   space 30720K, 0% used [0x00000007be200000,0x00000007be200000,0x00000007c0000000)
 ParOldGen       total 164352K, used 138150K [0x0000000780000000, 0x000000078a080000, 0x00000007aab00000)
  object space 164352K, 84% used [0x0000000780000000,0x00000007886e9b58,0x000000078a080000)
 Metaspace       used 19847K, capacity 20123K, committed 20352K, reserved 1067008K
  class space    used 2019K, capacity 2092K, committed 2176K, reserved 1048576K
}

Deoptimization events (10 events):
Event: 18.501 Thread 0x00007fe7c8b79800 Uncommon trap: reason=unstable_if action=reinterpret pc=0x0000000107d76eac method=processing.opengl.PGraphicsOpenGL.loadPixels()V @ 34
Event: 18.748 Thread 0x00007fe7c8b79800 Uncommon trap: reason=unstable_if action=reinterpret pc=0x00000001083326c4 method=java.awt.image.DirectColorModel.getDataElements(ILjava/lang/Object;)Ljava/lang/Object; @ 11
Event: 18.769 Thread 0x00007fe7c8b79800 Uncommon trap: reason=unstable_if action=reinterpret pc=0x0000000107df7144 method=java.lang.Integer.equals(Ljava/lang/Object;)Z @ 18
Event: 18.830 Thread 0x00007fe7c8b79800 Uncommon trap: reason=unstable_if action=reinterpret pc=0x0000000107e05610 method=processing.opengl.PGraphicsOpenGL.loadPixels()V @ 34
Event: 25.078 Thread 0x00007fe7c8b79800 Uncommon trap: reason=unstable_if action=reinterpret pc=0x000000010822ff6c method=processing.opengl.PShapeOpenGL.vertexImpl(FFFFF)V @ 151
Event: 25.120 Thread 0x00007fe7c8b79800 Uncommon trap: reason=unstable_if action=reinterpret pc=0x0000000108411a18 method=jogamp.opengl.glu.tessellator.Render.__gl_renderCache(Ljogamp/opengl/glu/tessellator/GLUtessellatorImpl;)Z @ 102
Event: 25.120 Thread 0x00007fe7c8b79800 Uncommon trap: reason=unstable_if action=reinterpret pc=0x0000000108401c9c method=jogamp.opengl.glu.tessellator.Render.__gl_renderMesh(Ljogamp/opengl/glu/tessellator/GLUtessellatorImpl;Ljogamp/opengl/glu/tessellator/GLUmesh;)V @ 102
Event: 25.214 Thread 0x00007fe7c8b79800 Uncommon trap: reason=unstable_if action=reinterpret pc=0x0000000108429a14 method=processing.opengl.PShapeOpenGL.transform(I[F)V @ 403
Event: 29.879 Thread 0x00007fe7c8b79800 Uncommon trap: reason=unstable_if action=reinterpret pc=0x0000000108152178 method=java.util.concurrent.locks.ReentrantLock$Sync.tryRelease(I)Z @ 28
Event: 29.879 Thread 0x00007fe7c8b79800 Uncommon trap: reason=unstable_if action=reinterpret pc=0x0000000107f08b24 method=java.util.concurrent.locks.ReentrantLock$Sync.tryRelease(I)Z @ 28

Internal exceptions (10 events):
Event: 0.826 Thread 0x00007fe7c8812800 Exception <a 'java/io/FileNotFoundException'> (0x00000007aacb1cd0) thrown at [/Users/java_re/workspace/8-2-build-macosx-x86_64/jdk8u40/3153/hotspot/src/share/vm/prims/jni.cpp, line 709]
Event: 0.826 Thread 0x00007fe7c8812800 Exception <a 'java/io/FileNotFoundException'> (0x00000007aacb27e8) thrown at [/Users/java_re/workspace/8-2-build-macosx-x86_64/jdk8u40/3153/hotspot/src/share/vm/prims/jni.cpp, line 709]
Event: 0.904 Thread 0x00007fe7c8812800 Exception <a 'java/lang/NoSuchFieldError': method resolution failed> (0x00000007aade9600) thrown at [/Users/java_re/workspace/8-2-build-macosx-x86_64/jdk8u40/3153/hotspot/src/share/vm/prims/methodHandles.cpp, line 1125]
Event: 0.907 Thread 0x00007fe7c8812800 Exception <a 'java/lang/NoSuchFieldError': method resolution failed> (0x00000007aadf8040) thrown at [/Users/java_re/workspace/8-2-build-macosx-x86_64/jdk8u40/3153/hotspot/src/share/vm/prims/methodHandles.cpp, line 1125]
Event: 3.756 Thread 0x00007fe7c8b79800 Exception <a 'java/io/FileNotFoundException'> (0x00000007ab363828) thrown at [/Users/java_re/workspace/8-2-build-macosx-x86_64/jdk8u40/3153/hotspot/src/share/vm/prims/jni.cpp, line 709]
Event: 3.839 Thread 0x00007fe7c8b79800 Exception <a 'java/lang/NullPointerException'> (0x00000007ab867010) thrown at [/Users/java_re/workspace/8-2-build-macosx-x86_64/jdk8u40/3153/hotspot/src/share/vm/interpreter/linkResolver.cpp, line 1280]
Event: 4.331 Thread 0x00007fe7c8d19000 Exception <a 'java/lang/UnsatisfiedLinkError': com.jogamp.common.util.JarUtil.fixNativeLibAttribs(Ljava/lang/String;)Z> (0x00000007ab016ae0) thrown at [/Users/java_re/workspace/8-2-build-macosx-x86_64/jdk8u40/3153/hotspot/src/share/vm/prims/nativeLookup.c
Event: 14.228 Thread 0x00007fe7c8873000 Exception <a 'java/lang/NullPointerException'> (0x00000007aae3de78) thrown at [/Users/java_re/workspace/8-2-build-macosx-x86_64/jdk8u40/3153/hotspot/src/share/vm/interpreter/linkResolver.cpp, line 1178]
Event: 14.229 Thread 0x00007fe7c8873000 Exception <a 'java/lang/NullPointerException'> (0x00000007aae3e038) thrown at [/Users/java_re/workspace/8-2-build-macosx-x86_64/jdk8u40/3153/hotspot/src/share/vm/interpreter/linkResolver.cpp, line 1178]
Event: 18.748 Thread 0x00007fe7c8b79800 Implicit null exception at 0x000000010833227b to 0x00000001083326ad

Events (10 events):
Event: 29.879 loading class javax/swing/TimerQueue$DelayedTimer done
Event: 29.879 Thread 0x00007fe7c8b79800 Uncommon trap: trap_request=0xffffff65 fr.pc=0x0000000107f08b24
Event: 29.879 Thread 0x00007fe7c8b79800 DEOPT PACKING pc=0x0000000107f08b24 sp=0x00000001220cf310
Event: 29.879 Thread 0x00007fe7c8b79800 DEOPT UNPACKING pc=0x0000000107c70f69 sp=0x00000001220cf2b8 mode 2
Event: 30.014 loading class javax/swing/Timer$1
Event: 30.014 loading class javax/swing/Timer$1 done
Event: 31.271 loading class jogamp/opengl/macosx/cgl/MacOSXCGLContext$NSOpenGLImpl$DetachGLLayerCmd
Event: 31.271 loading class jogamp/opengl/macosx/cgl/MacOSXCGLContext$NSOpenGLImpl$DetachGLLayerCmd done
Event: 31.273 loading class jogamp/nativewindow/jawt/macosx/MacOSXJAWTWindow$3
Event: 31.273 loading class jogamp/nativewindow/jawt/macosx/MacOSXJAWTWindow$3 done


Dynamic libraries:
0x0000000002606000 	/System/Library/Frameworks/Cocoa.framework/Versions/A/Cocoa
0x0000000002606000 	/System/Library/Frameworks/Security.framework/Versions/A/Security
0x0000000002606000 	/System/Library/Frameworks/ApplicationServices.framework/Versions/A/ApplicationServices
0x0000000002606000 	/usr/lib/libz.1.dylib
0x0000000002606000 	/usr/lib/libSystem.B.dylib
0x0000000002606000 	/usr/lib/libobjc.A.dylib
0x0000000002606000 	/System/Library/Frameworks/CoreFoundation.framework/Versions/A/CoreFoundation
0x0000000002606000 	/System/Library/Frameworks/Foundation.framework/Versions/C/Foundation
0x0000000002606000 	/System/Library/Frameworks/AppKit.framework/Versions/C/AppKit
0x0000000002606000 	/System/Library/Frameworks/CoreData.framework/Versions/A/CoreData
0x0000000002606000 	/System/Library/PrivateFrameworks/RemoteViewServices.framework/Versions/A/RemoteViewServices
0x0000000002606000 	/System/Library/PrivateFrameworks/UIFoundation.framework/Versions/A/UIFoundation
0x0000000002606000 	/System/Library/Frameworks/IOSurface.framework/Versions/A/IOSurface
0x0000000002606000 	/System/Library/Frameworks/AudioToolbox.framework/Versions/A/AudioToolbox
0x0000000002606000 	/System/Library/Frameworks/AudioUnit.framework/Versions/A/AudioUnit
0x0000000002606000 	/System/Library/PrivateFrameworks/DataDetectorsCore.framework/Versions/A/DataDetectorsCore
0x0000000002606000 	/System/Library/PrivateFrameworks/DesktopServicesPriv.framework/Versions/A/DesktopServicesPriv
0x0000000002606000 	/System/Library/Frameworks/Carbon.framework/Versions/A/Frameworks/HIToolbox.framework/Versions/A/HIToolbox
0x0000000002606000 	/System/Library/Frameworks/QuartzCore.framework/Versions/A/QuartzCore
0x0000000002606000 	/System/Library/Frameworks/Carbon.framework/Versions/A/Frameworks/SpeechRecognition.framework/Versions/A/SpeechRecognition
0x0000000002606000 	/usr/lib/libauto.dylib
0x0000000002606000 	/usr/lib/libicucore.A.dylib
0x0000000002606000 	/usr/lib/libxml2.2.dylib
0x0000000002606000 	/System/Library/PrivateFrameworks/CoreUI.framework/Versions/A/CoreUI
0x0000000002606000 	/System/Library/Frameworks/CoreAudio.framework/Versions/A/CoreAudio
0x0000000002606000 	/System/Library/Frameworks/DiskArbitration.framework/Versions/A/DiskArbitration
0x0000000002606000 	/usr/lib/liblangid.dylib
0x0000000002606000 	/System/Library/PrivateFrameworks/MultitouchSupport.framework/Versions/A/MultitouchSupport
0x0000000002606000 	/System/Library/Frameworks/IOKit.framework/Versions/A/IOKit
0x0000000002606000 	/usr/lib/libDiagnosticMessagesClient.dylib
0x0000000002606000 	/System/Library/Frameworks/CoreServices.framework/Versions/A/CoreServices
0x0000000002606000 	/System/Library/PrivateFrameworks/PerformanceAnalysis.framework/Versions/A/PerformanceAnalysis
0x0000000002606000 	/System/Library/PrivateFrameworks/GenerationalStorage.framework/Versions/A/GenerationalStorage
0x0000000002606000 	/System/Library/Frameworks/OpenGL.framework/Versions/A/OpenGL
0x0000000002606000 	/System/Library/PrivateFrameworks/Sharing.framework/Versions/A/Sharing
0x0000000002606000 	/System/Library/Frameworks/CoreGraphics.framework/Versions/A/CoreGraphics
0x0000000002606000 	/System/Library/Frameworks/CoreText.framework/Versions/A/CoreText
0x0000000002606000 	/System/Library/Frameworks/ImageIO.framework/Versions/A/ImageIO
0x0000000002606000 	/usr/lib/libextension.dylib
0x0000000002606000 	/System/Library/PrivateFrameworks/Backup.framework/Versions/A/Backup
0x0000000002606000 	/usr/lib/libarchive.2.dylib
0x0000000002606000 	/System/Library/Frameworks/CFNetwork.framework/Versions/A/CFNetwork
0x0000000002606000 	/System/Library/Frameworks/SystemConfiguration.framework/Versions/A/SystemConfiguration
0x0000000002606000 	/usr/lib/libCRFSuite.dylib
0x0000000002606000 	/usr/lib/libc++.1.dylib
0x0000000002606000 	/usr/lib/libc++abi.dylib
0x0000000002606000 	/usr/lib/system/libcache.dylib
0x0000000002606000 	/usr/lib/system/libcommonCrypto.dylib
0x0000000002606000 	/usr/lib/system/libcompiler_rt.dylib
0x0000000002606000 	/usr/lib/system/libcopyfile.dylib
0x0000000002606000 	/usr/lib/system/libcorecrypto.dylib
0x0000000002606000 	/usr/lib/system/libdispatch.dylib
0x0000000002606000 	/usr/lib/system/libdyld.dylib
0x0000000002606000 	/usr/lib/system/libkeymgr.dylib
0x0000000002606000 	/usr/lib/system/liblaunch.dylib
0x0000000002606000 	/usr/lib/system/libmacho.dylib
0x0000000002606000 	/usr/lib/system/libquarantine.dylib
0x0000000002606000 	/usr/lib/system/libremovefile.dylib
0x0000000002606000 	/usr/lib/system/libsystem_asl.dylib
0x0000000002606000 	/usr/lib/system/libsystem_blocks.dylib
0x0000000002606000 	/usr/lib/system/libsystem_c.dylib
0x0000000002606000 	/usr/lib/system/libsystem_configuration.dylib
0x0000000002606000 	/usr/lib/system/libsystem_coreservices.dylib
0x0000000002606000 	/usr/lib/system/libsystem_coretls.dylib
0x0000000002606000 	/usr/lib/system/libsystem_dnssd.dylib
0x0000000002606000 	/usr/lib/system/libsystem_info.dylib
0x0000000002606000 	/usr/lib/system/libsystem_kernel.dylib
0x0000000002606000 	/usr/lib/system/libsystem_m.dylib
0x0000000002606000 	/usr/lib/system/libsystem_malloc.dylib
0x0000000002606000 	/usr/lib/system/libsystem_network.dylib
0x0000000002606000 	/usr/lib/system/libsystem_networkextension.dylib
0x0000000002606000 	/usr/lib/system/libsystem_notify.dylib
0x0000000002606000 	/usr/lib/system/libsystem_platform.dylib
0x0000000002606000 	/usr/lib/system/libsystem_pthread.dylib
0x0000000002606000 	/usr/lib/system/libsystem_sandbox.dylib
0x0000000002606000 	/usr/lib/system/libsystem_secinit.dylib
0x0000000002606000 	/usr/lib/system/libsystem_stats.dylib
0x0000000002606000 	/usr/lib/system/libsystem_trace.dylib
0x0000000002606000 	/usr/lib/system/libunc.dylib
0x0000000002606000 	/usr/lib/system/libunwind.dylib
0x0000000002606000 	/usr/lib/system/libxpc.dylib
0x0000000002606000 	/usr/lib/libbz2.1.0.dylib
0x0000000002606000 	/usr/lib/liblzma.5.dylib
0x0000000002606000 	/usr/lib/libbsm.0.dylib
0x0000000002606000 	/usr/lib/libsqlite3.dylib
0x0000000002606000 	/usr/lib/system/libkxld.dylib
0x0000000002606000 	/usr/lib/libxar.1.dylib
0x0000000002606000 	/usr/lib/libpam.2.dylib
0x0000000002606000 	/usr/lib/libOpenScriptingUtil.dylib
0x0000000002606000 	/System/Library/Frameworks/CoreServices.framework/Versions/A/Frameworks/FSEvents.framework/Versions/A/FSEvents
0x0000000002606000 	/System/Library/Frameworks/CoreServices.framework/Versions/A/Frameworks/CarbonCore.framework/Versions/A/CarbonCore
0x0000000002606000 	/System/Library/Frameworks/CoreServices.framework/Versions/A/Frameworks/Metadata.framework/Versions/A/Metadata
0x0000000002606000 	/System/Library/Frameworks/CoreServices.framework/Versions/A/Frameworks/OSServices.framework/Versions/A/OSServices
0x0000000002606000 	/System/Library/Frameworks/CoreServices.framework/Versions/A/Frameworks/SearchKit.framework/Versions/A/SearchKit
0x0000000002606000 	/System/Library/Frameworks/CoreServices.framework/Versions/A/Frameworks/AE.framework/Versions/A/AE
0x0000000002606000 	/System/Library/Frameworks/CoreServices.framework/Versions/A/Frameworks/LaunchServices.framework/Versions/A/LaunchServices
0x0000000002606000 	/System/Library/Frameworks/CoreServices.framework/Versions/A/Frameworks/DictionaryServices.framework/Versions/A/DictionaryServices
0x0000000002606000 	/System/Library/Frameworks/NetFS.framework/Versions/A/NetFS
0x0000000002606000 	/System/Library/PrivateFrameworks/NetAuth.framework/Versions/A/NetAuth
0x0000000002606000 	/System/Library/PrivateFrameworks/login.framework/Versions/A/Frameworks/loginsupport.framework/Versions/A/loginsupport
0x0000000002606000 	/System/Library/PrivateFrameworks/TCC.framework/Versions/A/TCC
0x0000000002606000 	/usr/lib/libmecabra.dylib
0x0000000002606000 	/System/Library/Frameworks/ApplicationServices.framework/Versions/A/Frameworks/ATS.framework/Versions/A/ATS
0x0000000002606000 	/System/Library/Frameworks/ApplicationServices.framework/Versions/A/Frameworks/ColorSync.framework/Versions/A/ColorSync
0x0000000002606000 	/System/Library/Frameworks/ApplicationServices.framework/Versions/A/Frameworks/HIServices.framework/Versions/A/HIServices
0x0000000002606000 	/System/Library/Frameworks/ApplicationServices.framework/Versions/A/Frameworks/LangAnalysis.framework/Versions/A/LangAnalysis
0x0000000002606000 	/System/Library/Frameworks/ApplicationServices.framework/Versions/A/Frameworks/PrintCore.framework/Versions/A/PrintCore
0x0000000002606000 	/System/Library/Frameworks/ApplicationServices.framework/Versions/A/Frameworks/QD.framework/Versions/A/QD
0x0000000002606000 	/System/Library/Frameworks/ApplicationServices.framework/Versions/A/Frameworks/SpeechSynthesis.framework/Versions/A/SpeechSynthesis
0x0000000002606000 	/System/Library/Frameworks/Accelerate.framework/Versions/A/Accelerate
0x0000000002606000 	/System/Library/Frameworks/Accelerate.framework/Versions/A/Frameworks/vImage.framework/Versions/A/vImage
0x0000000002606000 	/System/Library/Frameworks/Accelerate.framework/Versions/A/Frameworks/vecLib.framework/Versions/A/vecLib
0x0000000002606000 	/System/Library/Frameworks/Accelerate.framework/Versions/A/Frameworks/vecLib.framework/Versions/A/libvDSP.dylib
0x0000000002606000 	/System/Library/Frameworks/Accelerate.framework/Versions/A/Frameworks/vecLib.framework/Versions/A/libvMisc.dylib
0x0000000002606000 	/System/Library/Frameworks/Accelerate.framework/Versions/A/Frameworks/vecLib.framework/Versions/A/libLAPACK.dylib
0x0000000002606000 	/System/Library/Frameworks/Accelerate.framework/Versions/A/Frameworks/vecLib.framework/Versions/A/libBLAS.dylib
0x0000000002606000 	/System/Library/Frameworks/Accelerate.framework/Versions/A/Frameworks/vecLib.framework/Versions/A/libLinearAlgebra.dylib
0x0000000002606000 	/System/Library/Frameworks/ApplicationServices.framework/Versions/A/Frameworks/ATS.framework/Versions/A/Resources/libFontParser.dylib
0x0000000002606000 	/System/Library/Frameworks/ApplicationServices.framework/Versions/A/Frameworks/ATS.framework/Versions/A/Resources/libFontRegistry.dylib
0x0000000002606000 	/System/Library/PrivateFrameworks/AppleVPA.framework/Versions/A/AppleVPA
0x0000000002606000 	/System/Library/PrivateFrameworks/AppleJPEG.framework/Versions/A/AppleJPEG
0x0000000002606000 	/System/Library/Frameworks/ImageIO.framework/Versions/A/Resources/libJPEG.dylib
0x0000000002606000 	/System/Library/Frameworks/ImageIO.framework/Versions/A/Resources/libTIFF.dylib
0x0000000002606000 	/System/Library/Frameworks/ImageIO.framework/Versions/A/Resources/libPng.dylib
0x0000000002606000 	/System/Library/Frameworks/ImageIO.framework/Versions/A/Resources/libGIF.dylib
0x0000000002606000 	/System/Library/Frameworks/ImageIO.framework/Versions/A/Resources/libJP2.dylib
0x0000000002606000 	/System/Library/Frameworks/ImageIO.framework/Versions/A/Resources/libRadiance.dylib
0x0000000002606000 	/System/Library/Frameworks/CoreVideo.framework/Versions/A/CoreVideo
0x0000000002606000 	/System/Library/Frameworks/OpenGL.framework/Versions/A/Libraries/libGLU.dylib
0x0000000002606000 	/System/Library/Frameworks/OpenGL.framework/Versions/A/Libraries/libGFXShared.dylib
0x0000000002606000 	/System/Library/Frameworks/OpenGL.framework/Versions/A/Libraries/libGL.dylib
0x0000000002606000 	/System/Library/Frameworks/OpenGL.framework/Versions/A/Libraries/libGLImage.dylib
0x0000000002606000 	/System/Library/Frameworks/OpenGL.framework/Versions/A/Libraries/libCVMSPluginSupport.dylib
0x0000000002606000 	/System/Library/Frameworks/OpenGL.framework/Versions/A/Libraries/libCoreVMClient.dylib
0x0000000002606000 	/usr/lib/libcups.2.dylib
0x0000000002606000 	/System/Library/Frameworks/Kerberos.framework/Versions/A/Kerberos
0x0000000002606000 	/System/Library/Frameworks/GSS.framework/Versions/A/GSS
0x0000000002606000 	/usr/lib/libresolv.9.dylib
0x0000000002606000 	/usr/lib/libiconv.2.dylib
0x0000000002606000 	/System/Library/PrivateFrameworks/Heimdal.framework/Versions/A/Heimdal
0x0000000002606000 	/usr/lib/libheimdal-asn1.dylib
0x0000000002606000 	/System/Library/Frameworks/OpenDirectory.framework/Versions/A/OpenDirectory
0x0000000002606000 	/System/Library/PrivateFrameworks/CommonAuth.framework/Versions/A/CommonAuth
0x0000000002606000 	/System/Library/Frameworks/OpenDirectory.framework/Versions/A/Frameworks/CFOpenDirectory.framework/Versions/A/CFOpenDirectory
0x0000000002606000 	/System/Library/Frameworks/SecurityFoundation.framework/Versions/A/SecurityFoundation
0x0000000002606000 	/System/Library/PrivateFrameworks/LanguageModeling.framework/Versions/A/LanguageModeling
0x0000000002606000 	/usr/lib/libcmph.dylib
0x0000000002606000 	/System/Library/Frameworks/ServiceManagement.framework/Versions/A/ServiceManagement
0x0000000002606000 	/usr/lib/libxslt.1.dylib
0x0000000002606000 	/System/Library/Frameworks/Carbon.framework/Versions/A/Frameworks/Ink.framework/Versions/A/Ink
0x0000000002606000 	/System/Library/Frameworks/QuartzCore.framework/Versions/A/Frameworks/CoreImage.framework/Versions/A/CoreImage
0x0000000002606000 	/System/Library/PrivateFrameworks/CrashReporterSupport.framework/Versions/A/CrashReporterSupport
0x0000000002606000 	/System/Library/Frameworks/OpenCL.framework/Versions/A/OpenCL
0x0000000002606000 	/System/Library/PrivateFrameworks/FaceCore.framework/Versions/A/FaceCore
0x0000000002606000 	/System/Library/PrivateFrameworks/Ubiquity.framework/Versions/A/Ubiquity
0x0000000002606000 	/System/Library/PrivateFrameworks/IconServices.framework/Versions/A/IconServices
0x0000000002606000 	/System/Library/PrivateFrameworks/ChunkingLibrary.framework/Versions/A/ChunkingLibrary
0x0000000002606000 	/System/Library/PrivateFrameworks/Apple80211.framework/Versions/A/Apple80211
0x0000000002606000 	/System/Library/Frameworks/CoreWLAN.framework/Versions/A/CoreWLAN
0x0000000002606000 	/System/Library/Frameworks/IOBluetooth.framework/Versions/A/IOBluetooth
0x0000000002606000 	/System/Library/PrivateFrameworks/CoreWiFi.framework/Versions/A/CoreWiFi
0x0000000002606000 	/System/Library/Frameworks/CoreBluetooth.framework/Versions/A/CoreBluetooth
0x0000000002606000 	/System/Library/PrivateFrameworks/DebugSymbols.framework/Versions/A/DebugSymbols
0x0000000002606000 	/System/Library/PrivateFrameworks/CoreSymbolication.framework/Versions/A/CoreSymbolication
0x0000000002606000 	/System/Library/PrivateFrameworks/Symbolication.framework/Versions/A/Symbolication
0x0000000002606000 	/System/Library/PrivateFrameworks/SpeechRecognitionCore.framework/Versions/A/SpeechRecognitionCore
0x0000000106c00000 	/Library/Java/JavaVirtualMachines/jdk1.8.0_40.jdk/Contents/Home/jre/lib/server/libjvm.dylib
0x0000000002606000 	/usr/lib/libstdc++.6.dylib
0x000000010672f000 	/Library/Java/JavaVirtualMachines/jdk1.8.0_40.jdk/Contents/Home/jre/lib/libverify.dylib
0x000000010673d000 	/Library/Java/JavaVirtualMachines/jdk1.8.0_40.jdk/Contents/Home/jre/lib/libjava.dylib
0x000000010677c000 	/Library/Java/JavaVirtualMachines/jdk1.8.0_40.jdk/Contents/Home/jre/lib/libzip.dylib
0x00000001067e2000 	/System/Library/Frameworks/JavaVM.framework/Frameworks/JavaRuntimeSupport.framework/JavaRuntimeSupport
0x000000011aed8000 	/System/Library/Frameworks/JavaVM.framework/Versions/A/Frameworks/JavaNativeFoundation.framework/Versions/A/JavaNativeFoundation
0x000000011aeed000 	/System/Library/Frameworks/JavaVM.framework/Versions/A/JavaVM
0x0000000002606000 	/System/Library/Frameworks/Carbon.framework/Versions/A/Carbon
0x000000011aefa000 	/System/Library/PrivateFrameworks/JavaLaunching.framework/Versions/A/JavaLaunching
0x0000000002606000 	/System/Library/Frameworks/Carbon.framework/Versions/A/Frameworks/CommonPanels.framework/Versions/A/CommonPanels
0x0000000002606000 	/System/Library/Frameworks/Carbon.framework/Versions/A/Frameworks/Help.framework/Versions/A/Help
0x0000000002606000 	/System/Library/Frameworks/Carbon.framework/Versions/A/Frameworks/ImageCapture.framework/Versions/A/ImageCapture
0x0000000002606000 	/System/Library/Frameworks/Carbon.framework/Versions/A/Frameworks/OpenScripting.framework/Versions/A/OpenScripting
0x0000000002606000 	/System/Library/Frameworks/Carbon.framework/Versions/A/Frameworks/Print.framework/Versions/A/Print
0x0000000002606000 	/System/Library/Frameworks/Carbon.framework/Versions/A/Frameworks/SecurityHI.framework/Versions/A/SecurityHI
0x000000011cd28000 	/Library/Java/JavaVirtualMachines/jdk1.8.0_40.jdk/Contents/Home/jre/lib/libawt.dylib
0x000000011cdd0000 	/Library/Java/JavaVirtualMachines/jdk1.8.0_40.jdk/Contents/Home/jre/lib/./libmlib_image.dylib
0x000000011ce9c000 	/Library/Java/JavaVirtualMachines/jdk1.8.0_40.jdk/Contents/Home/jre/lib/libawt_lwawt.dylib
0x000000011cf50000 	/Library/Java/JavaVirtualMachines/jdk1.8.0_40.jdk/Contents/Home/jre/lib/./libosxapp.dylib
0x0000000002606000 	/System/Library/Frameworks/ExceptionHandling.framework/Versions/A/ExceptionHandling
0x0000000002606000 	/System/Library/PrivateFrameworks/CoreServicesInternal.framework/Versions/A/CoreServicesInternal
0x0000000002606000 	/System/Library/PrivateFrameworks/CloudDocs.framework/Versions/A/CloudDocs
0x0000000002606000 	/System/Library/PrivateFrameworks/CoreDuet.framework/Versions/A/CoreDuet
0x0000000002606000 	/System/Library/Frameworks/CloudKit.framework/Versions/A/CloudKit
0x0000000002606000 	/System/Library/PrivateFrameworks/ProtocolBuffer.framework/Versions/A/ProtocolBuffer
0x0000000002606000 	/System/Library/PrivateFrameworks/CoreDuetDaemonProtocol.framework/Versions/A/CoreDuetDaemonProtocol
0x0000000002606000 	/System/Library/PrivateFrameworks/CoreDuetDebugLogging.framework/Versions/A/CoreDuetDebugLogging
0x0000000002606000 	/System/Library/PrivateFrameworks/MMCS.framework/Versions/A/MMCS
0x0000000002606000 	/System/Library/Frameworks/CoreLocation.framework/Versions/A/CoreLocation
0x0000000002606000 	/System/Library/PrivateFrameworks/ProtectedCloudStorage.framework/Versions/A/ProtectedCloudStorage
0x0000000002606000 	/System/Library/PrivateFrameworks/GeoServices.framework/Versions/A/GeoServices
0x0000000002606000 	/System/Library/Frameworks/CoreGraphics.framework/Versions/A/Resources/libCGCMS.A.dylib
0x0000000002606000 	/System/Library/Frameworks/CoreGraphics.framework/Versions/A/Resources/libRIP.A.dylib
0x0000000002606000 	/System/Library/Frameworks/CoreGraphics.framework/Versions/A/Resources/libCGXType.A.dylib
0x0000000002606000 	/System/Library/Frameworks/OpenCL.framework/Versions/A/Libraries/libcldcpuengine.dylib
0x0000000002606000 	/System/Library/PrivateFrameworks/DiskImages.framework/Versions/A/DiskImages
0x0000000002606000 	/System/Library/Frameworks/DiscRecording.framework/Versions/A/DiscRecording
0x0000000002606000 	/usr/lib/libcsfde.dylib
0x0000000002606000 	/usr/lib/libcurl.4.dylib
0x0000000002606000 	/System/Library/PrivateFrameworks/MediaKit.framework/Versions/A/MediaKit
0x0000000002606000 	/usr/lib/libCoreStorage.dylib
0x0000000002606000 	/System/Library/PrivateFrameworks/EFILogin.framework/Versions/A/EFILogin
0x0000000002606000 	/usr/lib/libutil.dylib
0x0000000002606000 	/System/Library/PrivateFrameworks/FindMyDevice.framework/Versions/A/FindMyDevice
0x0000000002606000 	/System/Library/Frameworks/LDAP.framework/Versions/A/LDAP
0x0000000002606000 	/usr/lib/libsasl2.2.dylib
0x0000000002606000 	/System/Library/PrivateFrameworks/CoreDaemon.framework/Versions/B/CoreDaemon
0x0000000002606000 	/usr/lib/libcrypto.0.9.8.dylib
0x0000000002606000 	/System/Library/PrivateFrameworks/AppleSRP.framework/Versions/A/AppleSRP
0x0000000002606000 	/System/Library/PrivateFrameworks/TrustEvaluationAgent.framework/Versions/A/TrustEvaluationAgent
0x000000011fda4000 	cl_kernels
0x000000011fda6000 	/System/Library/Frameworks/OpenCL.framework/Versions/A/Libraries/ImageFormats/unorm8_bgra.dylib
0x000000011fd95000 	cl_kernels
0x0000000002606000 	/System/Library/PrivateFrameworks/FamilyControls.framework/Versions/A/FamilyControls
0x0000000002606000 	/System/Library/PrivateFrameworks/CommerceKit.framework/Versions/A/Frameworks/CommerceCore.framework/Versions/A/CommerceCore
0x0000000002606000 	/System/Library/PrivateFrameworks/SystemAdministration.framework/Versions/A/SystemAdministration
0x0000000002606000 	/System/Library/PrivateFrameworks/AppContainer.framework/Versions/A/AppContainer
0x0000000002606000 	/System/Library/PrivateFrameworks/SecCodeWrapper.framework/Versions/A/SecCodeWrapper
0x0000000002606000 	/System/Library/Frameworks/DirectoryService.framework/Versions/A/DirectoryService
0x0000000002606000 	/System/Library/PrivateFrameworks/LoginUIKit.framework/Versions/A/Frameworks/LoginUICore.framework/Versions/A/LoginUICore
0x0000000002606000 	/usr/lib/libodfde.dylib
0x0000000002606000 	/System/Library/Frameworks/OpenGL.framework/Versions/A/Resources/GLEngine.bundle/GLEngine
0x0000000002606000 	/System/Library/Frameworks/OpenGL.framework/Versions/A/Libraries/libGLProgrammability.dylib
0x0000000000000000 	/System/Library/Extensions/GeForceTeslaGLDriver.bundle/Contents/MacOS/GeForceTeslaGLDriver
0x000000012106c000 	/System/Library/Extensions/GeForceTeslaGLDriver.bundle/Contents/MacOS/libclh.dylib
0x000000011f2d9000 	/System/Library/PrivateFrameworks/GPUSupport.framework/Versions/A/Libraries/libGPUSupport.dylib
0x0000000002606000 	/System/Library/Frameworks/OpenGL.framework/Versions/A/Resources/GLRendererFloat.bundle/GLRendererFloat
0x0000000121f2e000 	/Library/Java/JavaVirtualMachines/jdk1.8.0_40.jdk/Contents/Home/jre/lib/libfontmanager.dylib
0x0000000121f95000 	/Library/Java/JavaVirtualMachines/jdk1.8.0_40.jdk/Contents/Home/jre/lib/libosxui.dylib
0x00000001240fc000 	/Library/Java/JavaVirtualMachines/jdk1.8.0_40.jdk/Contents/Home/jre/lib/libnet.dylib
0x000000012415b000 	/Library/Java/JavaVirtualMachines/jdk1.8.0_40.jdk/Contents/Home/jre/lib/libnio.dylib
0x0000000002606000 	/System/Library/Frameworks/Accelerate.framework/Versions/A/Frameworks/vImage.framework/Versions/A/Libraries/libCGInterfaces.dylib
0x0000000125160000 	/Library/Java/JavaVirtualMachines/jdk1.8.0_40.jdk/Contents/Home/jre/lib/libjpeg.dylib
0x0000000122334000 	/private/var/folders/qb/fyk2pzts049fy26p5l3gqcf40000gn/T/jogamp_0000/file_cache/jln3579427418895702654/jln5887308889012289787/libgluegen-rt.jnilib
0x0000000122386000 	/private/var/folders/qb/fyk2pzts049fy26p5l3gqcf40000gn/T/jogamp_0000/file_cache/jln3579427418895702654/jln5887308889012289787/libnativewindow_awt.jnilib
0x0000000122389000 	/Library/Java/JavaVirtualMachines/jdk1.8.0_40.jdk/Contents/Home/jre/lib/libjawt.dylib
0x00000001237d9000 	/private/var/folders/qb/fyk2pzts049fy26p5l3gqcf40000gn/T/jogamp_0000/file_cache/jln3579427418895702654/jln5887308889012289787/libnativewindow_macosx.jnilib
0x0000000129589000 	/private/var/folders/qb/fyk2pzts049fy26p5l3gqcf40000gn/T/jogamp_0000/file_cache/jln3579427418895702654/jln5887308889012289787/libjogl_desktop.jnilib

VM Arguments:
jvm_args: -Dfile.encoding=UTF-8 
java_command: main.Driver
java_class_path (initial): /Users/Luke/DecorativeMosaic/bin:/Users/Luke/DecorativeMosaic/lib/core.jar:/Users/Luke/DecorativeMosaic/lib/gluegen-rt.jar:/Users/Luke/DecorativeMosaic/lib/jogl-all.jar:/Users/Luke/DecorativeMosaic/lib/jogl-all-natives-macosx-universal.jar:/Applications/eclipse/plugins/org.junit_4.11.0.v201303080030/junit.jar:/Applications/eclipse/plugins/org.hamcrest.core_1.3.0.v201303031735.jar
Launcher Type: SUN_STANDARD

Environment Variables:
PATH=/usr/bin:/bin:/usr/sbin:/sbin
SHELL=/bin/bash

Signal Handlers:
SIGSEGV: [libjvm.dylib+0x58ef95], sa_mask[0]=11111111011111110111111111111111, sa_flags=SA_ONSTACK|SA_RESTART|SA_SIGINFO
SIGBUS: [libjvm.dylib+0x58ef95], sa_mask[0]=11111111011111110111111111111111, sa_flags=SA_RESTART|SA_SIGINFO
SIGFPE: [libjvm.dylib+0x46c118], sa_mask[0]=11111111011111110111111111111111, sa_flags=SA_RESTART|SA_SIGINFO
SIGPIPE: [libjvm.dylib+0x46c118], sa_mask[0]=11111111011111110111111111111111, sa_flags=SA_RESTART|SA_SIGINFO
SIGXFSZ: [libjvm.dylib+0x46c118], sa_mask[0]=11111111011111110111111111111111, sa_flags=SA_RESTART|SA_SIGINFO
SIGILL: [libjvm.dylib+0x46c118], sa_mask[0]=11111111011111110111111111111111, sa_flags=SA_RESTART|SA_SIGINFO
SIGUSR1: SIG_DFL, sa_mask[0]=00000000000000000000000000000000, sa_flags=none
SIGUSR2: [libjvm.dylib+0x46bc36], sa_mask[0]=00100000000000000000000000000000, sa_flags=SA_RESTART|SA_SIGINFO
SIGHUP: [libjvm.dylib+0x46a209], sa_mask[0]=11111111011111110111111111111111, sa_flags=SA_RESTART|SA_SIGINFO
SIGINT: [libjvm.dylib+0x46a209], sa_mask[0]=11111111011111110111111111111111, sa_flags=SA_RESTART|SA_SIGINFO
SIGTERM: [libjvm.dylib+0x46a209], sa_mask[0]=11111111011111110111111111111111, sa_flags=SA_RESTART|SA_SIGINFO
SIGQUIT: [libjvm.dylib+0x46a209], sa_mask[0]=11111111011111110111111111111111, sa_flags=SA_RESTART|SA_SIGINFO


---------------  S Y S T E M  ---------------

OS:Bsduname:Darwin 14.4.0 Darwin Kernel Version 14.4.0: Thu May 28 11:35:04 PDT 2015; root:xnu-2782.30.5~1/RELEASE_X86_64 x86_64
rlimit: STACK 8192k, CORE 0k, NPROC 709, NOFILE 10240, AS infinity
load average:1.87 1.76 1.78

CPU:total 2 (2 cores per cpu, 1 threads per core) family 6 model 23 stepping 10, cmov, cx8, fxsr, mmx, sse, sse2, sse3, ssse3, sse4.1, tsc

Memory: 4k page, physical 4194304k(17440k free)

/proc/meminfo:


vm_info: Java HotSpot(TM) 64-Bit Server VM (25.40-b25) for bsd-amd64 JRE (1.8.0_40-b27), built on Mar 13 2015 04:46:52 by "java_re" with gcc 4.2.1 (Based on Apple Inc. build 5658) (LLVM build 2336.11.00)

time: Mon Sep 21 16:58:16 2015
elapsed time: 31 seconds (0d 0h 0m 31s)

